        -:    0:Source:/Users/martinacuna/Documents/Facultad/Algoritmos/TPI/algoI_tp2/auxiliares.cpp
        -:    0:Graph:/Users/martinacuna/Documents/Facultad/Algoritmos/TPI/algoI_tp2/cmake-build-debug/CMakeFiles/tpi.dir/auxiliares.gcno
        -:    0:Data:/Users/martinacuna/Documents/Facultad/Algoritmos/TPI/algoI_tp2/cmake-build-debug/CMakeFiles/tpi.dir/auxiliares.gcda
        -:    0:Runs:1
        -:    0:Programs:1
        -:    1:#include "definiciones.h"
        -:    2:#include "auxiliares.h"
        -:    3:#include "gtest/gtest.h"
        -:    4:#include "ejercicios.h"
        -:    5:#include <math.h>
        -:    6:
        -:    7:// Auxiliares ejercicio 1
        -:    8:
        -:    9:int cantIndividuosQueTrabajan(eph_h vector1, eph_i vector2);
        -:   10:
        -:   11:bool trabaja(individuo vector1);
        -:   12:
        -:   13:bool individuoEnHogarValido(individuo vector1, eph_h vector2);
        -:   14:
        -:   15:bool realizaSusTareasEnEsteHogar(individuo vector1);
        -:   16:
        -:   17:bool suHogarTieneEspaciosReservadorParaElTrabajo(individuo vector1, eph_h vector2);
        -:   18:
        -:   19:bool esDeCiudadGrande(individuo vector1, eph_h vector2);
        -:   20:
        -:   21:bool suHogarEsCasaODepartamento(individuo vector1, eph_h vector2);
        -:   22:
function _Z5vaciaNSt3__16vectorINS0_IiNS_9allocatorIiEEEENS1_IS3_EEEE called 102 returned 100% blocks executed 100%
      102:   23:bool vacia (vector<vector<dato>> s) {
      102:   24:return s.size()==0;
      102:   24-block  0
        -:   25:}
        -:   26:
function _Z8esMatrizNSt3__16vectorINS0_IiNS_9allocatorIiEEEENS1_IS3_EEEE called 97 returned 100% blocks executed 100%
       97:   27:bool esMatriz( vector<vector<dato>> m) {
     1461:   28:    for(int j = 1; j<m.size();  j++) {
       97:   28-block  0
     1461:   28-block  1
branch  0 taken 1365
branch  1 taken 96
     1364:   28-block  2
     1365:   29:        if (m[0].size() != m[j].size()) {
     1365:   29-block  0
branch  0 taken 1
branch  1 taken 1364
        1:   30:            return false;
        1:   30-block  0
        -:   31:        }
     1364:   32:    }
     1364:   32-block  0
       96:   33:    return true;
       96:   33-block  0
       97:   34:}
       97:   34-block  0
        -:   35:
function _Z16individuoEnTablaNSt3__16vectorIiNS_9allocatorIiEEEENS0_IS3_NS1_IS3_EEEE called 0 returned 0% blocks executed 0%
    #####:   36:bool individuoEnTabla (individuo ind, eph_i ti) {
    #####:   37:    for (int i = 0; i < ti.size(); i++) {
    $$$$$:   37-block  0
    $$$$$:   37-block  1
branch  0 never executed
branch  1 never executed
    $$$$$:   37-block  2
    #####:   38:        if (ti[i] == ind)
    $$$$$:   38-block  0
branch  0 never executed
branch  1 never executed
    #####:   39:            return true;
    $$$$$:   39-block  0
    #####:   40:    }
    $$$$$:   40-block  0
    #####:   41:    return false;
    $$$$$:   41-block  0
    #####:   42:}
    $$$$$:   42-block  0
        -:   43:
function _Z27cantidadCorrectaDeColumnasINSt3__16vectorINS0_IiNS_9allocatorIiEEEENS1_IS3_EEEE called 48 returned 100% blocks executed 87%
       48:   44:bool cantidadCorrectaDeColumnasI( eph_i ti) {
     1132:   45:    for (int i = 0; i<ti.size(); i++) {
       48:   45-block  0
     1132:   45-block  1
branch  0 taken 1084
branch  1 taken 48
     1084:   45-block  2
     1084:   46:        if (ti[i].size() != 11)
     1084:   46-block  0
branch  0 taken 0
branch  1 taken 1084
    #####:   47:            return false;
    $$$$$:   47-block  0
     1084:   48:    }
     1084:   48-block  0
       48:   49:    return true;
       48:   49-block  0
       48:   50:}
       48:   50-block  0
        -:   51:
function _Z27cantidadCorrectaDeColumnasHNSt3__16vectorINS0_IiNS_9allocatorIiEEEENS1_IS3_EEEE called 48 returned 100% blocks executed 100%
       48:   52:bool cantidadCorrectaDeColumnasH (eph_h th) {
      423:   53:    for (int i = 0; i<th.size(); i++) {
       48:   53-block  0
      423:   53-block  1
branch  0 taken 376
branch  1 taken 47
      375:   53-block  2
      376:   54:        if ( th[i].size() != 12)
      376:   54-block  0
branch  0 taken 1
branch  1 taken 375
        1:   55:            return false;
        1:   55-block  0
      375:   56:    }
      375:   56-block  0
       47:   57:    return true;
       47:   57-block  0
       48:   58:}
       48:   58-block  0
        -:   59:
function _Z17hayHogarConCodigoNSt3__16vectorINS0_IiNS_9allocatorIiEEEENS1_IS3_EEEEi called 1081 returned 100% blocks executed 100%
     1081:   60:bool hayHogarConCodigo (eph_h th, int c) {
    31751:   61:    for (int h = 0; h < th.size(); h++) {
     1081:   61-block  0
    31751:   61-block  1
branch  0 taken 31750
branch  1 taken 1
    30670:   61-block  2
    31750:   62:        if ( th[h][ItemHogar::HOGCODUSU] == c )
    31750:   62-block  0
branch  0 taken 1080
branch  1 taken 30670
     1080:   63:            return true;
     1080:   63-block  0
    30670:   64:    }
    30670:   64-block  0
        1:   65:    return false;
        1:   65-block  0
     1081:   66:}
     1081:   66-block  0
        -:   67:
function _Z23hayIndividuosSinHogaresNSt3__16vectorINS0_IiNS_9allocatorIiEEEENS1_IS3_EEEES5_ called 47 returned 100% blocks executed 100%
       47:   68:bool hayIndividuosSinHogares (eph_i ti, eph_h th) {
     1127:   69:    for (int i = 0; i<ti.size(); i++) {
       47:   69-block  0
     1127:   69-block  1
branch  0 taken 1081
branch  1 taken 46
     1080:   69-block  2
     1081:   70:        if (!hayHogarConCodigo(th, ti[i][ItemInd::INDCODUSU]))
     1081:   70-block  0
branch  0 taken 1
branch  1 taken 1080
        1:   71:            return true;
        1:   71-block  0
     1080:   72:    }
     1080:   72-block  0
       46:   73:    return false;
       46:   73-block  0
       47:   74:}
       47:   74-block  0
        -:   75:
function _Z21hayIndividuoConCodigoNSt3__16vectorINS0_IiNS_9allocatorIiEEEENS1_IS3_EEEEi called 373 returned 100% blocks executed 87%
      373:   76:bool hayIndividuoConCodigo (eph_i ti, int c) {
    31543:   77:    for (int i = 0; i<ti.size(); i++) {
      373:   77-block  0
    31543:   77-block  1
branch  0 taken 31543
branch  1 taken 0
    31170:   77-block  2
    31543:   78:        if (ti[i][ItemInd::INDCODUSU] == c)
    31543:   78-block  0
branch  0 taken 373
branch  1 taken 31170
      373:   79:            return true;
      373:   79-block  0
    31170:   80:    }
    31170:   80-block  0
    #####:   81:    return false;
    $$$$$:   81-block  0
      373:   82:}
      373:   82-block  0
        -:   83:
function _Z23hayHogaresSinIndividuosNSt3__16vectorINS0_IiNS_9allocatorIiEEEENS1_IS3_EEEES5_ called 46 returned 100% blocks executed 87%
       46:   84:bool hayHogaresSinIndividuos (eph_i ti, eph_h th) {
      419:   85:    for (int h = 0; h < th.size(); h++ ) {
       46:   85-block  0
      419:   85-block  1
branch  0 taken 373
branch  1 taken 46
      373:   85-block  2
      373:   86:        if (!hayIndividuoConCodigo(ti, th[h][ItemHogar::HOGCODUSU]))
      373:   86-block  0
branch  0 taken 0
branch  1 taken 373
    #####:   87:            return true;
    $$$$$:   87-block  0
      373:   88:    }
      373:   88-block  0
       46:   89:    return false;
       46:   89-block  0
       46:   90:}
       46:   90-block  0
        -:   91:
function _Z22mismoCodusuYComponenteNSt3__16vectorIiNS_9allocatorIiEEEES3_ called 94935 returned 100% blocks executed 100%
    94935:   92:bool mismoCodusuYComponente (individuo i1, individuo i2) {
    94935:   93:    return (i1[ItemInd::INDCODUSU] == i2[ItemInd::INDCODUSU]) && (i1[ItemInd::COMPONENTE] == i2[ItemInd::COMPONENTE]);
    94935:   93-block  0
branch  0 taken 92991
branch  1 taken 1944
     1944:   93-block  1
    94935:   93-block  2
        -:   94:}
        -:   95:
function _Z13hayRepetidosINSt3__16vectorINS0_IiNS_9allocatorIiEEEENS1_IS3_EEEE called 46 returned 100% blocks executed 88%
       46:   96:bool hayRepetidosI (eph_i ti) {
     1122:   97:    for (int n1 = 0; n1 < ti.size(); n1++) {
       46:   97-block  0
     1122:   97-block  1
branch  0 taken 1077
branch  1 taken 45
     1076:   97-block  2
    96011:   98:        for (int n2 = 0; n2<ti.size() && n2 != n1; n2++ ) {
     1077:   98-block  0
    96011:   98-block  1
branch  0 taken 0
branch  1 taken 96011
    96011:   98-block  2
    96011:   98-block  3
branch  2 taken 94935
branch  3 taken 1076
    94934:   98-block  4
    94935:   99:            if (mismoCodusuYComponente(ti[n1], ti[n2]))
    94935:   99-block  0
branch  0 taken 94935
branch  1 taken 0
    94935:   99-block  1
branch  2 taken 1
branch  3 taken 94934
    $$$$$:   99-block  2
    $$$$$:   99-block  3
        1:  100:                return true;
        1:  100-block  0
    94934:  101:        }
    94934:  101-block  0
     1076:  102:    }
     1076:  102-block  0
       45:  103:    return false;
       45:  103-block  0
       46:  104:}
       46:  104-block  0
        -:  105:
function _Z13hayRepetidosHNSt3__16vectorINS0_IiNS_9allocatorIiEEEENS1_IS3_EEEE called 45 returned 100% blocks executed 100%
       45:  106:bool hayRepetidosH (eph_h th) {
      412:  107:    for (int n1 = 0; n1 < th.size(); n1++) {
       45:  107-block  0
      412:  107-block  1
branch  0 taken 44
branch  1 taken 368
      367:  107-block  2
    10607:  108:        for (int n2 = 0; n2<th.size() && n2 != n1; n2++ ) {
      368:  108-block  0
    10607:  108-block  1
branch  0 taken 0
branch  1 taken 10607
    10607:  108-block  2
    10607:  108-block  3
branch  2 taken 10240
branch  3 taken 367
    10239:  108-block  4
    10240:  109:            if (th[n1][ItemHogar::HOGCODUSU] == th[n2][ItemHogar::HOGCODUSU])
    10240:  109-block  0
branch  0 taken 1
branch  1 taken 10239
        1:  110:                return true;
        1:  110-block  0
    10239:  111:        }
    10239:  111-block  0
      367:  112:    }
      367:  112-block  0
       44:  113:    return false;
       44:  113-block  0
       45:  114:}
       45:  114-block  0
        -:  115:
function _Z4anioNSt3__16vectorINS0_IiNS_9allocatorIiEEEENS1_IS3_EEEE called 1423 returned 100% blocks executed 100%
     1423:  116:int anio(eph_h th) {
     1423:  117:    return th[0][ItemHogar::HOGANIO];
     1423:  117-block  0
        -:  118:}
        -:  119:
function _Z9trimestreNSt3__16vectorINS0_IiNS_9allocatorIiEEEENS1_IS3_EEEE called 1421 returned 100% blocks executed 100%
     1421:  120:int trimestre(eph_h th) {
     1421:  121:    return th[0][ItemHogar::HOGTRIMESTRE];
     1421:  121-block  0
        -:  122:}
        -:  123:
function _Z19mismoAnioYTrimestreNSt3__16vectorINS0_IiNS_9allocatorIiEEEENS1_IS3_EEEES5_ called 44 returned 100% blocks executed 88%
       44:  124:bool mismoAnioYTrimestre (eph_i ti, eph_h th) {
     1106:  125:    for (int i = 0; i<ti.size(); i++) {
       44:  125-block  0
     1106:  125-block  1
branch  0 taken 1064
branch  1 taken 42
     1062:  125-block  2
     1064:  126:        if ((ti[i][ItemInd::INDANIO] != anio(th)) || (ti[i][ItemInd::INDTRIMESTRE] != trimestre(th)))
     1064:  126-block  0
branch  0 taken 1
branch  1 taken 1063
     1063:  126-block  1
branch  2 taken 1063
branch  3 taken 0
     1063:  126-block  2
     1064:  126-block  3
branch  4 taken 1
branch  5 taken 1063
     1063:  126-block  4
     1064:  126-block  5
branch  6 taken 1062
branch  7 taken 2
    $$$$$:  126-block  6
    $$$$$:  126-block  7
        2:  127:            return false;
        2:  127-block  0
     1062:  128:    }
     1062:  128-block  0
      399:  129:    for (int h = 0; h < th.size(); h++) {
       42:  129-block  0
      399:  129-block  1
branch  0 taken 359
branch  1 taken 40
      357:  129-block  2
      359:  130:        if ((th[h][ItemHogar::HOGANIO] != anio(th)) || (th[h][ItemHogar::HOGTRIMESTRE] != trimestre(th)))
      359:  130-block  0
branch  0 taken 1
branch  1 taken 358
      358:  130-block  1
branch  2 taken 358
branch  3 taken 0
      358:  130-block  2
      359:  130-block  3
branch  4 taken 1
branch  5 taken 358
      358:  130-block  4
      359:  130-block  5
branch  6 taken 357
branch  7 taken 2
    $$$$$:  130-block  6
        2:  131:            return false;
        2:  131-block  0
      357:  132:    }
      357:  132-block  0
       40:  133:    return true;
       40:  133-block  0
       44:  134:}
       44:  134-block  0
        -:  135:
function _Z9esSuHogarNSt3__16vectorIiNS_9allocatorIiEEEES3_ called 5356201 returned 100% blocks executed 100%
  5356201:  136:bool esSuHogar(hogar h, individuo i){
  5356201:  137:    return h[ItemHogar::HOGCODUSU] == i[ItemInd::INDCODUSU];
  5356201:  137-block  0
        -:  138:}
        -:  139:
function _Z14cantHabitantesNSt3__16vectorIiNS_9allocatorIiEEEENS0_IS3_NS1_IS3_EEEE called 367 returned 100% blocks executed 80%
      367:  140:int cantHabitantes (hogar h, eph_i ti) {
      367:  141:    int suma = 0;
    63414:  142:    for (int k= 0; k < ti.size(); k++) {
      367:  142-block  0
    63414:  142-block  1
branch  0 taken 63047
branch  1 taken 367
    63047:  142-block  2
    63047:  143:        if (esSuHogar(h, ti[k]))
    63047:  143-block  0
branch  0 taken 63047
branch  1 taken 0
    63047:  143-block  1
branch  2 taken 61939
branch  3 taken 1108
    $$$$$:  143-block  2
    $$$$$:  143-block  3
     1108:  144:            suma++;
     1108:  144-block  0
    63047:  145:    }
    63047:  145-block  0
      367:  146:    return suma;
      367:  146-block  0
    #####:  147:}
        -:  148:
function _Z25menosDe21MiembrosPorHogarNSt3__16vectorINS0_IiNS_9allocatorIiEEEENS1_IS3_EEEES5_ called 40 returned 100% blocks executed 64%
       40:  149:bool menosDe21MiembrosPorHogar (eph_h th, eph_i ti) {
      394:  150:    for (int i = 0; i<th.size(); i++) {
       40:  150-block  0
      394:  150-block  1
branch  0 taken 354
branch  1 taken 40
      354:  150-block  2
      354:  151:        if (cantHabitantes(th[i], ti) >= 21)
      354:  151-block  0
branch  0 taken 354
branch  1 taken 0
      354:  151-block  1
branch  2 taken 354
branch  3 taken 0
      354:  151-block  2
branch  4 taken 354
branch  5 taken 0
    $$$$$:  151-block  3
    $$$$$:  151-block  4
    $$$$$:  151-block  5
    #####:  152:            return false;
    $$$$$:  152-block  0
      354:  153:    }
      354:  153-block  0
       40:  154:    return true;
       40:  154-block  0
       40:  155:}
    $$$$$:  155-block  0
       40:  155-block  1
        -:  156:
function _Z25cantidadValidaDormitoriosNSt3__16vectorINS0_IiNS_9allocatorIiEEEENS1_IS3_EEEE called 40 returned 100% blocks executed 87%
       40:  157:bool cantidadValidaDormitorios (eph_h th) {
      394:  158:    for (int h = 0; h<th.size(); h++) {
       40:  158-block  0
      394:  158-block  1
branch  0 taken 354
branch  1 taken 40
      354:  158-block  2
      354:  159:        if (th[h][ItemHogar::IV2] < th[h][ItemHogar::II2])
      354:  159-block  0
branch  0 taken 0
branch  1 taken 354
    #####:  160:            return false;
    $$$$$:  160-block  0
      354:  161:    }
      354:  161-block  0
       40:  162:    return true;
       40:  162-block  0
       40:  163:}
       40:  163-block  0
        -:  164:
function _Z15individuoValidoNSt3__16vectorIiNS_9allocatorIiEEEE called 1132 returned 92% blocks executed 91%
     1132:  165:bool individuoValido (individuo i) {
     2179:  166:    if (i[ItemInd::INDCODUSU]>0 && i[ItemInd::COMPONENTE]>0 && i[ItemInd::INDTRIMESTRE]>0 && i[ItemInd::INDTRIMESTRE]<=4 && i[ItemInd::CH4]>0 &&
     1132:  166-block  0
branch  0 taken 1048
branch  1 taken 84
     1048:  166-block  1
branch  2 taken 1048
branch  3 taken 0
     1048:  166-block  2
branch  4 taken 1047
branch  5 taken 1
     1047:  166-block  3
branch  6 taken 1047
branch  7 taken 0
     1047:  166-block  4
branch  8 taken 1047
branch  9 taken 0
     1047:  166-block  5
branch 10 taken 1047
branch 11 taken 0
     1047:  167:        i[ItemInd::CH4]<=4 &&i[ItemInd::CH6]>=0 && i[ItemInd::CH6]>=0 && (i[ItemInd::NIVEL_ED]==0 || i[ItemInd::NIVEL_ED]==1) &&
     1047:  167-block  0
branch  0 taken 1047
branch  1 taken 0
     1047:  167-block  1
branch  2 taken 1047
branch  3 taken 0
     1047:  167-block  2
branch  4 taken 1047
branch  5 taken 0
     1047:  167-block  3
branch  6 taken 187
branch  7 taken 860
      187:  167-block  4
    $$$$$:  167-block  5
     1047:  168:        i[ItemInd::ESTADO]>=-1 && i[ItemInd::ESTADO]<=1 && i[ItemInd::CAT_OCUP]>=0 && i[ItemInd::CAT_OCUP]<=4 && (i[ItemInd::p47T]>=0 || i[ItemInd::p47T]==-1)
     1047:  168-block  0
branch  0 taken 1047
branch  1 taken 0
     1047:  168-block  1
branch  2 taken 1047
branch  3 taken 0
     1047:  168-block  2
branch  4 taken 1047
branch  5 taken 0
     1047:  168-block  3
branch  6 taken 1047
branch  7 taken 0
     1047:  168-block  4
branch  8 taken 42
branch  9 taken 1005
     1047:  169:        && i[ItemInd::PP04G]>=0 && i[ItemInd::PP04G]<=10 )
       42:  169-block  0
    $$$$$:  169-block  1
     1089:  169-block  2
branch  0 taken 1047
branch  1 taken 42
     1047:  170:        return true;
     1047:  170-block  0
        -:  171:    else
      169:  172:        return false;
        1:  172-block  0
     1048:  173:}
     1048:  173-block  0
        -:  174:
function _Z15valoresEnRangoINSt3__16vectorINS0_IiNS_9allocatorIiEEEENS1_IS3_EEEE called 40 returned 100% blocks executed 100%
       40:  175:bool valoresEnRangoI(eph_i ti) {
     1087:  176:    for (int i = 0; i<ti.size(); i++) {
       40:  176-block  0
     1087:  176-block  1
branch  0 taken 1048
branch  1 taken 39
     1047:  176-block  2
     1048:  177:        if (!individuoValido(ti[i]))
     1048:  177-block  0
branch  0 taken 1
branch  1 taken 1047
        1:  178:            return false;
        1:  178-block  0
     1047:  179:    }
     1047:  179-block  0
       39:  180:    return true;
       39:  180-block  0
       40:  181:}
       40:  181-block  0
        -:  182:
function _Z17valorRegionValidoi called 353 returned 100% blocks executed 100%
      353:  183:bool valorRegionValido(int r) {
      353:  184:    return (r==1) || (40<=r && r<=44);
      353:  184-block  0
branch  0 taken 56
branch  1 taken 297
      297:  184-block  1
branch  2 taken 0
branch  3 taken 297
      297:  184-block  2
      297:  184-block  3
      353:  184-block  4
        -:  185:}
        -:  186:
function _Z11hogarValidoNSt3__16vectorIiNS_9allocatorIiEEEE called 353 returned 100% blocks executed 88%
      353:  187:bool hogarValido(hogar h) {
      642:  188:    if (h[ItemHogar::HOGCODUSU]>0 && h[ItemHogar::HOGTRIMESTRE]>0 && h[ItemHogar::HOGTRIMESTRE]<=4 && h[ItemHogar::II7]>0 && h[ItemHogar::II7]<=3 &&
      353:  188-block  0
branch  0 taken 353
branch  1 taken 0
      353:  188-block  1
branch  2 taken 353
branch  3 taken 0
      353:  188-block  2
branch  4 taken 353
branch  5 taken 0
      353:  188-block  3
branch  6 taken 353
branch  7 taken 0
      353:  188-block  4
branch  8 taken 353
branch  9 taken 0
      289:  188-block  5
branch 10 taken 289
branch 11 taken 0
      353:  189:        valorRegionValido(h[ItemHogar::REGION]) && (h[ItemHogar::MAS_500]==0 || h[ItemHogar::MAS_500]==1) && h[ItemHogar::IV1]>0 && h[ItemHogar::IV1]<=5 &&
      353:  189-block  0
branch  0 taken 353
branch  1 taken 0
      353:  189-block  1
branch  2 taken 147
branch  3 taken 206
      147:  189-block  2
branch  4 taken 147
branch  5 taken 0
      353:  189-block  3
    $$$$$:  189-block  4
      353:  189-block  5
branch  6 taken 353
branch  7 taken 0
      353:  190:        h[ItemHogar::IV2]>0 && h[ItemHogar::II2]>=1 && (h[ItemHogar::II3]==1 || h[ItemHogar::II3]==2))
      353:  190-block  0
branch  0 taken 353
branch  1 taken 0
      353:  190-block  1
branch  2 taken 353
branch  3 taken 0
      353:  190-block  2
branch  4 taken 289
branch  5 taken 64
      353:  191:        return true;
      353:  191-block  0
        -:  192:    else
    #####:  193:        return false;
    $$$$$:  193-block  0
      353:  194:}
      353:  194-block  0
        -:  195:
function _Z15valoresEnRangoHNSt3__16vectorINS0_IiNS_9allocatorIiEEEENS1_IS3_EEEE called 39 returned 100% blocks executed 87%
       39:  196:bool valoresEnRangoH (eph_h th) {
      392:  197:    for (int h = 0; h<th.size(); h++) {
       39:  197-block  0
      392:  197-block  1
branch  0 taken 353
branch  1 taken 39
      353:  197-block  2
      353:  198:        if (!hogarValido(th[h]))
      353:  198-block  0
branch  0 taken 0
branch  1 taken 353
    #####:  199:            return false;
    $$$$$:  199-block  0
      353:  200:    }
      353:  200-block  0
       39:  201:    return true;
       39:  201-block  0
       39:  202:}
       39:  202-block  0
        -:  203:
function _Z8esValidaNSt3__16vectorINS0_IiNS_9allocatorIiEEEENS1_IS3_EEEES5_ called 52 returned 100% blocks executed 51%
       52:  204:bool esValida(eph_h th, eph_i ti) {
      100:  205:    if (!vacia(ti) && !vacia(th) && esMatriz(ti) && esMatriz(th) && cantidadCorrectaDeColumnasI(ti) &&
       52:  205-block  0
branch  0 taken 2
branch  1 taken 50
       50:  205-block  1
branch  2 taken 50
branch  3 taken 0
       50:  205-block  2
branch  4 taken 1
branch  5 taken 49
       49:  205-block  3
branch  6 taken 49
branch  7 taken 0
       49:  205-block  4
branch  8 taken 1
branch  9 taken 48
       48:  205-block  5
branch 10 taken 48
branch 11 taken 0
       48:  205-block  6
branch 12 taken 0
branch 13 taken 48
       48:  205-block  7
branch 14 taken 48
branch 15 taken 0
       48:  205-block  8
branch 16 taken 0
branch 17 taken 48
       52:  205-block  9
branch 18 taken 13
branch 19 taken 39
       39:  205-block 10
       52:  205-block 11
branch 20 taken 12
branch 21 taken 40
       40:  205-block 12
       52:  205-block 13
branch 22 taken 12
branch 23 taken 40
       40:  205-block 14
       52:  205-block 15
branch 24 taken 12
branch 25 taken 40
       40:  205-block 16
       52:  205-block 17
branch 26 taken 12
branch 27 taken 40
       40:  205-block 18
       52:  205-block 19
branch 28 taken 8
branch 29 taken 44
       44:  205-block 20
       52:  205-block 21
branch 30 taken 8
branch 31 taken 44
       44:  205-block 22
       52:  205-block 23
branch 32 taken 7
branch 33 taken 45
       45:  205-block 24
       52:  205-block 25
branch 34 taken 6
branch 35 taken 46
       46:  205-block 26
       52:  205-block 27
branch 36 taken 6
branch 37 taken 46
       46:  205-block 28
       52:  205-block 29
branch 38 taken 6
branch 39 taken 46
       46:  205-block 30
       52:  205-block 31
branch 40 taken 5
branch 41 taken 47
       47:  205-block 32
       52:  205-block 33
branch 42 taken 5
branch 43 taken 47
       47:  205-block 34
       52:  205-block 35
branch 44 taken 4
branch 45 taken 48
       48:  205-block 36
       52:  205-block 37
branch 46 taken 4
branch 47 taken 48
       48:  205-block 38
       52:  205-block 39
branch 48 taken 4
branch 49 taken 48
       48:  205-block 40
       52:  205-block 41
branch 50 taken 3
branch 51 taken 49
       49:  205-block 42
       52:  205-block 43
branch 52 taken 2
branch 53 taken 50
       50:  205-block 44
       52:  205-block 45
branch 54 taken 39
branch 55 taken 13
    $$$$$:  205-block 46
branch 56 never executed
branch 57 never executed
    $$$$$:  205-block 47
    $$$$$:  205-block 48
    $$$$$:  205-block 49
branch 58 never executed
branch 59 never executed
    $$$$$:  205-block 50
    $$$$$:  205-block 51
    $$$$$:  205-block 52
branch 60 never executed
branch 61 never executed
    $$$$$:  205-block 53
    $$$$$:  205-block 54
    $$$$$:  205-block 55
branch 62 never executed
branch 63 never executed
    $$$$$:  205-block 56
    $$$$$:  205-block 57
    $$$$$:  205-block 58
branch 64 never executed
branch 65 never executed
    $$$$$:  205-block 59
    $$$$$:  205-block 60
    $$$$$:  205-block 61
branch 66 never executed
branch 67 never executed
    $$$$$:  205-block 62
    $$$$$:  205-block 63
    $$$$$:  205-block 64
branch 68 never executed
branch 69 never executed
    $$$$$:  205-block 65
    $$$$$:  205-block 66
    $$$$$:  205-block 67
branch 70 never executed
branch 71 never executed
    $$$$$:  205-block 68
    $$$$$:  205-block 69
    $$$$$:  205-block 70
branch 72 never executed
branch 73 never executed
    $$$$$:  205-block 71
    $$$$$:  205-block 72
    $$$$$:  205-block 73
branch 74 never executed
branch 75 never executed
    $$$$$:  205-block 74
    $$$$$:  205-block 75
    $$$$$:  205-block 76
branch 76 never executed
branch 77 never executed
    $$$$$:  205-block 77
    $$$$$:  205-block 78
    $$$$$:  205-block 79
branch 78 never executed
branch 79 never executed
    $$$$$:  205-block 80
    $$$$$:  205-block 81
    $$$$$:  205-block 82
branch 80 never executed
branch 81 never executed
    $$$$$:  205-block 83
    $$$$$:  205-block 84
    $$$$$:  205-block 85
branch 82 never executed
branch 83 never executed
    $$$$$:  205-block 86
    $$$$$:  205-block 87
    $$$$$:  205-block 88
branch 84 never executed
branch 85 never executed
    $$$$$:  205-block 89
    $$$$$:  205-block 90
    $$$$$:  205-block 91
branch 86 never executed
branch 87 never executed
    $$$$$:  205-block 92
    $$$$$:  205-block 93
    $$$$$:  205-block 94
branch 88 never executed
branch 89 never executed
    $$$$$:  205-block 95
    $$$$$:  205-block 96
    $$$$$:  205-block 97
branch 90 never executed
branch 91 never executed
    $$$$$:  205-block 98
    $$$$$:  205-block 99
    $$$$$:  205-block 100
    $$$$$:  205-block 101
       48:  206:        cantidadCorrectaDeColumnasH(th) && !hayIndividuosSinHogares(ti, th) && !hayHogaresSinIndividuos(ti, th) &&
       48:  206-block  0
branch  0 taken 48
branch  1 taken 0
       48:  206-block  1
branch  2 taken 1
branch  3 taken 47
       47:  206-block  2
branch  4 taken 47
branch  5 taken 0
       47:  206-block  3
branch  6 taken 47
branch  7 taken 0
       47:  206-block  4
branch  8 taken 47
branch  9 taken 0
       47:  206-block  5
branch 10 taken 46
branch 11 taken 1
       46:  206-block  6
branch 12 taken 46
branch 13 taken 0
       46:  206-block  7
branch 14 taken 46
branch 15 taken 0
       46:  206-block  8
branch 16 taken 46
branch 17 taken 0
       46:  206-block  9
branch 18 taken 46
branch 19 taken 0
       46:  207:        !hayRepetidosI(ti) && !hayRepetidosH(th) && mismoAnioYTrimestre(ti, th) && menosDe21MiembrosPorHogar(th, ti) &&
       46:  207-block  0
branch  0 taken 46
branch  1 taken 0
       46:  207-block  1
branch  2 taken 46
branch  3 taken 0
       46:  207-block  2
branch  4 taken 45
branch  5 taken 1
       45:  207-block  3
branch  6 taken 45
branch  7 taken 0
       45:  207-block  4
branch  8 taken 1
branch  9 taken 44
       44:  207-block  5
branch 10 taken 44
branch 11 taken 0
       44:  207-block  6
branch 12 taken 44
branch 13 taken 0
       44:  207-block  7
branch 14 taken 44
branch 15 taken 0
       44:  207-block  8
branch 16 taken 40
branch 17 taken 4
       40:  207-block  9
branch 18 taken 40
branch 19 taken 0
       40:  207-block 10
branch 20 taken 40
branch 21 taken 0
       40:  207-block 11
branch 22 taken 40
branch 23 taken 0
       40:  207-block 12
branch 24 taken 40
branch 25 taken 0
       40:  208:        cantidadValidaDormitorios(th) && valoresEnRangoI(ti) && valoresEnRangoH(th))
       40:  208-block  0
branch  0 taken 40
branch  1 taken 0
       40:  208-block  1
branch  2 taken 0
branch  3 taken 40
       40:  208-block  2
branch  4 taken 40
branch  5 taken 0
       40:  208-block  3
branch  6 taken 40
branch  7 taken 0
       40:  208-block  4
branch  8 taken 39
branch  9 taken 1
       39:  208-block  5
branch 10 taken 39
branch 11 taken 0
       39:  208-block  6
branch 12 taken 39
branch 13 taken 0
       39:  209:        return true;
       39:  209-block  0
        -:  210:    else
       13:  211:        return false;
       13:  211-block  0
       52:  212:}
    $$$$$:  212-block  0
    $$$$$:  212-block  1
    $$$$$:  212-block  2
    $$$$$:  212-block  3
    $$$$$:  212-block  4
    $$$$$:  212-block  5
    $$$$$:  212-block  6
    $$$$$:  212-block  7
    $$$$$:  212-block  8
    $$$$$:  212-block  9
    $$$$$:  212-block 10
    $$$$$:  212-block 11
    $$$$$:  212-block 12
    $$$$$:  212-block 13
    $$$$$:  212-block 14
    $$$$$:  212-block 15
    $$$$$:  212-block 16
    $$$$$:  212-block 17
       52:  212-block 18
        -:  213:
        -:  214:// Auxiliares ejercicio 2
function _Z6esCasaNSt3__16vectorIiNS_9allocatorIiEEEE called 1736 returned 100% blocks executed 100%
     1736:  215:bool esCasa(hogar h){
     1736:  216:    return h[ItemHogar::IV1]==1;
     1736:  216-block  0
        -:  217:}
        -:  218:
function _Z27cantHogaresConNHabitacionesNSt3__16vectorINS0_IiNS_9allocatorIiEEEENS1_IS3_EEEEii called 20 returned 100% blocks executed 100%
       20:  219:int cantHogaresConNHabitaciones(eph_h th, int region, int habitaciones){
       20:  220:    int res=0;
       20:  221:    int thSize=th.size();
        -:  222:
     1648:  223:    for(int i=0;i<thSize;i++){
       20:  223-block  0
     1648:  223-block  1
branch  0 taken 1628
branch  1 taken 20
     1628:  223-block  2
     1628:  224:        if(esCasa(th[i]) && th[i][ItemHogar::IV2]==habitaciones && th[i][ItemHogar::REGION] == region){
     1628:  224-block  0
branch  0 taken 1500
branch  1 taken 128
     1500:  224-block  1
branch  2 taken 1230
branch  3 taken 270
      270:  224-block  2
     1628:  224-block  3
branch  4 taken 1571
branch  5 taken 57
       57:  225:            res++;
       57:  226:        }
       57:  226-block  0
     1628:  227:    }
     1628:  227-block  0
        -:  228:
       20:  229:    return res;
       20:  229-block  0
        -:  230:}
        -:  231:
function _Z36maximaCantidadDeHabitacionesEnRegionNSt3__16vectorINS0_IiNS_9allocatorIiEEEENS1_IS3_EEEEi called 24 returned 100% blocks executed 100%
       24:  232:int maximaCantidadDeHabitacionesEnRegion(eph_h th, int region){
       24:  233:    int thSize=th.size();
       24:  234:    int res=0;
        -:  235:
     1959:  236:    for(int i=0;i<thSize;i++){
       24:  236-block  0
     1959:  236-block  1
branch  0 taken 1935
branch  1 taken 24
     1935:  236-block  2
     1935:  237:        if(th[i][ItemHogar::REGION] == region && th[i][ItemHogar::IV2] > res){
     1935:  237-block  0
branch  0 taken 378
branch  1 taken 1557
      378:  237-block  1
branch  2 taken 329
branch  3 taken 49
       49:  238:            res = th[i][ItemHogar::IV2];
       49:  239:        }
       49:  239-block  0
     1935:  240:    }
     1935:  240-block  0
        -:  241:
       24:  242:    return res;
       24:  242-block  0
        -:  243:}
        -:  244:
        -:  245:// Auxiliares del ejercicio 3
function _Z20cantidadDeHabitantesNSt3__16vectorIiNS_9allocatorIiEEEENS0_IS3_NS1_IS3_EEEE called 6 returned 100% blocks executed 80%
        6:  246:int cantidadDeHabitantes(hogar h, eph_i ti){
        6:  247:    int res = 0;
        6:  248:    int tiSize = ti.size();
        -:  249:
      150:  250:    for(int i=0;i<tiSize;i++){
        6:  250-block  0
      150:  250-block  1
branch  0 taken 144
branch  1 taken 6
      144:  250-block  2
      144:  251:        if(esSuHogar(h, ti[i])){
      144:  251-block  0
branch  0 taken 144
branch  1 taken 0
      144:  251-block  1
branch  2 taken 120
branch  3 taken 24
    $$$$$:  251-block  2
    $$$$$:  251-block  3
       24:  252:            res++;
       24:  253:        }
       24:  253-block  0
      144:  254:    }
      144:  254-block  0
        -:  255:
        6:  256:    return res;
        6:  256-block  0
    #####:  257:}
        -:  258:
function _Z13esHogarValidoNSt3__16vectorIiNS_9allocatorIiEEEEi called 108 returned 100% blocks executed 100%
      108:  259:bool esHogarValido(hogar h, int region){
      108:  260:    return (esCasa(h) && h[ItemHogar::REGION]==region && h[ItemHogar::MAS_500]==0);
      108:  260-block  0
branch  0 taken 108
branch  1 taken 0
      108:  260-block  1
branch  2 taken 90
branch  3 taken 18
       18:  260-block  2
      108:  260-block  3
        -:  261:}
        -:  262:
function _Z27hogarConHacinamientoCriticoNSt3__16vectorIiNS_9allocatorIiEEEENS0_IS3_NS1_IS3_EEEE called 6 returned 100% blocks executed 42%
        6:  263:bool hogarConHacinamientoCritico(hogar h, eph_i ti){
        6:  264:    return (cantidadDeHabitantes(h, ti)>3*h[ItemHogar::II2]);
        6:  264-block  0
branch  0 taken 6
branch  1 taken 0
        6:  264-block  1
branch  2 taken 0
branch  3 taken 6
        6:  264-block  2
    $$$$$:  264-block  3
    $$$$$:  264-block  4
    $$$$$:  264-block  5
    #####:  265:}
    $$$$$:  265-block  0
        -:  266:
function _Z18cantHogaresValidosNSt3__16vectorINS0_IiNS_9allocatorIiEEEENS1_IS3_EEEEi called 12 returned 100% blocks executed 80%
       12:  267:int cantHogaresValidos(eph_h th, int region){
       12:  268:    int thSize=th.size();
       12:  269:    int res = 0;
        -:  270:
       84:  271:    for(int i=0;i<thSize;i++){
       12:  271-block  0
       84:  271-block  1
branch  0 taken 72
branch  1 taken 12
       72:  271-block  2
       72:  272:        if(esHogarValido(th[i], region)){
       72:  272-block  0
branch  0 taken 72
branch  1 taken 0
       72:  272-block  1
branch  2 taken 60
branch  3 taken 12
    $$$$$:  272-block  2
    $$$$$:  272-block  3
       12:  273:            res++;
       12:  274:        }
       12:  274-block  0
       72:  275:    }
       72:  275-block  0
       12:  276:    return res;
       12:  276-block  0
    #####:  277:}
        -:  278:
function _Z23cantHogaresValidosConHCNSt3__16vectorINS0_IiNS_9allocatorIiEEEENS1_IS3_EEEES5_i called 6 returned 100% blocks executed 62%
        6:  279:int cantHogaresValidosConHC(eph_h th, eph_i ti, int region){
        6:  280:    int thSize=th.size();
        6:  281:    int res = 0;
        -:  282:
       42:  283:    for(int i=0;i<thSize;i++){
        6:  283-block  0
       42:  283-block  1
branch  0 taken 36
branch  1 taken 6
       36:  283-block  2
       42:  284:        if(esHogarValido(th[i], region) && hogarConHacinamientoCritico(th[i], ti)){
       36:  284-block  0
branch  0 taken 36
branch  1 taken 0
       36:  284-block  1
branch  2 taken 6
branch  3 taken 30
        6:  284-block  2
branch  4 taken 6
branch  5 taken 0
        6:  284-block  3
branch  6 taken 6
branch  7 taken 0
        6:  284-block  4
branch  8 taken 6
branch  9 taken 0
       36:  284-block  5
branch 10 taken 30
branch 11 taken 6
        6:  284-block  6
       36:  284-block  7
branch 12 taken 30
branch 13 taken 6
        6:  284-block  8
       36:  284-block  9
branch 14 taken 30
branch 15 taken 6
    $$$$$:  284-block 10
branch 16 never executed
branch 17 never executed
    $$$$$:  284-block 11
    $$$$$:  284-block 12
    $$$$$:  284-block 13
branch 18 never executed
branch 19 never executed
    $$$$$:  284-block 14
    $$$$$:  284-block 15
    $$$$$:  284-block 16
    $$$$$:  284-block 17
        6:  285:            res++;
        6:  286:        }
        6:  286-block  0
       36:  287:    }
       36:  287-block  0
        6:  288:    return res;
        6:  288-block  0
    #####:  289:}
    $$$$$:  289-block  0
    $$$$$:  289-block  1
        -:  290:
function _Z22proporcionDeCasasConHCNSt3__16vectorINS0_IiNS_9allocatorIiEEEENS1_IS3_EEEES5_i called 6 returned 100% blocks executed 53%
        6:  291:float proporcionDeCasasConHC(eph_h th, eph_i ti, int region){
        6:  292:    float res = 0;
        -:  293:
        6:  294:    if(cantHogaresValidos(th, region)>0){
        6:  294-block  0
branch  0 taken 6
branch  1 taken 0
        6:  294-block  1
branch  2 taken 0
branch  3 taken 6
    $$$$$:  294-block  2
    $$$$$:  294-block  3
        6:  295:        res=cantHogaresValidosConHC(th, ti, region)/ cantHogaresValidos(th, region);
        6:  295-block  0
branch  0 taken 6
branch  1 taken 0
        6:  295-block  1
branch  2 taken 6
branch  3 taken 0
        6:  295-block  2
branch  4 taken 6
branch  5 taken 0
        6:  295-block  3
branch  6 taken 0
branch  7 taken 6
    $$$$$:  295-block  4
    $$$$$:  295-block  5
    $$$$$:  295-block  6
        6:  296:    }
        6:  296-block  0
        -:  297:
        6:  298:    return res;
        6:  298-block  0
    #####:  299:}
    $$$$$:  299-block  0
    $$$$$:  299-block  1
        -:  300:
        -:  301:// Auxiliares ejercicio 5
function _Z15tieneCasaPropiaNSt3__16vectorIiNS_9allocatorIiEEEE called 18 returned 100% blocks executed 100%
       18:  302:bool tieneCasaPropia(hogar h) {
       18:  303:    return h[ItemHogar::II7] == 1;
       18:  303-block  0
        -:  304:}
        -:  305:
function _Z14tieneCasaChicaNSt3__16vectorIiNS_9allocatorIiEEEENS0_IS3_NS1_IS3_EEEE called 13 returned 100% blocks executed 42%
       13:  306:bool tieneCasaChica(hogar h, eph_i ti) {
       13:  307:    return cantHabitantes(h, ti) - 2 > h[ItemHogar::II2];
       13:  307-block  0
branch  0 taken 13
branch  1 taken 0
       13:  307-block  1
branch  2 taken 0
branch  3 taken 13
       13:  307-block  2
    $$$$$:  307-block  3
    $$$$$:  307-block  4
    $$$$$:  307-block  5
    #####:  308:}
    $$$$$:  308-block  0
        -:  309:
        -:  310://Auxiliares del ejercicio 7
        -:  311:
function _Z4swapRNSt3__16vectorINS0_IiNS_9allocatorIiEEEENS1_IS3_EEEEii called 72 returned 100% blocks executed 60%
       72:  312:void swap(vector<vector<dato>> &s, dato a, dato b){
       72:  313:    vector<dato> c = s[a];
       72:  314:    s[a]= s[b];
       72:  314-block  0
branch  0 taken 72
branch  1 taken 0
       72:  315:    s[b] = c;
       72:  315-block  0
branch  0 taken 72
branch  1 taken 0
       72:  316:}
       72:  316-block  0
    $$$$$:  316-block  1
    $$$$$:  316-block  2
        -:  317:
function _Z7insertHRNSt3__16vectorINS0_IiNS_9allocatorIiEEEENS1_IS3_EEEEi called 15 returned 100% blocks executed 100%
       15:  318:void insertH(eph_h &th, dato i) {
       48:  319:    for(int j=i; j>0 ; j--) {
       15:  319-block  0
       48:  319-block  1
branch  0 taken 33
branch  1 taken 15
       33:  319-block  2
       33:  320:        if (th[j][ItemHogar::REGION] < th[j-1][ItemHogar::REGION]) //distinta REGION
       33:  320-block  0
branch  0 taken 25
branch  1 taken 8
        8:  321:            swap(th, j, j-1);
        8:  321-block  0
       33:  322:        if ((th[j][ItemHogar::REGION] == th[j-1][ItemHogar::REGION]) && th[j][ItemHogar::HOGCODUSU] < th[j-1][ItemHogar::HOGCODUSU]) //misma REGION, ordenar por HOGCODUSU
       33:  322-block  0
branch  0 taken 7
branch  1 taken 26
        7:  322-block  1
branch  2 taken 5
branch  3 taken 2
        2:  323:            swap(th, j, j-1);
        2:  323-block  0
       33:  324:    }
       33:  324-block  0
       15:  325:}
       15:  325-block  0
        -:  326:
function _Z19ordenarTablaHogaresRNSt3__16vectorINS0_IiNS_9allocatorIiEEEENS1_IS3_EEEE called 3 returned 100% blocks executed 100%
        3:  327:void ordenarTablaHogares(eph_h &th) {
       18:  328:    for(int i=0; i<th.size(); i++) {
        3:  328-block  0
       18:  328-block  1
branch  0 taken 15
branch  1 taken 3
       15:  328-block  2
       15:  329:        insertH(th,i);
       15:  330:    }
       15:  330-block  0
        3:  331:}
        3:  331-block  0
        -:  332:
function _Z11vivenJuntosNSt3__16vectorIiNS_9allocatorIiEEEES3_ called 318 returned 100% blocks executed 100%
      318:  333:bool vivenJuntos (individuo i1, individuo i2) {
      318:  334:    return (i1[ItemInd::INDCODUSU] == i2[ItemInd::INDCODUSU]);
      318:  334-block  0
        -:  335:}
        -:  336:
function _Z16suhogarEstaAntesNSt3__16vectorINS0_IiNS_9allocatorIiEEEENS1_IS3_EEEES3_S3_ called 318 returned 100% blocks executed 100%
      318:  337:bool suhogarEstaAntes (eph_h th, individuo i1, individuo i2) {
        -:  338:    int a; int b;
     1998:  339:    for (int i =0; i < th.size(); i++) {
      318:  339-block  0
     1998:  339-block  1
branch  0 taken 1680
branch  1 taken 318
     1680:  339-block  2
     1680:  340:        if (th[i][ItemHogar::HOGCODUSU]== i1[ItemInd::INDCODUSU])
     1680:  340-block  0
branch  0 taken 1362
branch  1 taken 318
      318:  341:            a = i;
      318:  341-block  0
     1680:  342:        if (th[i][ItemHogar::HOGCODUSU]== i2[ItemInd::INDCODUSU])
     1680:  342-block  0
branch  0 taken 1362
branch  1 taken 318
      318:  343:            b = i;
      318:  343-block  0
     1680:  344:    }
     1680:  344-block  0
      318:  345:    return a<b;
      318:  345-block  0
        -:  346:}
        -:  347:
function _Z7insertIRNSt3__16vectorINS0_IiNS_9allocatorIiEEEENS1_IS3_EEEES5_i called 45 returned 100% blocks executed 73%
       45:  348:void insertI(eph_i &ti, eph_h th, dato i) {
      363:  349:    for(int j=i; j>0 ; j--) {
       45:  349-block  0
      363:  349-block  1
branch  0 taken 318
branch  1 taken 45
      318:  349-block  2
      318:  350:        if (suhogarEstaAntes(th, ti[j], ti[j-1])) {
      318:  350-block  0
branch  0 taken 318
branch  1 taken 0
      318:  350-block  1
branch  2 taken 0
branch  3 taken 318
      318:  350-block  2
branch  4 taken 260
branch  5 taken 58
    $$$$$:  350-block  3
    $$$$$:  350-block  4
    $$$$$:  350-block  5
       58:  351:            swap(ti, j, j-1);
       58:  352:        }
       58:  352-block  0
      318:  353:        if (vivenJuntos(ti[j], ti[j-1]) && ti[j][ItemInd::COMPONENTE] < ti[j-1][ItemInd::COMPONENTE])
      318:  353-block  0
branch  0 taken 0
branch  1 taken 318
      318:  353-block  1
branch  2 taken 120
branch  3 taken 198
      198:  353-block  2
      318:  353-block  3
branch  4 taken 314
branch  5 taken 4
    $$$$$:  353-block  4
        4:  354:            swap(ti, j, j-1);
        4:  354-block  0
      318:  355:    }
      318:  355-block  0
       45:  356:}
    $$$$$:  356-block  0
       45:  356-block  1
        -:  357:
function _Z22ordenarTablaIndividuosRNSt3__16vectorINS0_IiNS_9allocatorIiEEEENS1_IS3_EEEES5_ called 3 returned 100% blocks executed 75%
        3:  358:void ordenarTablaIndividuos(eph_i &ti, eph_h th) {
       48:  359:    for(int i=0; i<ti.size(); i++) {
        3:  359-block  0
       48:  359-block  1
branch  0 taken 45
branch  1 taken 3
       45:  359-block  2
       45:  360:        insertI(ti,th, i);
       45:  360-block  0
branch  0 taken 45
branch  1 taken 0
    $$$$$:  360-block  1
    $$$$$:  360-block  2
       45:  361:    }
       45:  361-block  0
        3:  362:}
        3:  362-block  0
        -:  363:
        -:  364://Auxiliares del ejercicio 8
function _Z8ingresosNSt3__16vectorIiNS_9allocatorIiEEEENS0_IS3_NS1_IS3_EEEE called 2600 returned 100% blocks executed 100%
     2600:  365:int ingresos(hogar h, eph_i ti){
     2600:  366:    int res = 0;
     2600:  367:    int tiSize = ti.size();
        -:  368:
    45616:  369:    for(int i=0;i<tiSize;i++){
     2600:  369-block  0
    45616:  369-block  1
branch  0 taken 43016
branch  1 taken 2600
    43016:  369-block  2
    43016:  370:        if(ti[i][ItemInd::INDCODUSU]==h[ItemHogar::HOGCODUSU] && ti[i][ItemInd::p47T]>-1){
    43016:  370-block  0
branch  0 taken 4156
branch  1 taken 38860
     4156:  370-block  1
branch  2 taken 0
branch  3 taken 4156
     4156:  371:            res += ti[i][ItemInd::p47T];
     4156:  372:        }
     4156:  372-block  0
    43016:  373:    }
    43016:  373-block  0
        -:  374:
     2600:  375:    return res;
     2600:  375-block  0
        -:  376:}
        -:  377:
function _Z13estaContenidoiNSt3__16vectorIiNS_9allocatorIiEEEE called 6 returned 100% blocks executed 85%
        6:  378:bool estaContenido(int actual, vector<int> anteriores){
        6:  379:    bool res=false;
        -:  380:
       20:  381:    for(int i=0;i<anteriores.size();i++){
        6:  381-block  0
       20:  381-block  1
branch  0 taken 14
branch  1 taken 6
       14:  381-block  2
       14:  382:        if(anteriores[i]==actual){
       14:  382-block  0
branch  0 taken 14
branch  1 taken 0
    #####:  383:            res=true;
    #####:  384:        }
    $$$$$:  384-block  0
       14:  385:    }
       14:  385-block  0
        -:  386:
        6:  387:    return res;
        6:  387-block  0
        -:  388:}
        -:  389:
function _Z20diferenciaDeIngresosNSt3__16vectorINS0_IiNS_9allocatorIiEEEENS1_IS3_EEEES3_S3_ called 1247 returned 100% blocks executed 40%
     1247:  390:int diferenciaDeIngresos(eph_i ti, hogar hog1, hogar hog2){
     1247:  391:    return ingresos(hog2,ti)-ingresos(hog1,ti);
     1247:  391-block  0
branch  0 taken 1247
branch  1 taken 0
     1247:  391-block  1
branch  2 taken 1247
branch  3 taken 0
     1247:  391-block  2
branch  4 taken 0
branch  5 taken 1247
     1247:  391-block  3
    $$$$$:  391-block  4
    $$$$$:  391-block  5
    $$$$$:  391-block  6
    $$$$$:  391-block  7
    #####:  392:}
    $$$$$:  392-block  0
    $$$$$:  392-block  1
        -:  393:
function _Z20buscarSiguienteHogarNSt3__16vectorINS0_IiNS_9allocatorIiEEEENS1_IS3_EEEES5_iRS5_iS3_i called 100 returned 100% blocks executed 55%
      100:  394:void buscarSiguienteHogar(eph_h th, eph_i ti, int dif, vector<hogar>& temp, int hogarAnterior, vector<int> hogaresAnteriores, int maximoActual){
     1152:  395:    for(int k=0;k<th.size();k++){
      100:  395-block  0
     1152:  395-block  1
branch  0 taken 1052
branch  1 taken 100
     1052:  395-block  2
     1058:  396:        if(hogarAnterior != k && diferenciaDeIngresos(ti, th[hogarAnterior], th[k]) == dif &&
     1052:  396-block  0
branch  0 taken 100
branch  1 taken 952
      952:  396-block  1
branch  2 taken 952
branch  3 taken 0
      952:  396-block  2
branch  4 taken 952
branch  5 taken 0
      952:  396-block  3
branch  6 taken 952
branch  7 taken 0
      952:  396-block  4
branch  8 taken 6
branch  9 taken 946
     1052:  396-block  5
branch 10 taken 1046
branch 11 taken 6
        6:  396-block  6
     1052:  396-block  7
branch 12 taken 1046
branch 13 taken 6
        6:  396-block  8
     1052:  396-block  9
branch 14 taken 1046
branch 15 taken 6
        6:  396-block 10
     1052:  396-block 11
branch 16 taken 100
branch 17 taken 952
      952:  396-block 12
     1052:  396-block 13
branch 18 taken 100
branch 19 taken 952
      952:  396-block 14
     1052:  396-block 15
branch 20 taken 100
branch 21 taken 952
      952:  396-block 16
     1052:  396-block 17
branch 22 taken 1047
branch 23 taken 5
    $$$$$:  396-block 18
branch 24 never executed
branch 25 never executed
    $$$$$:  396-block 19
    $$$$$:  396-block 20
    $$$$$:  396-block 21
branch 26 never executed
branch 27 never executed
    $$$$$:  396-block 22
    $$$$$:  396-block 23
    $$$$$:  396-block 24
branch 28 never executed
branch 29 never executed
    $$$$$:  396-block 25
    $$$$$:  396-block 26
    $$$$$:  396-block 27
branch 30 never executed
branch 31 never executed
    $$$$$:  396-block 28
    $$$$$:  396-block 29
    $$$$$:  396-block 30
branch 32 never executed
branch 33 never executed
    $$$$$:  396-block 31
    $$$$$:  396-block 32
    $$$$$:  396-block 33
        6:  397:           !estaContenido(th[k][ItemHogar::HOGCODUSU], hogaresAnteriores) &&
        6:  397-block  0
branch  0 taken 6
branch  1 taken 0
        6:  397-block  1
branch  2 taken 0
branch  3 taken 6
        6:  398:           ingresos(th[k], ti)>maximoActual){
        6:  398-block  0
branch  0 taken 6
branch  1 taken 0
        6:  398-block  1
branch  2 taken 6
branch  3 taken 0
        6:  398-block  2
        -:  399:
        5:  400:                temp.push_back(th[k]);
        5:  401:                hogaresAnteriores.push_back(th[k][ItemHogar::HOGCODUSU]);
        5:  402:                maximoActual = ingresos(th[k], ti);
        5:  402-block  0
branch  0 taken 5
branch  1 taken 0
    $$$$$:  402-block  1
        5:  403:                buscarSiguienteHogar(th, ti, dif, temp, k, hogaresAnteriores, maximoActual);
        5:  403-block  0
branch  0 taken 5
branch  1 taken 0
        5:  403-block  1
branch  2 taken 5
branch  3 taken 0
        5:  403-block  2
branch  4 taken 5
branch  5 taken 0
    $$$$$:  403-block  3
    $$$$$:  403-block  4
    $$$$$:  403-block  5
        5:  404:        }
        5:  404-block  0
     1052:  405:    }
     1052:  405-block  0
      100:  406:}
    $$$$$:  406-block  0
    $$$$$:  406-block  1
    $$$$$:  406-block  2
    $$$$$:  406-block  3
    $$$$$:  406-block  4
    $$$$$:  406-block  5
      100:  406-block  6
        -:  407:
        -:  408:// Auxiliares del ejercicio 4
function _Z19esCasaODepartamentoNSt3__16vectorIiNS_9allocatorIiEEEE called 2263 returned 100% blocks executed 100%
     2263:  409:bool esCasaODepartamento(hogar h) {
     2263:  410:    return h[ItemHogar::IV1] == 1 || h[ItemHogar::IV1] == 2;
     2263:  410-block  0
branch  0 taken 1675
branch  1 taken 588
      588:  410-block  1
     2263:  410-block  2
        -:  411:}
        -:  412:
function _Z27realizaSusTareasEnEsteHogarNSt3__16vectorIiNS_9allocatorIiEEEE called 2728 returned 100% blocks executed 100%
     2728:  413:bool realizaSusTareasEnEsteHogar(individuo i) {
     2728:  414:    return i[ItemInd::PP04G] == 6;
     2728:  414-block  0
        -:  415:}
        -:  416:
function _Z36tieneEspaciosReservadosParaElTrabajoNSt3__16vectorIiNS_9allocatorIiEEEE called 322 returned 100% blocks executed 100%
      322:  417:bool tieneEspaciosReservadosParaElTrabajo(hogar h) {
      322:  418:    return h[ItemHogar::II3] == 1;
      322:  418-block  0
        -:  419:}
        -:  420:
function _Z19trabajaEnSuViviendaNSt3__16vectorIiNS_9allocatorIiEEEENS0_IS3_NS1_IS3_EEEE called 2728 returned 100% blocks executed 50%
     2728:  421:bool trabajaEnSuVivienda(individuo i, eph_h th) {
     3050:  422:    return realizaSusTareasEnEsteHogar(i) && suHogarTieneEspaciosReservadorParaElTrabajo(i, th);
     2728:  422-block  0
branch  0 taken 2406
branch  1 taken 322
      322:  422-block  1
branch  2 taken 322
branch  3 taken 0
      322:  422-block  2
branch  4 taken 322
branch  5 taken 0
      322:  422-block  3
branch  6 taken 322
branch  7 taken 0
     2728:  422-block  4
branch  8 taken 2406
branch  9 taken 322
      322:  422-block  5
     2728:  422-block  6
branch 10 taken 2406
branch 11 taken 322
      322:  422-block  7
     2728:  422-block  8
    $$$$$:  422-block  9
branch 12 never executed
branch 13 never executed
    $$$$$:  422-block 10
    $$$$$:  422-block 11
    $$$$$:  422-block 12
branch 14 never executed
branch 15 never executed
    $$$$$:  422-block 13
    $$$$$:  422-block 14
    $$$$$:  422-block 15
    $$$$$:  422-block 16
    #####:  423:}
    $$$$$:  423-block  0
    $$$$$:  423-block  1
        -:  424:
function _Z36cantIndividuosTrabajandoEnSuViviendaNSt3__16vectorINS0_IiNS_9allocatorIiEEEENS1_IS3_EEEES5_ called 10 returned 100% blocks executed 56%
       10:  425:int cantIndividuosTrabajandoEnSuVivienda(eph_h th, eph_i ti) {
       10:  426:    int sum = 0;
     6713:  427:    for(int indice = 0; indice < ti.capacity(); indice++) {
       10:  427-block  0
     6713:  427-block  1
branch  0 taken 6703
branch  1 taken 10
     6703:  427-block  2
     6703:  428:        individuo i = ti[indice];
     6754:  429:        if(trabaja(i) && trabajaEnSuVivienda(i, th) && individuoEnHogarValido(i, th)) {
     6703:  429-block  0
branch  0 taken 6703
branch  1 taken 0
     6703:  429-block  1
branch  2 taken 6703
branch  3 taken 0
     6703:  429-block  2
branch  4 taken 2728
branch  5 taken 3975
     2728:  429-block  3
branch  6 taken 2728
branch  7 taken 0
     2728:  429-block  4
branch  8 taken 0
branch  9 taken 2728
     2728:  429-block  5
branch 10 taken 2728
branch 11 taken 0
     2728:  429-block  6
branch 12 taken 51
branch 13 taken 2677
       51:  429-block  7
branch 14 taken 51
branch 15 taken 0
       51:  429-block  8
branch 16 taken 51
branch 17 taken 0
       51:  429-block  9
branch 18 taken 51
branch 19 taken 0
     6703:  429-block 10
branch 20 taken 6652
branch 21 taken 51
       51:  429-block 11
     6703:  429-block 12
branch 22 taken 6652
branch 23 taken 51
       51:  429-block 13
     6703:  429-block 14
branch 24 taken 3975
branch 25 taken 2728
     2728:  429-block 15
     6703:  429-block 16
branch 26 taken 3975
branch 27 taken 2728
     2728:  429-block 17
     6703:  429-block 18
branch 28 taken 6682
branch 29 taken 21
    $$$$$:  429-block 19
branch 30 never executed
branch 31 never executed
    $$$$$:  429-block 20
    $$$$$:  429-block 21
    $$$$$:  429-block 22
branch 32 never executed
branch 33 never executed
    $$$$$:  429-block 23
    $$$$$:  429-block 24
    $$$$$:  429-block 25
branch 34 never executed
branch 35 never executed
    $$$$$:  429-block 26
    $$$$$:  429-block 27
    $$$$$:  429-block 28
branch 36 never executed
branch 37 never executed
    $$$$$:  429-block 29
    $$$$$:  429-block 30
    $$$$$:  429-block 31
       21:  430:            sum++;
       21:  431:        }
       21:  431-block  0
     6703:  432:    }
     6703:  432-block  0
    $$$$$:  432-block  1
    $$$$$:  432-block  2
       10:  433:    return sum;
       10:  433-block  0
    #####:  434:}
    $$$$$:  434-block  0
    $$$$$:  434-block  1
    $$$$$:  434-block  2
    $$$$$:  434-block  3
    $$$$$:  434-block  4
        -:  435:
function _Z21proporcionTeleworkingNSt3__16vectorINS0_IiNS_9allocatorIiEEEENS1_IS3_EEEES5_ called 12 returned 100% blocks executed 50%
       12:  436:float proporcionTeleworking(eph_h th, eph_i ti) {
       12:  437:    if(cantIndividuosQueTrabajan(th, ti) > 0) {
       12:  437-block  0
branch  0 taken 12
branch  1 taken 0
       12:  437-block  1
branch  2 taken 12
branch  3 taken 0
       12:  437-block  2
branch  4 taken 10
branch  5 taken 2
    $$$$$:  437-block  3
    $$$$$:  437-block  4
    $$$$$:  437-block  5
       10:  438:        return (float) cantIndividuosTrabajandoEnSuVivienda(th, ti) / (float) cantIndividuosQueTrabajan(th, ti);
       10:  438-block  0
branch  0 taken 10
branch  1 taken 0
       10:  438-block  1
branch  2 taken 10
branch  3 taken 0
       10:  438-block  2
branch  4 taken 10
branch  5 taken 0
       10:  438-block  3
branch  6 taken 10
branch  7 taken 0
       10:  438-block  4
branch  8 taken 0
branch  9 taken 10
       10:  438-block  5
    $$$$$:  438-block  6
    $$$$$:  438-block  7
    $$$$$:  438-block  8
    $$$$$:  438-block  9
        -:  439:    } else {
        2:  440:        return 0;
        2:  440-block  0
        -:  441:    }
       12:  442:}
    $$$$$:  442-block  0
    $$$$$:  442-block  1
    $$$$$:  442-block  2
    $$$$$:  442-block  3
       12:  442-block  4
        -:  443:
        -:  444:
function _Z25cantIndividuosQueTrabajanNSt3__16vectorINS0_IiNS_9allocatorIiEEEENS1_IS3_EEEES5_ called 22 returned 100% blocks executed 60%
       22:  445:int cantIndividuosQueTrabajan(eph_h th, eph_i ti) {
       22:  446:    int sum = 0;
    13444:  447:    for(int indice = 0; indice < ti.capacity(); indice++) {
       22:  447-block  0
    13444:  447-block  1
branch  0 taken 13422
branch  1 taken 22
    13422:  447-block  2
    13422:  448:        individuo i = ti[indice];
    18878:  449:        if(trabaja(i) && individuoEnHogarValido(i, th)) {
    13422:  449-block  0
branch  0 taken 13422
branch  1 taken 0
    13422:  449-block  1
branch  2 taken 13422
branch  3 taken 0
    13422:  449-block  2
branch  4 taken 5456
branch  5 taken 7966
     5456:  449-block  3
branch  6 taken 5456
branch  7 taken 0
     5456:  449-block  4
branch  8 taken 0
branch  9 taken 5456
     5456:  449-block  5
branch 10 taken 0
branch 11 taken 5456
    13422:  449-block  6
branch 12 taken 7966
branch 13 taken 5456
     5456:  449-block  7
    13422:  449-block  8
branch 14 taken 7966
branch 15 taken 5456
     5456:  449-block  9
    13422:  449-block 10
branch 16 taken 11224
branch 17 taken 2198
    $$$$$:  449-block 11
branch 18 never executed
branch 19 never executed
    $$$$$:  449-block 12
    $$$$$:  449-block 13
    $$$$$:  449-block 14
branch 20 never executed
branch 21 never executed
    $$$$$:  449-block 15
    $$$$$:  449-block 16
    $$$$$:  449-block 17
     2198:  450:            sum++;
     2198:  451:        }
     2198:  451-block  0
    13422:  452:    }
    13422:  452-block  0
    $$$$$:  452-block  1
    $$$$$:  452-block  2
       22:  453:    return sum;
       22:  453-block  0
    #####:  454:}
    $$$$$:  454-block  0
    $$$$$:  454-block  1
    $$$$$:  454-block  2
        -:  455:
        -:  456:
        -:  457:
function _Z22individuoEnHogarValidoNSt3__16vectorIiNS_9allocatorIiEEEENS0_IS3_NS1_IS3_EEEE called 5507 returned 100% blocks executed 50%
     5507:  458:bool individuoEnHogarValido(individuo i, eph_h th) {
     7770:  459:    return esDeCiudadGrande(i, th) && suHogarEsCasaODepartamento(i, th);
     5507:  459-block  0
branch  0 taken 5507
branch  1 taken 0
     5507:  459-block  1
branch  2 taken 5507
branch  3 taken 0
     5507:  459-block  2
branch  4 taken 2263
branch  5 taken 3244
     2263:  459-block  3
branch  6 taken 2263
branch  7 taken 0
     2263:  459-block  4
branch  8 taken 2263
branch  9 taken 0
     2263:  459-block  5
branch 10 taken 0
branch 11 taken 2263
     5507:  459-block  6
branch 12 taken 3244
branch 13 taken 2263
     2263:  459-block  7
     5507:  459-block  8
branch 14 taken 3244
branch 15 taken 2263
     2263:  459-block  9
     5507:  459-block 10
    $$$$$:  459-block 11
branch 16 never executed
branch 17 never executed
    $$$$$:  459-block 12
    $$$$$:  459-block 13
    $$$$$:  459-block 14
branch 18 never executed
branch 19 never executed
    $$$$$:  459-block 15
    $$$$$:  459-block 16
    $$$$$:  459-block 17
    $$$$$:  459-block 18
    $$$$$:  459-block 19
    #####:  460:}
    $$$$$:  460-block  0
    $$$$$:  460-block  1
    $$$$$:  460-block  2
        -:  461:
function _Z7trabajaNSt3__16vectorIiNS_9allocatorIiEEEE called 20125 returned 100% blocks executed 100%
    20125:  462:bool trabaja(individuo i) {
    20125:  463:    return i[ItemInd::ESTADO] == 1;
    20125:  463-block  0
        -:  464:}
        -:  465:
function _Z16esDeCiudadGrandeNSt3__16vectorIiNS_9allocatorIiEEEENS0_IS3_NS1_IS3_EEEE called 5507 returned 100% blocks executed 84%
     5507:  466:bool esDeCiudadGrande(individuo i, eph_h th) {
  3992153:  467:    for(int indice = 0; indice < th.capacity(); indice++) {
     5507:  467-block  0
  3992153:  467-block  1
branch  0 taken 3988909
branch  1 taken 3244
  3986646:  467-block  2
  3988909:  468:        if(esSuHogar(th[indice], i) && th[indice][ItemHogar::MAS_500]) {
  3988909:  468-block  0
branch  0 taken 3988909
branch  1 taken 0
  3988909:  468-block  1
branch  2 taken 3983402
branch  3 taken 5507
     5507:  468-block  2
  3988909:  468-block  3
branch  4 taken 3986646
branch  5 taken 2263
    $$$$$:  468-block  4
    $$$$$:  468-block  5
     2263:  469:            return true;
     2263:  469-block  0
        -:  470:        }
  3986646:  471:    }
  3986646:  471-block  0
     3244:  472:    return false;
     3244:  472-block  0
     5507:  473:}
     5507:  473-block  0
        -:  474:
function _Z43suHogarTieneEspaciosReservadorParaElTrabajoNSt3__16vectorIiNS_9allocatorIiEEEENS0_IS3_NS1_IS3_EEEE called 322 returned 100% blocks executed 77%
      322:  475:bool suHogarTieneEspaciosReservadorParaElTrabajo(individuo i, eph_h th) {
   271253:  476:    for(int indice = 0; indice < th.capacity(); indice++) {
      322:  476-block  0
   271253:  476-block  1
branch  0 taken 270982
branch  1 taken 271
   270931:  476-block  2
   270982:  477:        if(esSuHogar(th[indice], i) && tieneEspaciosReservadosParaElTrabajo(th[indice])) {
   270982:  477-block  0
branch  0 taken 270982
branch  1 taken 0
   270982:  477-block  1
branch  2 taken 270660
branch  3 taken 322
      322:  477-block  2
branch  4 taken 0
branch  5 taken 322
      322:  477-block  3
   270982:  477-block  4
branch  6 taken 270660
branch  7 taken 322
      322:  477-block  5
   270982:  477-block  6
branch  8 taken 270931
branch  9 taken 51
    $$$$$:  477-block  7
    $$$$$:  477-block  8
    $$$$$:  477-block  9
       51:  478:            return true;
       51:  478-block  0
        -:  479:        }
   270931:  480:    }
   270931:  480-block  0
      271:  481:    return false;
      271:  481-block  0
      322:  482:}
    $$$$$:  482-block  0
      322:  482-block  1
        -:  483:
function _Z26suHogarEsCasaODepartamentoNSt3__16vectorIiNS_9allocatorIiEEEENS0_IS3_NS1_IS3_EEEE called 2263 returned 100% blocks executed 77%
     2263:  484:bool suHogarEsCasaODepartamento(individuo i, eph_h th) {
  1033163:  485:    for(int indice = 0; indice < th.capacity(); indice++) {
     2263:  485-block  0
  1033163:  485-block  1
branch  0 taken 1033119
branch  1 taken 44
  1030900:  485-block  2
  1033119:  486:        if(esSuHogar(th[indice], i) && esCasaODepartamento(th[indice])) {
  1033119:  486-block  0
branch  0 taken 1033119
branch  1 taken 0
  1033119:  486-block  1
branch  2 taken 1030856
branch  3 taken 2263
     2263:  486-block  2
branch  4 taken 0
branch  5 taken 2263
     2263:  486-block  3
  1033119:  486-block  4
branch  6 taken 1030856
branch  7 taken 2263
     2263:  486-block  5
  1033119:  486-block  6
branch  8 taken 1030900
branch  9 taken 2219
    $$$$$:  486-block  7
    $$$$$:  486-block  8
    $$$$$:  486-block  9
     2219:  487:            return true;
     2219:  487-block  0
        -:  488:        }
  1030900:  489:    }
  1030900:  489-block  0
       44:  490:    return false;
       44:  490-block  0
     2263:  491:}
    $$$$$:  491-block  0
     2263:  491-block  1
        -:  492:
        -:  493:
        -:  494:
        -:  495:// Auxiliares del ejercicio 9 
        -:  496:
function _Z24cambiaRegionGBAaPampeanaRNSt3__16vectorIiNS_9allocatorIiEEEE called 2 returned 100% blocks executed 100%
        2:  497:void cambiaRegionGBAaPampeana(hogar &original) {
        2:  498:    original[ItemHogar::HOGCODUSU] = PAMPEANA;
        2:  499:}
        2:  499-block  0
        -:  500:
function _Z26cambiaRegionesGBAaPampeanaRNSt3__16vectorINS0_IiNS_9allocatorIiEEEENS1_IS3_EEEE called 1 returned 100% blocks executed 100%
        1:  501:void cambiaRegionesGBAaPampeana(eph_h &th) {
        5:  502:    for(int indice = 0; indice < th.capacity(); indice++) {
        1:  502-block  0
        5:  502-block  1
branch  0 taken 4
branch  1 taken 1
        4:  502-block  2
        4:  503:        hogar h = th[indice];
        4:  504:        if(h[ItemHogar::REGION] == GBA) {
        4:  504-block  0
branch  0 taken 2
branch  1 taken 2
        2:  505:            cambiaRegionGBAaPampeana(h);
        2:  506:        }
        2:  506-block  0
        4:  507:    }
        4:  507-block  0
        1:  508:}
        1:  508-block  0
        -:  509:
        -:  510:// Auxiliares ejercicio 10
function _Z15cumpleCondicionNSt3__16vectorINS_4pairIiiEENS_9allocatorIS2_EEEENS0_IiNS3_IiEEEE called 16 returned 100% blocks executed 87%
       16:  511:bool cumpleCondicion(vector < pair < int, dato >> busqueda, individuo ind) {
       40:  512:    for(int i = 0; i < busqueda.size(); i++) {
       16:  512-block  0
       40:  512-block  1
branch  0 taken 24
branch  1 taken 16
       24:  512-block  2
       24:  513:        tuple<int, dato> condicion = busqueda[i];
       24:  514:        if(!ind[get<0>(condicion)] == get<1>(condicion)) {
       24:  514-block  0
branch  0 taken 0
branch  1 taken 24
    #####:  515:            return false;
    $$$$$:  515-block  0
        -:  516:        }
       24:  517:    }
       24:  517-block  0
       16:  518:    return true;
       16:  518-block  0
       16:  519:}
       16:  519-block  0
        -:  520:// Auxiliares del ejercicio 11
function _Z19distanciaEuclidianaNSt3__14pairIiiEEii called 50 returned 100% blocks executed 100%
       50:  521:float distanciaEuclidiana(pair < int, int > centro, int latitud, int longitud){
       50:  522:    float res = sqrt(pow(centro.first-latitud, 2) + pow(centro.second-longitud, 2));
       50:  523:    return res;
       50:  523-block  0
        -:  524:}
        -:  525:
function _Z13hogarEnAnilloiiNSt3__14pairIiiEENS_6vectorIiNS_9allocatorIiEEEE called 32 returned 100% blocks executed 100%
       32:  526:bool hogarEnAnillo(int distDesde, int distHasta, pair < int, int > centro, hogar h){
       32:  527:    bool res = false;
        -:  528:
       32:  529:    if(distDesde < distanciaEuclidiana(centro, h[ItemHogar::HOGLATITUD], h[ItemHogar::HOGLONGITUD]) && distanciaEuclidiana(centro, h[ItemHogar::HOGLATITUD], h[ItemHogar::HOGLONGITUD]) <= distHasta){
       32:  529-block  0
branch  0 taken 18
branch  1 taken 14
       18:  529-block  1
branch  2 taken 11
branch  3 taken 7
        7:  530:        res = true;
        7:  531:    }
        7:  531-block  0
        -:  532:
       32:  533:    return res;
       32:  533-block  0
        -:  534:}
        -:  535:
function _Z19cantHogaresEnAnilloiiNSt3__14pairIiiEENS_6vectorINS2_IiNS_9allocatorIiEEEENS3_IS5_EEEE called 8 returned 100% blocks executed 100%
        8:  536:int cantHogaresEnAnillo(int distDesde, int distHasta, pair < int, int > centro, eph_h th){
        8:  537:    int thSize = th.size();
        8:  538:    int res = 0;
        -:  539:
       40:  540:    for(int i=0;i<thSize;i++){
        8:  540-block  0
       40:  540-block  1
branch  0 taken 32
branch  1 taken 8
       32:  540-block  2
       32:  541:        if(hogarEnAnillo(distDesde, distHasta, centro, th[i])){
       32:  541-block  0
branch  0 taken 25
branch  1 taken 7
        7:  542:            res++;
        7:  543:        }
        7:  543-block  0
       32:  544:    }
       32:  544-block  0
        -:  545:
        8:  546:    return res;
        8:  546-block  0
        -:  547:}
        -:  548:        
