        -:    0:Source:/Users/martinacuna/Documents/Facultad/Algoritmos/TPI/algoI_tp2/test/creceElTeleworkingEnCiudadesGrandesTEST.cpp
        -:    0:Graph:/Users/martinacuna/Documents/Facultad/Algoritmos/TPI/algoI_tp2/cmake-build-debug/CMakeFiles/tpi.dir/test/creceElTeleworkingEnCiudadesGrandesTEST.gcno
        -:    0:Data:/Users/martinacuna/Documents/Facultad/Algoritmos/TPI/algoI_tp2/cmake-build-debug/CMakeFiles/tpi.dir/test/creceElTeleworkingEnCiudadesGrandesTEST.gcda
        -:    0:Runs:1
        -:    0:Programs:1
        -:    1:#include "../definiciones.h"
        -:    2:#include "../Funciones_TPI.h"
        -:    3:#include "../ejercicios.h"
        -:    4:#include "gtest/gtest.h"
        -:    5:#include <iostream>
        -:    6:#include <string>
        -:    7:
        -:    8:using namespace std;
        -:    9:
function _ZN50creceElTeleworkingEnCiudadesGrandesTEST_crece_Test8TestBodyEv called 1 returned 100% blocks executed 39%
function _ZN50creceElTeleworkingEnCiudadesGrandesTEST_crece_TestD1Ev called 1 returned 100% blocks executed 100%
function _ZN50creceElTeleworkingEnCiudadesGrandesTEST_crece_TestD0Ev called 1 returned 100% blocks executed 100%
function _ZN50creceElTeleworkingEnCiudadesGrandesTEST_crece_TestC1Ev called 1 returned 100% blocks executed 100%
function _ZN50creceElTeleworkingEnCiudadesGrandesTEST_crece_TestC2Ev called 1 returned 100% blocks executed 100%
function _ZN50creceElTeleworkingEnCiudadesGrandesTEST_crece_TestD2Ev called 1 returned 100% blocks executed 100%
        4:   10:TEST(creceElTeleworkingEnCiudadesGrandesTEST, crece) {
        1:   10-block  0
branch  0 taken 1
branch  1 taken 0
        1:   10-block  1
branch  2 taken 1
branch  3 taken 0
        1:   10-block  2
branch  4 taken 1
branch  5 taken 0
        1:   10-block  3
branch  6 taken 1
branch  7 taken 0
        1:   10-block  4
branch  8 taken 1
branch  9 taken 0
        1:   10-block  5
    $$$$$:   10-block  6
    $$$$$:   10-block  7
    $$$$$:   10-block  8
    $$$$$:   10-block  9
    $$$$$:   10-block 10
    $$$$$:   10-block 11
        1:   10-block 12
        1:   10-block 13
        -:   11:
        -:   12:
        -:   13://                                                        +500  Tipo       Lugar para trabajar
        -:   14://                                                           v   v           v
        1:   15:    eph_h t1h = {{22114, 2018,   3,  319611, 629088, 3,  41, 1,  1,  3,  1,  2}, // Esta no: Sin lugar para trabajar
        1:   15-block  0
branch  0 taken 1
branch  1 taken 0
        1:   15-block  1
branch  2 taken 1
branch  3 taken 0
        1:   15-block  2
        1:   15-block  3
    $$$$$:   15-block  4
    $$$$$:   15-block  5
    $$$$$:   15-block  6
    $$$$$:   15-block  7
    $$$$$:   15-block  8
    $$$$$:   15-block  9
    $$$$$:   15-block 10
    $$$$$:   15-block 11
    $$$$$:   15-block 12
    $$$$$:   15-block 13
    $$$$$:   15-block 14
        1:   16:                {31117, 2018,   3,  332870, 642475, 3,  40, 1,  1,  6,  6,  1},
        1:   16-block  0
branch  0 taken 1
branch  1 taken 0
        1:   17:                {22866, 2018,   3,  317157, 627217, 2,  42, 1,  3,  2,  2,  1},// Esta no: Hotel
        1:   17-block  0
branch  0 taken 1
branch  1 taken 0
        1:   18:                {20957, 2018,   3,  313965, 623297, 1,  43, 0,  1,  3,  1,  1}};// Esta no: menos 500
        1:   18-block  0
branch  0 taken 1
branch  1 taken 0
        -:   19:
        -:   20://                                                                   Ubicación
        -:   21://                                                                   v
        1:   22:    eph_i t1i = {{20957, 2018,   1,  1,  3,  1,  88, 0,  0,  90000,  1},
        1:   22-block  0
branch  0 taken 1
branch  1 taken 0
        1:   22-block  1
branch  2 taken 1
branch  3 taken 0
        1:   22-block  2
        1:   22-block  3
    $$$$$:   22-block  4
    $$$$$:   22-block  5
    $$$$$:   22-block  6
    $$$$$:   22-block  7
    $$$$$:   22-block  8
    $$$$$:   22-block  9
    $$$$$:   22-block 10
    $$$$$:   22-block 11
    $$$$$:   22-block 12
    $$$$$:   22-block 13
        1:   23:                {20957, 2018,   2,  1,  3,  2,  82, 0,  0,  25000,  1},
        1:   23-block  0
branch  0 taken 1
branch  1 taken 0
        1:   24:                {22866, 2018,   1,  0,  3,  1,  31, 1,  3,  59000,  1},
        1:   24-block  0
branch  0 taken 1
branch  1 taken 0
        1:   25:                {22866, 2018,   2,  1,  3,  2,  28, 1,  3,  0,      6}, // Esta no: Hotel
        1:   25-block  0
branch  0 taken 1
branch  1 taken 0
        1:   26:                {31117, 2018,   3,  0,  3,  2,  46, 1,  3,  17000,  1},
        1:   26-block  0
branch  0 taken 1
branch  1 taken 0
        1:   27:                {31117, 2018,   4,  0,  3,  1,  20, 1,  3,  5000,   6},
        1:   27-block  0
branch  0 taken 1
branch  1 taken 0
        1:   28:                {31117, 2018,   5,  0,  3,  2,  15, 0,  0,  5000,   1},
        1:   28-block  0
branch  0 taken 1
branch  1 taken 0
        1:   29:                {22114, 2018,   1,  0,  3,  1,  18, 0,  0,  20000,  1}};
        1:   29-block  0
branch  0 taken 1
branch  1 taken 0
        -:   30:
        -:   31:
        -:   32://                                                        +500  Tipo       Lugar para trabajar
        -:   33://                                                           v   v           v
        1:   34:    eph_h t2h = {{22114, 2020,   3,  319611, 629088, 3,  41, 1,  1,  3,  1,  2}, // Esta no: Sin lugar para trabajar
        1:   34-block  0
branch  0 taken 1
branch  1 taken 0
        1:   34-block  1
branch  2 taken 1
branch  3 taken 0
        1:   34-block  2
        1:   34-block  3
    $$$$$:   34-block  4
    $$$$$:   34-block  5
    $$$$$:   34-block  6
    $$$$$:   34-block  7
    $$$$$:   34-block  8
    $$$$$:   34-block  9
    $$$$$:   34-block 10
    $$$$$:   34-block 11
    $$$$$:   34-block 12
    $$$$$:   34-block 13
        1:   35:                {31117, 2020,   3,  332870, 642475, 3,  40, 1,  1,  6,  6,  1},
        1:   35-block  0
branch  0 taken 1
branch  1 taken 0
        1:   36:                {22866, 2020,   3,  317157, 627217, 2,  42, 1,  3,  2,  2,  1},// Esta no: Hotel
        1:   36-block  0
branch  0 taken 1
branch  1 taken 0
        1:   37:                {20957, 2020,   3,  313965, 623297, 1,  43, 0,  1,  3,  1,  1}};// Esta no: menos 500
        1:   37-block  0
branch  0 taken 1
branch  1 taken 0
        -:   38:
        1:   39:    eph_i t2i = {{20957, 2020,   1,  1,  3,  1,  88, 0,  0,  90000,  1},
        1:   39-block  0
branch  0 taken 1
branch  1 taken 0
        1:   39-block  1
branch  2 taken 1
branch  3 taken 0
        1:   39-block  2
        1:   39-block  3
    $$$$$:   39-block  4
    $$$$$:   39-block  5
    $$$$$:   39-block  6
    $$$$$:   39-block  7
    $$$$$:   39-block  8
    $$$$$:   39-block  9
    $$$$$:   39-block 10
    $$$$$:   39-block 11
    $$$$$:   39-block 12
    $$$$$:   39-block 13
        1:   40:                {20957, 2020,   2,  1,  3,  2,  82, 0,  0,  25000,  1},
        1:   40-block  0
branch  0 taken 1
branch  1 taken 0
        1:   41:                {22866, 2020,   1,  0,  3,  1,  31, 1,  3,  59000,  1},
        1:   41-block  0
branch  0 taken 1
branch  1 taken 0
        1:   42:                {22866, 2020,   2,  1,  3,  2,  28, 1,  3,  0,      6}, // Esta no: Hotel
        1:   42-block  0
branch  0 taken 1
branch  1 taken 0
        1:   43:                {31117, 2020,   3,  0,  3,  2,  46, 1,  3,  17000,  1},
        1:   43-block  0
branch  0 taken 1
branch  1 taken 0
        1:   44:                {31117, 2020,   4,  0,  3,  1,  20, 1,  3,  5000,   6},
        1:   44-block  0
branch  0 taken 1
branch  1 taken 0
        1:   45:                {31117, 2020,   5,  0,  3,  2,  15, 1,  0,  5000,   6},
        1:   45-block  0
branch  0 taken 1
branch  1 taken 0
        1:   46:                {22114, 2020,   1,  0,  3,  1,  18, 0,  0,  20000,  1}};
        1:   46-block  0
branch  0 taken 1
branch  1 taken 0
        -:   47:
        1:   48:    EXPECT_TRUE(esEncuestaValida(t1h, t1i));
        1:   48-block  0
branch  0 taken 1
branch  1 taken 0
        1:   48-block  1
branch  2 taken 1
branch  3 taken 0
        1:   48-block  2
branch  4 taken 1
branch  5 taken 0
        1:   48-block  3
branch  6 taken 1
branch  7 taken 0
        1:   48-block  4
branch  8 taken 1
branch  9 taken 0
        1:   48-block  5
branch 10 taken 0
branch 11 taken 1
        1:   48-block  6
    $$$$$:   48-block  7
    $$$$$:   48-block  8
    $$$$$:   48-block  9
branch 12 never executed
branch 13 never executed
    $$$$$:   48-block 10
branch 14 never executed
branch 15 never executed
    $$$$$:   48-block 11
branch 16 never executed
branch 17 never executed
    $$$$$:   48-block 12
branch 18 never executed
branch 19 never executed
    $$$$$:   48-block 13
    $$$$$:   48-block 14
    $$$$$:   48-block 15
    $$$$$:   48-block 16
    $$$$$:   48-block 17
        1:   49:    EXPECT_TRUE(esEncuestaValida(t2h, t2i));
        1:   49-block  0
branch  0 taken 1
branch  1 taken 0
        1:   49-block  1
branch  2 taken 1
branch  3 taken 0
        1:   49-block  2
branch  4 taken 1
branch  5 taken 0
        1:   49-block  3
branch  6 taken 1
branch  7 taken 0
        1:   49-block  4
branch  8 taken 1
branch  9 taken 0
        1:   49-block  5
branch 10 taken 0
branch 11 taken 1
        1:   49-block  6
    $$$$$:   49-block  7
    $$$$$:   49-block  8
    $$$$$:   49-block  9
branch 12 never executed
branch 13 never executed
    $$$$$:   49-block 10
branch 14 never executed
branch 15 never executed
    $$$$$:   49-block 11
branch 16 never executed
branch 17 never executed
    $$$$$:   49-block 12
branch 18 never executed
branch 19 never executed
    $$$$$:   49-block 13
    $$$$$:   49-block 14
    $$$$$:   49-block 15
    $$$$$:   49-block 16
    $$$$$:   49-block 17
        -:   50:
        1:   51:    EXPECT_EQ( true, creceElTeleworkingEnCiudadesGrandes(t1h, t1i, t2h, t2i) );
        1:   51-block  0
branch  0 taken 1
branch  1 taken 0
        1:   51-block  1
branch  2 taken 1
branch  3 taken 0
        1:   51-block  2
branch  4 taken 1
branch  5 taken 0
        1:   51-block  3
branch  6 taken 1
branch  7 taken 0
        1:   51-block  4
branch  8 taken 1
branch  9 taken 0
        1:   51-block  5
branch 10 taken 1
branch 11 taken 0
        1:   51-block  6
branch 12 taken 1
branch 13 taken 0
        1:   51-block  7
branch 14 taken 0
branch 15 taken 1
        1:   51-block  8
    $$$$$:   51-block  9
    $$$$$:   51-block 10
    $$$$$:   51-block 11
    $$$$$:   51-block 12
    $$$$$:   51-block 13
branch 16 never executed
branch 17 never executed
    $$$$$:   51-block 14
branch 18 never executed
branch 19 never executed
    $$$$$:   51-block 15
branch 20 never executed
branch 21 never executed
    $$$$$:   51-block 16
branch 22 never executed
branch 23 never executed
    $$$$$:   51-block 17
    $$$$$:   51-block 18
    $$$$$:   51-block 19
    $$$$$:   51-block 20
        1:   52:}
    $$$$$:   52-block  0
    $$$$$:   52-block  1
    $$$$$:   52-block  2
    $$$$$:   52-block  3
    $$$$$:   52-block  4
    $$$$$:   52-block  5
    $$$$$:   52-block  6
    $$$$$:   52-block  7
    $$$$$:   52-block  8
    $$$$$:   52-block  9
    $$$$$:   52-block 10
    $$$$$:   52-block 11
    $$$$$:   52-block 12
    $$$$$:   52-block 13
        1:   52-block 14
    $$$$$:   52-block 15
    $$$$$:   52-block 16
    $$$$$:   52-block 17
    $$$$$:   52-block 18
        -:   53:
        -:   54:
function _ZN52creceElTeleworkingEnCiudadesGrandesTEST_nocrece_Test8TestBodyEv called 1 returned 100% blocks executed 38%
function _ZN52creceElTeleworkingEnCiudadesGrandesTEST_nocrece_TestD1Ev called 1 returned 100% blocks executed 100%
function _ZN52creceElTeleworkingEnCiudadesGrandesTEST_nocrece_TestD0Ev called 1 returned 100% blocks executed 100%
function _ZN52creceElTeleworkingEnCiudadesGrandesTEST_nocrece_TestC1Ev called 1 returned 100% blocks executed 100%
function _ZN52creceElTeleworkingEnCiudadesGrandesTEST_nocrece_TestC2Ev called 1 returned 100% blocks executed 100%
function _ZN52creceElTeleworkingEnCiudadesGrandesTEST_nocrece_TestD2Ev called 1 returned 100% blocks executed 100%
        4:   55:TEST(creceElTeleworkingEnCiudadesGrandesTEST, nocrece) {
        1:   55-block  0
branch  0 taken 1
branch  1 taken 0
        1:   55-block  1
branch  2 taken 1
branch  3 taken 0
        1:   55-block  2
branch  4 taken 1
branch  5 taken 0
        1:   55-block  3
branch  6 taken 1
branch  7 taken 0
        1:   55-block  4
branch  8 taken 1
branch  9 taken 0
        1:   55-block  5
    $$$$$:   55-block  6
    $$$$$:   55-block  7
    $$$$$:   55-block  8
    $$$$$:   55-block  9
    $$$$$:   55-block 10
    $$$$$:   55-block 11
        1:   55-block 12
        1:   55-block 13
        -:   56:
        -:   57://                                                        +500  Tipo       Lugar para trabajar
        -:   58://                                                           v   v           v
        1:   59:    eph_h t1h = {{22114, 2018,   3,  319611, 629088, 3,  41, 1,  1,  3,  1,  2}, // Esta no: Sin lugar para trabajar
        1:   59-block  0
branch  0 taken 1
branch  1 taken 0
        1:   59-block  1
branch  2 taken 1
branch  3 taken 0
        1:   59-block  2
        1:   59-block  3
    $$$$$:   59-block  4
    $$$$$:   59-block  5
    $$$$$:   59-block  6
    $$$$$:   59-block  7
    $$$$$:   59-block  8
    $$$$$:   59-block  9
    $$$$$:   59-block 10
    $$$$$:   59-block 11
    $$$$$:   59-block 12
    $$$$$:   59-block 13
    $$$$$:   59-block 14
        1:   60:                 {31117, 2018,   3,  332870, 642475, 3,  40, 1,  1,  6,  6,  1},
        1:   60-block  0
branch  0 taken 1
branch  1 taken 0
        1:   61:                 {22866, 2018,   3,  317157, 627217, 2,  42, 1,  3,  2,  2,  1},// Esta no: Hotel
        1:   61-block  0
branch  0 taken 1
branch  1 taken 0
        1:   62:                 {20957, 2018,   3,  313965, 623297, 1,  43, 0,  1,  3,  1,  1}};// Esta no: menos 500
        1:   62-block  0
branch  0 taken 1
branch  1 taken 0
        -:   63:
        -:   64://                                                                   Ubicación
        -:   65://                                                                   v
        1:   66:    eph_i t1i = {{20957, 2018,   1,  1,  3,  1,  88, 0,  0,  90000,  1},
        1:   66-block  0
branch  0 taken 1
branch  1 taken 0
        1:   66-block  1
branch  2 taken 1
branch  3 taken 0
        1:   66-block  2
        1:   66-block  3
    $$$$$:   66-block  4
    $$$$$:   66-block  5
    $$$$$:   66-block  6
    $$$$$:   66-block  7
    $$$$$:   66-block  8
    $$$$$:   66-block  9
    $$$$$:   66-block 10
    $$$$$:   66-block 11
    $$$$$:   66-block 12
    $$$$$:   66-block 13
        1:   67:                 {20957, 2018,   2,  1,  3,  2,  82, 0,  0,  25000,  1},
        1:   67-block  0
branch  0 taken 1
branch  1 taken 0
        1:   68:                 {22866, 2018,   1,  0,  3,  1,  31, 1,  3,  59000,  1},
        1:   68-block  0
branch  0 taken 1
branch  1 taken 0
        1:   69:                 {22866, 2018,   2,  1,  3,  2,  28, 1,  3,  0,      6}, // Esta no: Hotel
        1:   69-block  0
branch  0 taken 1
branch  1 taken 0
        1:   70:                 {31117, 2018,   3,  0,  3,  2,  46, 1,  3,  17000,  1},
        1:   70-block  0
branch  0 taken 1
branch  1 taken 0
        1:   71:                 {31117, 2018,   4,  0,  3,  1,  20, 1,  3,  5000,   6},
        1:   71-block  0
branch  0 taken 1
branch  1 taken 0
        1:   72:                 {31117, 2018,   5,  0,  3,  2,  15, 0,  0,  5000,   1},
        1:   72-block  0
branch  0 taken 1
branch  1 taken 0
        1:   73:                 {22114, 2018,   1,  0,  3,  1,  18, 0,  0,  20000,  1}};
        1:   73-block  0
branch  0 taken 1
branch  1 taken 0
        -:   74:
        -:   75:
        -:   76://                                                        +500  Tipo       Lugar para trabajar
        -:   77://                                                           v   v           v
        1:   78:    eph_h t2h = {{22114, 2020,   3,  319611, 629088, 3,  41, 1,  1,  3,  1,  2}, // Esta no: Sin lugar para trabajar
        1:   78-block  0
branch  0 taken 1
branch  1 taken 0
        1:   78-block  1
branch  2 taken 1
branch  3 taken 0
        1:   78-block  2
        1:   78-block  3
    $$$$$:   78-block  4
    $$$$$:   78-block  5
    $$$$$:   78-block  6
    $$$$$:   78-block  7
    $$$$$:   78-block  8
    $$$$$:   78-block  9
    $$$$$:   78-block 10
    $$$$$:   78-block 11
    $$$$$:   78-block 12
    $$$$$:   78-block 13
        1:   79:                 {31117, 2020,   3,  332870, 642475, 3,  40, 1,  1,  6,  6,  1},
        1:   79-block  0
branch  0 taken 1
branch  1 taken 0
        1:   80:                 {22866, 2020,   3,  317157, 627217, 2,  42, 1,  3,  2,  2,  1},// Esta no: Hotel
        1:   80-block  0
branch  0 taken 1
branch  1 taken 0
        1:   81:                 {20957, 2020,   3,  313965, 623297, 1,  43, 0,  1,  3,  1,  1}};// Esta no: menos 500
        1:   81-block  0
branch  0 taken 1
branch  1 taken 0
        -:   82:
        1:   83:    eph_i t2i = {{20957, 2020,   1,  1,  3,  1,  88, 0,  0,  90000,  1},
        1:   83-block  0
branch  0 taken 1
branch  1 taken 0
        1:   83-block  1
branch  2 taken 1
branch  3 taken 0
        1:   83-block  2
        1:   83-block  3
    $$$$$:   83-block  4
    $$$$$:   83-block  5
    $$$$$:   83-block  6
    $$$$$:   83-block  7
    $$$$$:   83-block  8
    $$$$$:   83-block  9
    $$$$$:   83-block 10
    $$$$$:   83-block 11
    $$$$$:   83-block 12
    $$$$$:   83-block 13
        1:   84:                 {20957, 2020,   2,  1,  3,  2,  82, 0,  0,  25000,  1},
        1:   84-block  0
branch  0 taken 1
branch  1 taken 0
        1:   85:                 {22866, 2020,   1,  0,  3,  1,  31, 1,  3,  59000,  1},
        1:   85-block  0
branch  0 taken 1
branch  1 taken 0
        1:   86:                 {22866, 2020,   2,  1,  3,  2,  28, 1,  3,  0,      6}, // Esta no: Hotel
        1:   86-block  0
branch  0 taken 1
branch  1 taken 0
        1:   87:                 {31117, 2020,   3,  0,  3,  2,  46, 1,  3,  17000,  1},
        1:   87-block  0
branch  0 taken 1
branch  1 taken 0
        1:   88:                 {31117, 2020,   4,  0,  3,  1,  20, 1,  3,  5000,   6},
        1:   88-block  0
branch  0 taken 1
branch  1 taken 0
        1:   89:                 {31117, 2020,   5,  0,  3,  2,  15, -1,  0,  5000,   6}, // estado no informado
        1:   89-block  0
branch  0 taken 1
branch  1 taken 0
        1:   90:                 {22114, 2020,   1,  0,  3,  1,  18, 0,  0,  20000,  1}};
        1:   90-block  0
branch  0 taken 1
branch  1 taken 0
        -:   91:
        1:   92:    EXPECT_TRUE(esEncuestaValida(t1h, t1i));
        1:   92-block  0
branch  0 taken 1
branch  1 taken 0
        1:   92-block  1
branch  2 taken 1
branch  3 taken 0
        1:   92-block  2
branch  4 taken 1
branch  5 taken 0
        1:   92-block  3
branch  6 taken 1
branch  7 taken 0
        1:   92-block  4
branch  8 taken 1
branch  9 taken 0
        1:   92-block  5
branch 10 taken 0
branch 11 taken 1
        1:   92-block  6
    $$$$$:   92-block  7
    $$$$$:   92-block  8
    $$$$$:   92-block  9
branch 12 never executed
branch 13 never executed
    $$$$$:   92-block 10
branch 14 never executed
branch 15 never executed
    $$$$$:   92-block 11
branch 16 never executed
branch 17 never executed
    $$$$$:   92-block 12
branch 18 never executed
branch 19 never executed
    $$$$$:   92-block 13
    $$$$$:   92-block 14
    $$$$$:   92-block 15
    $$$$$:   92-block 16
    $$$$$:   92-block 17
        1:   93:    EXPECT_TRUE(esEncuestaValida(t2h, t2i));
        1:   93-block  0
branch  0 taken 1
branch  1 taken 0
        1:   93-block  1
branch  2 taken 1
branch  3 taken 0
        1:   93-block  2
branch  4 taken 1
branch  5 taken 0
        1:   93-block  3
branch  6 taken 1
branch  7 taken 0
        1:   93-block  4
branch  8 taken 1
branch  9 taken 0
        1:   93-block  5
branch 10 taken 0
branch 11 taken 1
        1:   93-block  6
    $$$$$:   93-block  7
    $$$$$:   93-block  8
    $$$$$:   93-block  9
branch 12 never executed
branch 13 never executed
    $$$$$:   93-block 10
branch 14 never executed
branch 15 never executed
    $$$$$:   93-block 11
branch 16 never executed
branch 17 never executed
    $$$$$:   93-block 12
branch 18 never executed
branch 19 never executed
    $$$$$:   93-block 13
    $$$$$:   93-block 14
    $$$$$:   93-block 15
    $$$$$:   93-block 16
    $$$$$:   93-block 17
        -:   94:
        1:   95:    EXPECT_FALSE(creceElTeleworkingEnCiudadesGrandes(t1h, t1i, t2h, t2i) );
        1:   95-block  0
branch  0 taken 1
branch  1 taken 0
        1:   95-block  1
branch  2 taken 1
branch  3 taken 0
        1:   95-block  2
branch  4 taken 1
branch  5 taken 0
        1:   95-block  3
branch  6 taken 1
branch  7 taken 0
        1:   95-block  4
branch  8 taken 1
branch  9 taken 0
        1:   95-block  5
branch 10 taken 1
branch 11 taken 0
        1:   95-block  6
branch 12 taken 1
branch 13 taken 0
        1:   95-block  7
branch 14 taken 0
branch 15 taken 1
        1:   95-block  8
    $$$$$:   95-block  9
    $$$$$:   95-block 10
    $$$$$:   95-block 11
    $$$$$:   95-block 12
    $$$$$:   95-block 13
branch 16 never executed
branch 17 never executed
    $$$$$:   95-block 14
branch 18 never executed
branch 19 never executed
    $$$$$:   95-block 15
branch 20 never executed
branch 21 never executed
    $$$$$:   95-block 16
branch 22 never executed
branch 23 never executed
    $$$$$:   95-block 17
    $$$$$:   95-block 18
    $$$$$:   95-block 19
    $$$$$:   95-block 20
    $$$$$:   95-block 21
        1:   96:}
    $$$$$:   96-block  0
    $$$$$:   96-block  1
    $$$$$:   96-block  2
    $$$$$:   96-block  3
    $$$$$:   96-block  4
    $$$$$:   96-block  5
    $$$$$:   96-block  6
    $$$$$:   96-block  7
    $$$$$:   96-block  8
    $$$$$:   96-block  9
    $$$$$:   96-block 10
    $$$$$:   96-block 11
    $$$$$:   96-block 12
    $$$$$:   96-block 13
    $$$$$:   96-block 14
        1:   96-block 15
    $$$$$:   96-block 16
    $$$$$:   96-block 17
    $$$$$:   96-block 18
    $$$$$:   96-block 19
        -:   97:
function _ZN57creceElTeleworkingEnCiudadesGrandesTEST_eph2016a2018_Test8TestBodyEv called 1 returned 100% blocks executed 35%
function _ZN57creceElTeleworkingEnCiudadesGrandesTEST_eph2016a2018_TestD1Ev called 1 returned 100% blocks executed 100%
function _ZN57creceElTeleworkingEnCiudadesGrandesTEST_eph2016a2018_TestD0Ev called 1 returned 100% blocks executed 100%
function _ZN57creceElTeleworkingEnCiudadesGrandesTEST_eph2016a2018_TestC1Ev called 1 returned 100% blocks executed 100%
function _ZN57creceElTeleworkingEnCiudadesGrandesTEST_eph2016a2018_TestC2Ev called 1 returned 100% blocks executed 100%
function _ZN57creceElTeleworkingEnCiudadesGrandesTEST_eph2016a2018_TestD2Ev called 1 returned 100% blocks executed 100%
        4:   98:TEST(creceElTeleworkingEnCiudadesGrandesTEST, eph2016a2018) {
        1:   98-block  0
branch  0 taken 1
branch  1 taken 0
        1:   98-block  1
branch  2 taken 1
branch  3 taken 0
        1:   98-block  2
branch  4 taken 1
branch  5 taken 0
        1:   98-block  3
branch  6 taken 1
branch  7 taken 0
        1:   98-block  4
branch  8 taken 1
branch  9 taken 0
        1:   98-block  5
    $$$$$:   98-block  6
    $$$$$:   98-block  7
    $$$$$:   98-block  8
    $$$$$:   98-block  9
    $$$$$:   98-block 10
    $$$$$:   98-block 11
        1:   98-block 12
        1:   98-block 13
        1:   99:    eph_h t1h;
        1:  100:    eph_i t1i;
        1:  101:    leerEncuesta ( "eph_3c_2018_1000", t1h, t1i );
        1:  101-block  0
branch  0 taken 1
branch  1 taken 0
        1:  101-block  1
branch  2 taken 1
branch  3 taken 0
    $$$$$:  101-block  2
        -:  102:
        1:  103:    eph_h t2h;
        1:  104:    eph_i t2i;
        1:  105:    leerEncuesta ( "eph_3c_2020_1000", t2h, t2i );
        1:  105-block  0
branch  0 taken 1
branch  1 taken 0
        1:  105-block  1
branch  2 taken 1
branch  3 taken 0
    $$$$$:  105-block  2
        -:  106:
        1:  107:    EXPECT_TRUE(creceElTeleworkingEnCiudadesGrandes(t1h, t1i, t2h, t2i) );
        1:  107-block  0
branch  0 taken 1
branch  1 taken 0
        1:  107-block  1
branch  2 taken 1
branch  3 taken 0
        1:  107-block  2
branch  4 taken 1
branch  5 taken 0
        1:  107-block  3
branch  6 taken 1
branch  7 taken 0
        1:  107-block  4
branch  8 taken 1
branch  9 taken 0
        1:  107-block  5
branch 10 taken 1
branch 11 taken 0
        1:  107-block  6
branch 12 taken 1
branch 13 taken 0
        1:  107-block  7
branch 14 taken 0
branch 15 taken 1
        1:  107-block  8
    $$$$$:  107-block  9
    $$$$$:  107-block 10
    $$$$$:  107-block 11
    $$$$$:  107-block 12
    $$$$$:  107-block 13
branch 16 never executed
branch 17 never executed
    $$$$$:  107-block 14
branch 18 never executed
branch 19 never executed
    $$$$$:  107-block 15
branch 20 never executed
branch 21 never executed
    $$$$$:  107-block 16
branch 22 never executed
branch 23 never executed
    $$$$$:  107-block 17
    $$$$$:  107-block 18
    $$$$$:  107-block 19
    $$$$$:  107-block 20
    $$$$$:  107-block 21
        1:  108:}
    $$$$$:  108-block  0
    $$$$$:  108-block  1
    $$$$$:  108-block  2
    $$$$$:  108-block  3
    $$$$$:  108-block  4
    $$$$$:  108-block  5
    $$$$$:  108-block  6
    $$$$$:  108-block  7
        1:  108-block  8
    $$$$$:  108-block  9
    $$$$$:  108-block 10
    $$$$$:  108-block 11
        -:  109:
        -:  110:// Nuevos casos de test
        -:  111:
function _ZN57creceElTeleworkingEnCiudadesGrandesTEST_nadieTrabaja_Test8TestBodyEv called 1 returned 100% blocks executed 38%
function _ZN57creceElTeleworkingEnCiudadesGrandesTEST_nadieTrabaja_TestD1Ev called 1 returned 100% blocks executed 100%
function _ZN57creceElTeleworkingEnCiudadesGrandesTEST_nadieTrabaja_TestD0Ev called 1 returned 100% blocks executed 100%
function _ZN57creceElTeleworkingEnCiudadesGrandesTEST_nadieTrabaja_TestC1Ev called 1 returned 100% blocks executed 100%
function _ZN57creceElTeleworkingEnCiudadesGrandesTEST_nadieTrabaja_TestC2Ev called 1 returned 100% blocks executed 100%
function _ZN57creceElTeleworkingEnCiudadesGrandesTEST_nadieTrabaja_TestD2Ev called 1 returned 100% blocks executed 100%
        4:  112:TEST(creceElTeleworkingEnCiudadesGrandesTEST, nadieTrabaja) {
        1:  112-block  0
branch  0 taken 1
branch  1 taken 0
        1:  112-block  1
branch  2 taken 1
branch  3 taken 0
        1:  112-block  2
branch  4 taken 1
branch  5 taken 0
        1:  112-block  3
branch  6 taken 1
branch  7 taken 0
        1:  112-block  4
branch  8 taken 1
branch  9 taken 0
        1:  112-block  5
    $$$$$:  112-block  6
    $$$$$:  112-block  7
    $$$$$:  112-block  8
    $$$$$:  112-block  9
    $$$$$:  112-block 10
    $$$$$:  112-block 11
        1:  112-block 12
        1:  112-block 13
        -:  113:
        -:  114://                                                        +500  Tipo       Lugar para trabajar
        -:  115://                                                           v   v           v
        1:  116:    eph_h t1h = {{22114, 2018,   3,  319611, 629088, 3,  41, 1,  1,  3,  1,  2}, // Esta no: Sin lugar para trabajar
        1:  116-block  0
branch  0 taken 1
branch  1 taken 0
        1:  116-block  1
branch  2 taken 1
branch  3 taken 0
        1:  116-block  2
        1:  116-block  3
    $$$$$:  116-block  4
    $$$$$:  116-block  5
    $$$$$:  116-block  6
    $$$$$:  116-block  7
    $$$$$:  116-block  8
    $$$$$:  116-block  9
    $$$$$:  116-block 10
    $$$$$:  116-block 11
    $$$$$:  116-block 12
    $$$$$:  116-block 13
    $$$$$:  116-block 14
        1:  117:                 {31117, 2018,   3,  332870, 642475, 3,  40, 1,  1,  6,  6,  1},
        1:  117-block  0
branch  0 taken 1
branch  1 taken 0
        1:  118:                 {22866, 2018,   3,  317157, 627217, 2,  42, 1,  3,  2,  2,  1},// Esta no: Hotel
        1:  118-block  0
branch  0 taken 1
branch  1 taken 0
        1:  119:                 {20957, 2018,   3,  313965, 623297, 1,  43, 0,  1,  3,  1,  1}};// Esta no: menos 500
        1:  119-block  0
branch  0 taken 1
branch  1 taken 0
        -:  120:
        -:  121://                                                                   Ubicación
        -:  122://                                                                   v
        1:  123:    eph_i t1i = {{20957, 2018,   1,  1,  3,  1,  88, 0,  0,  90000,  1},
        1:  123-block  0
branch  0 taken 1
branch  1 taken 0
        1:  123-block  1
branch  2 taken 1
branch  3 taken 0
        1:  123-block  2
        1:  123-block  3
    $$$$$:  123-block  4
    $$$$$:  123-block  5
    $$$$$:  123-block  6
    $$$$$:  123-block  7
    $$$$$:  123-block  8
    $$$$$:  123-block  9
    $$$$$:  123-block 10
    $$$$$:  123-block 11
    $$$$$:  123-block 12
    $$$$$:  123-block 13
        1:  124:                 {20957, 2018,   2,  1,  3,  2,  82, 0,  0,  25000,  1},
        1:  124-block  0
branch  0 taken 1
branch  1 taken 0
        1:  125:                 {22866, 2018,   1,  0,  3,  1,  31, 0,  3,  59000,  1},
        1:  125-block  0
branch  0 taken 1
branch  1 taken 0
        1:  126:                 {22866, 2018,   2,  1,  3,  2,  28, 0,  3,  0,      6}, // Esta no: Hotel
        1:  126-block  0
branch  0 taken 1
branch  1 taken 0
        1:  127:                 {31117, 2018,   3,  0,  3,  2,  46, 0,  3,  17000,  1},
        1:  127-block  0
branch  0 taken 1
branch  1 taken 0
        1:  128:                 {31117, 2018,   4,  0,  3,  1,  20, 0,  3,  5000,   6},
        1:  128-block  0
branch  0 taken 1
branch  1 taken 0
        1:  129:                 {31117, 2018,   5,  0,  3,  2,  15, 0,  0,  5000,   1},
        1:  129-block  0
branch  0 taken 1
branch  1 taken 0
        1:  130:                 {22114, 2018,   1,  0,  3,  1,  18, 0,  0,  20000,  1}};
        1:  130-block  0
branch  0 taken 1
branch  1 taken 0
        -:  131:
        -:  132:
        -:  133://                                                        +500  Tipo       Lugar para trabajar
        -:  134://                                                           v   v           v
        1:  135:    eph_h t2h = {{22114, 2020,   3,  319611, 629088, 3,  41, 1,  1,  3,  1,  2}, // Esta no: Sin lugar para trabajar
        1:  135-block  0
branch  0 taken 1
branch  1 taken 0
        1:  135-block  1
branch  2 taken 1
branch  3 taken 0
        1:  135-block  2
        1:  135-block  3
    $$$$$:  135-block  4
    $$$$$:  135-block  5
    $$$$$:  135-block  6
    $$$$$:  135-block  7
    $$$$$:  135-block  8
    $$$$$:  135-block  9
    $$$$$:  135-block 10
    $$$$$:  135-block 11
    $$$$$:  135-block 12
    $$$$$:  135-block 13
        1:  136:                 {31117, 2020,   3,  332870, 642475, 3,  40, 1,  1,  6,  6,  1},
        1:  136-block  0
branch  0 taken 1
branch  1 taken 0
        1:  137:                 {22866, 2020,   3,  317157, 627217, 2,  42, 1,  3,  2,  2,  1},// Esta no: Hotel
        1:  137-block  0
branch  0 taken 1
branch  1 taken 0
        1:  138:                 {20957, 2020,   3,  313965, 623297, 1,  43, 0,  1,  3,  1,  1}};// Esta no: menos 500
        1:  138-block  0
branch  0 taken 1
branch  1 taken 0
        -:  139:
        1:  140:    eph_i t2i = {{20957, 2020,   1,  1,  3,  1,  88, 0,  0,  90000,  1},
        1:  140-block  0
branch  0 taken 1
branch  1 taken 0
        1:  140-block  1
branch  2 taken 1
branch  3 taken 0
        1:  140-block  2
        1:  140-block  3
    $$$$$:  140-block  4
    $$$$$:  140-block  5
    $$$$$:  140-block  6
    $$$$$:  140-block  7
    $$$$$:  140-block  8
    $$$$$:  140-block  9
    $$$$$:  140-block 10
    $$$$$:  140-block 11
    $$$$$:  140-block 12
    $$$$$:  140-block 13
        1:  141:                 {20957, 2020,   2,  1,  3,  2,  82, 0,  0,  25000,  1},
        1:  141-block  0
branch  0 taken 1
branch  1 taken 0
        1:  142:                 {22866, 2020,   1,  0,  3,  1,  31, 0,  3,  59000,  1},
        1:  142-block  0
branch  0 taken 1
branch  1 taken 0
        1:  143:                 {22866, 2020,   2,  1,  3,  2,  28, 0,  3,  0,      6}, // Esta no: Hotel
        1:  143-block  0
branch  0 taken 1
branch  1 taken 0
        1:  144:                 {31117, 2020,   3,  0,  3,  2,  46, 0,  3,  17000,  1},
        1:  144-block  0
branch  0 taken 1
branch  1 taken 0
        1:  145:                 {31117, 2020,   4,  0,  3,  1,  20, 0,  3,  5000,   6},
        1:  145-block  0
branch  0 taken 1
branch  1 taken 0
        1:  146:                 {31117, 2020,   5,  0,  3,  2,  15, 0,  0,  5000,   6}, // estado no informado
        1:  146-block  0
branch  0 taken 1
branch  1 taken 0
        1:  147:                 {22114, 2020,   1,  0,  3,  1,  18, 0,  0,  20000,  1}};
        1:  147-block  0
branch  0 taken 1
branch  1 taken 0
        -:  148:
        1:  149:    EXPECT_TRUE(esEncuestaValida(t1h, t1i));
        1:  149-block  0
branch  0 taken 1
branch  1 taken 0
        1:  149-block  1
branch  2 taken 1
branch  3 taken 0
        1:  149-block  2
branch  4 taken 1
branch  5 taken 0
        1:  149-block  3
branch  6 taken 1
branch  7 taken 0
        1:  149-block  4
branch  8 taken 1
branch  9 taken 0
        1:  149-block  5
branch 10 taken 0
branch 11 taken 1
        1:  149-block  6
    $$$$$:  149-block  7
    $$$$$:  149-block  8
    $$$$$:  149-block  9
branch 12 never executed
branch 13 never executed
    $$$$$:  149-block 10
branch 14 never executed
branch 15 never executed
    $$$$$:  149-block 11
branch 16 never executed
branch 17 never executed
    $$$$$:  149-block 12
branch 18 never executed
branch 19 never executed
    $$$$$:  149-block 13
    $$$$$:  149-block 14
    $$$$$:  149-block 15
    $$$$$:  149-block 16
    $$$$$:  149-block 17
        1:  150:    EXPECT_TRUE(esEncuestaValida(t2h, t2i));
        1:  150-block  0
branch  0 taken 1
branch  1 taken 0
        1:  150-block  1
branch  2 taken 1
branch  3 taken 0
        1:  150-block  2
branch  4 taken 1
branch  5 taken 0
        1:  150-block  3
branch  6 taken 1
branch  7 taken 0
        1:  150-block  4
branch  8 taken 1
branch  9 taken 0
        1:  150-block  5
branch 10 taken 0
branch 11 taken 1
        1:  150-block  6
    $$$$$:  150-block  7
    $$$$$:  150-block  8
    $$$$$:  150-block  9
branch 12 never executed
branch 13 never executed
    $$$$$:  150-block 10
branch 14 never executed
branch 15 never executed
    $$$$$:  150-block 11
branch 16 never executed
branch 17 never executed
    $$$$$:  150-block 12
branch 18 never executed
branch 19 never executed
    $$$$$:  150-block 13
    $$$$$:  150-block 14
    $$$$$:  150-block 15
    $$$$$:  150-block 16
    $$$$$:  150-block 17
        -:  151:
        1:  152:    EXPECT_FALSE(creceElTeleworkingEnCiudadesGrandes(t1h, t1i, t2h, t2i) );
        1:  152-block  0
branch  0 taken 1
branch  1 taken 0
        1:  152-block  1
branch  2 taken 1
branch  3 taken 0
        1:  152-block  2
branch  4 taken 1
branch  5 taken 0
        1:  152-block  3
branch  6 taken 1
branch  7 taken 0
        1:  152-block  4
branch  8 taken 1
branch  9 taken 0
        1:  152-block  5
branch 10 taken 1
branch 11 taken 0
        1:  152-block  6
branch 12 taken 1
branch 13 taken 0
        1:  152-block  7
branch 14 taken 0
branch 15 taken 1
        1:  152-block  8
    $$$$$:  152-block  9
    $$$$$:  152-block 10
    $$$$$:  152-block 11
    $$$$$:  152-block 12
    $$$$$:  152-block 13
branch 16 never executed
branch 17 never executed
    $$$$$:  152-block 14
branch 18 never executed
branch 19 never executed
    $$$$$:  152-block 15
branch 20 never executed
branch 21 never executed
    $$$$$:  152-block 16
branch 22 never executed
branch 23 never executed
    $$$$$:  152-block 17
    $$$$$:  152-block 18
    $$$$$:  152-block 19
    $$$$$:  152-block 20
    $$$$$:  152-block 21
        1:  153:}
    $$$$$:  153-block  0
    $$$$$:  153-block  1
    $$$$$:  153-block  2
    $$$$$:  153-block  3
    $$$$$:  153-block  4
    $$$$$:  153-block  5
    $$$$$:  153-block  6
    $$$$$:  153-block  7
    $$$$$:  153-block  8
    $$$$$:  153-block  9
    $$$$$:  153-block 10
    $$$$$:  153-block 11
    $$$$$:  153-block 12
    $$$$$:  153-block 13
    $$$$$:  153-block 14
        1:  153-block 15
    $$$$$:  153-block 16
    $$$$$:  153-block 17
    $$$$$:  153-block 18
    $$$$$:  153-block 19
        -:  154:
function _ZN59creceElTeleworkingEnCiudadesGrandesTEST_nadaHaCambiado_Test8TestBodyEv called 1 returned 100% blocks executed 38%
function _ZN59creceElTeleworkingEnCiudadesGrandesTEST_nadaHaCambiado_TestD1Ev called 1 returned 100% blocks executed 100%
function _ZN59creceElTeleworkingEnCiudadesGrandesTEST_nadaHaCambiado_TestD0Ev called 1 returned 100% blocks executed 100%
function _ZN59creceElTeleworkingEnCiudadesGrandesTEST_nadaHaCambiado_TestC1Ev called 1 returned 100% blocks executed 100%
function _ZN59creceElTeleworkingEnCiudadesGrandesTEST_nadaHaCambiado_TestC2Ev called 1 returned 100% blocks executed 100%
function _ZN59creceElTeleworkingEnCiudadesGrandesTEST_nadaHaCambiado_TestD2Ev called 1 returned 100% blocks executed 100%
        4:  155:TEST(creceElTeleworkingEnCiudadesGrandesTEST, nadaHaCambiado) { //Nada cambio de un año a otro. Prueba dos listas iguales
        1:  155-block  0
branch  0 taken 1
branch  1 taken 0
        1:  155-block  1
branch  2 taken 1
branch  3 taken 0
        1:  155-block  2
branch  4 taken 1
branch  5 taken 0
        1:  155-block  3
branch  6 taken 1
branch  7 taken 0
        1:  155-block  4
branch  8 taken 1
branch  9 taken 0
        1:  155-block  5
    $$$$$:  155-block  6
    $$$$$:  155-block  7
    $$$$$:  155-block  8
    $$$$$:  155-block  9
    $$$$$:  155-block 10
    $$$$$:  155-block 11
        1:  155-block 12
        1:  155-block 13
        -:  156:
        -:  157://                                                        +500  Tipo       Lugar para trabajar
        -:  158://                                                           v   v           v
        1:  159:    eph_h t1h = {{22114, 2018,   3,  319611, 629088, 3,  41, 1,  1,  3,  1,  2}, // Esta no: Sin lugar para trabajar
        1:  159-block  0
branch  0 taken 1
branch  1 taken 0
        1:  159-block  1
branch  2 taken 1
branch  3 taken 0
        1:  159-block  2
        1:  159-block  3
    $$$$$:  159-block  4
    $$$$$:  159-block  5
    $$$$$:  159-block  6
    $$$$$:  159-block  7
    $$$$$:  159-block  8
    $$$$$:  159-block  9
    $$$$$:  159-block 10
    $$$$$:  159-block 11
    $$$$$:  159-block 12
    $$$$$:  159-block 13
    $$$$$:  159-block 14
        1:  160:                 {31117, 2018,   3,  332870, 642475, 3,  40, 1,  1,  6,  6,  1},
        1:  160-block  0
branch  0 taken 1
branch  1 taken 0
        1:  161:                 {22866, 2018,   3,  317157, 627217, 2,  42, 1,  3,  2,  2,  1},// Esta no: Hotel
        1:  161-block  0
branch  0 taken 1
branch  1 taken 0
        1:  162:                 {20957, 2018,   3,  313965, 623297, 1,  43, 0,  1,  3,  1,  1}};// Esta no: menos 500
        1:  162-block  0
branch  0 taken 1
branch  1 taken 0
        -:  163:
        -:  164://                                                                   Ubicación
        -:  165://                                                                   v
        1:  166:    eph_i t1i = {{20957, 2018,   1,  1,  3,  1,  88, 0,  0,  90000,  1},
        1:  166-block  0
branch  0 taken 1
branch  1 taken 0
        1:  166-block  1
branch  2 taken 1
branch  3 taken 0
        1:  166-block  2
        1:  166-block  3
    $$$$$:  166-block  4
    $$$$$:  166-block  5
    $$$$$:  166-block  6
    $$$$$:  166-block  7
    $$$$$:  166-block  8
    $$$$$:  166-block  9
    $$$$$:  166-block 10
    $$$$$:  166-block 11
    $$$$$:  166-block 12
    $$$$$:  166-block 13
        1:  167:                 {20957, 2018,   2,  1,  3,  2,  82, 0,  0,  25000,  1},
        1:  167-block  0
branch  0 taken 1
branch  1 taken 0
        1:  168:                 {22866, 2018,   1,  0,  3,  1,  31, 1,  3,  59000,  1},
        1:  168-block  0
branch  0 taken 1
branch  1 taken 0
        1:  169:                 {22866, 2018,   2,  1,  3,  2,  28, 1,  3,  0,      6}, // Esta no: Hotel
        1:  169-block  0
branch  0 taken 1
branch  1 taken 0
        1:  170:                 {31117, 2018,   3,  0,  3,  2,  46, 1,  3,  17000,  1},
        1:  170-block  0
branch  0 taken 1
branch  1 taken 0
        1:  171:                 {31117, 2018,   4,  0,  3,  1,  20, 1,  3,  5000,   6},
        1:  171-block  0
branch  0 taken 1
branch  1 taken 0
        1:  172:                 {31117, 2018,   5,  0,  3,  2,  15, 0,  0,  5000,   1},
        1:  172-block  0
branch  0 taken 1
branch  1 taken 0
        1:  173:                 {22114, 2018,   1,  0,  3,  1,  18, 0,  0,  20000,  1}};
        1:  173-block  0
branch  0 taken 1
branch  1 taken 0
        -:  174:
        -:  175:
        -:  176://                                                        +500  Tipo       Lugar para trabajar
        -:  177://                                                           v   v           v
        1:  178:    eph_h t2h = {{22114, 2018,   3,  319611, 629088, 3,  41, 1,  1,  3,  1,  2}, // Esta no: Sin lugar para trabajar
        1:  178-block  0
branch  0 taken 1
branch  1 taken 0
        1:  178-block  1
branch  2 taken 1
branch  3 taken 0
        1:  178-block  2
        1:  178-block  3
    $$$$$:  178-block  4
    $$$$$:  178-block  5
    $$$$$:  178-block  6
    $$$$$:  178-block  7
    $$$$$:  178-block  8
    $$$$$:  178-block  9
    $$$$$:  178-block 10
    $$$$$:  178-block 11
    $$$$$:  178-block 12
    $$$$$:  178-block 13
        1:  179:                 {31117, 2018,   3,  332870, 642475, 3,  40, 1,  1,  6,  6,  1},
        1:  179-block  0
branch  0 taken 1
branch  1 taken 0
        1:  180:                 {22866, 2018,   3,  317157, 627217, 2,  42, 1,  3,  2,  2,  1},// Esta no: Hotel
        1:  180-block  0
branch  0 taken 1
branch  1 taken 0
        1:  181:                 {20957, 2018,   3,  313965, 623297, 1,  43, 0,  1,  3,  1,  1}};// Esta no: menos 500
        1:  181-block  0
branch  0 taken 1
branch  1 taken 0
        -:  182:
        -:  183://                                                                   Ubicación
        -:  184://                                                                   v
        1:  185:    eph_i t2i = {{20957, 2018,   1,  1,  3,  1,  88, 0,  0,  90000,  1},
        1:  185-block  0
branch  0 taken 1
branch  1 taken 0
        1:  185-block  1
branch  2 taken 1
branch  3 taken 0
        1:  185-block  2
        1:  185-block  3
    $$$$$:  185-block  4
    $$$$$:  185-block  5
    $$$$$:  185-block  6
    $$$$$:  185-block  7
    $$$$$:  185-block  8
    $$$$$:  185-block  9
    $$$$$:  185-block 10
    $$$$$:  185-block 11
    $$$$$:  185-block 12
    $$$$$:  185-block 13
        1:  186:                 {20957, 2018,   2,  1,  3,  2,  82, 0,  0,  25000,  1},
        1:  186-block  0
branch  0 taken 1
branch  1 taken 0
        1:  187:                 {22866, 2018,   1,  0,  3,  1,  31, 1,  3,  59000,  1},
        1:  187-block  0
branch  0 taken 1
branch  1 taken 0
        1:  188:                 {22866, 2018,   2,  1,  3,  2,  28, 1,  3,  0,      6}, // Esta no: Hotel
        1:  188-block  0
branch  0 taken 1
branch  1 taken 0
        1:  189:                 {31117, 2018,   3,  0,  3,  2,  46, 1,  3,  17000,  1},
        1:  189-block  0
branch  0 taken 1
branch  1 taken 0
        1:  190:                 {31117, 2018,   4,  0,  3,  1,  20, 1,  3,  5000,   6},
        1:  190-block  0
branch  0 taken 1
branch  1 taken 0
        1:  191:                 {31117, 2018,   5,  0,  3,  2,  15, 0,  0,  5000,   1},
        1:  191-block  0
branch  0 taken 1
branch  1 taken 0
        1:  192:                 {22114, 2018,   1,  0,  3,  1,  18, 0,  0,  20000,  1}};
        1:  192-block  0
branch  0 taken 1
branch  1 taken 0
        -:  193:
        -:  194:
        1:  195:    EXPECT_TRUE(esEncuestaValida(t1h, t1i));
        1:  195-block  0
branch  0 taken 1
branch  1 taken 0
        1:  195-block  1
branch  2 taken 1
branch  3 taken 0
        1:  195-block  2
branch  4 taken 1
branch  5 taken 0
        1:  195-block  3
branch  6 taken 1
branch  7 taken 0
        1:  195-block  4
branch  8 taken 1
branch  9 taken 0
        1:  195-block  5
branch 10 taken 0
branch 11 taken 1
        1:  195-block  6
    $$$$$:  195-block  7
    $$$$$:  195-block  8
    $$$$$:  195-block  9
branch 12 never executed
branch 13 never executed
    $$$$$:  195-block 10
branch 14 never executed
branch 15 never executed
    $$$$$:  195-block 11
branch 16 never executed
branch 17 never executed
    $$$$$:  195-block 12
branch 18 never executed
branch 19 never executed
    $$$$$:  195-block 13
    $$$$$:  195-block 14
    $$$$$:  195-block 15
    $$$$$:  195-block 16
    $$$$$:  195-block 17
        1:  196:    EXPECT_TRUE(esEncuestaValida(t2h, t2i));
        1:  196-block  0
branch  0 taken 1
branch  1 taken 0
        1:  196-block  1
branch  2 taken 1
branch  3 taken 0
        1:  196-block  2
branch  4 taken 1
branch  5 taken 0
        1:  196-block  3
branch  6 taken 1
branch  7 taken 0
        1:  196-block  4
branch  8 taken 1
branch  9 taken 0
        1:  196-block  5
branch 10 taken 0
branch 11 taken 1
        1:  196-block  6
    $$$$$:  196-block  7
    $$$$$:  196-block  8
    $$$$$:  196-block  9
branch 12 never executed
branch 13 never executed
    $$$$$:  196-block 10
branch 14 never executed
branch 15 never executed
    $$$$$:  196-block 11
branch 16 never executed
branch 17 never executed
    $$$$$:  196-block 12
branch 18 never executed
branch 19 never executed
    $$$$$:  196-block 13
    $$$$$:  196-block 14
    $$$$$:  196-block 15
    $$$$$:  196-block 16
    $$$$$:  196-block 17
        -:  197:
        1:  198:    EXPECT_FALSE(creceElTeleworkingEnCiudadesGrandes(t1h, t1i, t2h, t2i) );
        1:  198-block  0
branch  0 taken 1
branch  1 taken 0
        1:  198-block  1
branch  2 taken 1
branch  3 taken 0
        1:  198-block  2
branch  4 taken 1
branch  5 taken 0
        1:  198-block  3
branch  6 taken 1
branch  7 taken 0
        1:  198-block  4
branch  8 taken 1
branch  9 taken 0
        1:  198-block  5
branch 10 taken 1
branch 11 taken 0
        1:  198-block  6
branch 12 taken 1
branch 13 taken 0
        1:  198-block  7
branch 14 taken 0
branch 15 taken 1
        1:  198-block  8
    $$$$$:  198-block  9
    $$$$$:  198-block 10
    $$$$$:  198-block 11
    $$$$$:  198-block 12
    $$$$$:  198-block 13
branch 16 never executed
branch 17 never executed
    $$$$$:  198-block 14
branch 18 never executed
branch 19 never executed
    $$$$$:  198-block 15
branch 20 never executed
branch 21 never executed
    $$$$$:  198-block 16
branch 22 never executed
branch 23 never executed
    $$$$$:  198-block 17
    $$$$$:  198-block 18
    $$$$$:  198-block 19
    $$$$$:  198-block 20
    $$$$$:  198-block 21
        1:  199:}
    $$$$$:  199-block  0
    $$$$$:  199-block  1
    $$$$$:  199-block  2
    $$$$$:  199-block  3
    $$$$$:  199-block  4
    $$$$$:  199-block  5
    $$$$$:  199-block  6
    $$$$$:  199-block  7
    $$$$$:  199-block  8
    $$$$$:  199-block  9
    $$$$$:  199-block 10
    $$$$$:  199-block 11
    $$$$$:  199-block 12
    $$$$$:  199-block 13
    $$$$$:  199-block 14
        1:  199-block 15
    $$$$$:  199-block 16
    $$$$$:  199-block 17
    $$$$$:  199-block 18
    $$$$$:  199-block 19
        -:  200:
function _ZN57creceElTeleworkingEnCiudadesGrandesTEST_eph2018a2020_Test8TestBodyEv called 1 returned 100% blocks executed 35%
function _ZN57creceElTeleworkingEnCiudadesGrandesTEST_eph2018a2020_TestD1Ev called 1 returned 100% blocks executed 100%
function _ZN57creceElTeleworkingEnCiudadesGrandesTEST_eph2018a2020_TestD0Ev called 1 returned 100% blocks executed 100%
function _ZN57creceElTeleworkingEnCiudadesGrandesTEST_eph2018a2020_TestC1Ev called 1 returned 100% blocks executed 100%
function _ZN57creceElTeleworkingEnCiudadesGrandesTEST_eph2018a2020_TestC2Ev called 1 returned 100% blocks executed 100%
function _ZN57creceElTeleworkingEnCiudadesGrandesTEST_eph2018a2020_TestD2Ev called 1 returned 100% blocks executed 100%
        4:  201:TEST(creceElTeleworkingEnCiudadesGrandesTEST, eph2018a2020) {
        1:  201-block  0
branch  0 taken 1
branch  1 taken 0
        1:  201-block  1
branch  2 taken 1
branch  3 taken 0
        1:  201-block  2
branch  4 taken 1
branch  5 taken 0
        1:  201-block  3
branch  6 taken 1
branch  7 taken 0
        1:  201-block  4
branch  8 taken 1
branch  9 taken 0
        1:  201-block  5
    $$$$$:  201-block  6
    $$$$$:  201-block  7
    $$$$$:  201-block  8
    $$$$$:  201-block  9
    $$$$$:  201-block 10
    $$$$$:  201-block 11
        1:  201-block 12
        1:  201-block 13
        1:  202:    eph_h t1h;
        1:  203:    eph_i t1i;
        1:  204:    leerEncuesta ( "eph_3c_2018_100", t1h, t1i );
        1:  204-block  0
branch  0 taken 1
branch  1 taken 0
        1:  204-block  1
branch  2 taken 1
branch  3 taken 0
    $$$$$:  204-block  2
        -:  205:
        1:  206:    eph_h t2h;
        1:  207:    eph_i t2i;
        1:  208:    leerEncuesta ( "eph_3c_2020_100", t2h, t2i );
        1:  208-block  0
branch  0 taken 1
branch  1 taken 0
        1:  208-block  1
branch  2 taken 1
branch  3 taken 0
    $$$$$:  208-block  2
        -:  209:
        1:  210:    EXPECT_FALSE(creceElTeleworkingEnCiudadesGrandes(t1h, t1i, t2h, t2i) );
        1:  210-block  0
branch  0 taken 1
branch  1 taken 0
        1:  210-block  1
branch  2 taken 1
branch  3 taken 0
        1:  210-block  2
branch  4 taken 1
branch  5 taken 0
        1:  210-block  3
branch  6 taken 1
branch  7 taken 0
        1:  210-block  4
branch  8 taken 1
branch  9 taken 0
        1:  210-block  5
branch 10 taken 1
branch 11 taken 0
        1:  210-block  6
branch 12 taken 1
branch 13 taken 0
        1:  210-block  7
branch 14 taken 0
branch 15 taken 1
        1:  210-block  8
    $$$$$:  210-block  9
    $$$$$:  210-block 10
    $$$$$:  210-block 11
    $$$$$:  210-block 12
    $$$$$:  210-block 13
branch 16 never executed
branch 17 never executed
    $$$$$:  210-block 14
branch 18 never executed
branch 19 never executed
    $$$$$:  210-block 15
branch 20 never executed
branch 21 never executed
    $$$$$:  210-block 16
branch 22 never executed
branch 23 never executed
    $$$$$:  210-block 17
    $$$$$:  210-block 18
    $$$$$:  210-block 19
    $$$$$:  210-block 20
    $$$$$:  210-block 21
        1:  211:}
    $$$$$:  211-block  0
    $$$$$:  211-block  1
    $$$$$:  211-block  2
    $$$$$:  211-block  3
    $$$$$:  211-block  4
    $$$$$:  211-block  5
    $$$$$:  211-block  6
    $$$$$:  211-block  7
        1:  211-block  8
    $$$$$:  211-block  9
    $$$$$:  211-block 10
    $$$$$:  211-block 11
        -:  212:
