        -:    0:Source:/Users/martinacuna/Documents/Facultad/Algoritmos/TPI/algoI_tp2/ejercicios.cpp
        -:    0:Graph:/Users/martinacuna/Documents/Facultad/Algoritmos/TPI/algoI_tp2/cmake-build-debug/CMakeFiles/tpi.dir/ejercicios.gcno
        -:    0:Data:/Users/martinacuna/Documents/Facultad/Algoritmos/TPI/algoI_tp2/cmake-build-debug/CMakeFiles/tpi.dir/ejercicios.gcda
        -:    0:Runs:1
        -:    0:Programs:1
        -:    1:#include "ejercicios.h"
        -:    2:#include "auxiliares.h"
        -:    3:#include "definiciones.h"
        -:    4:
        -:    5:using namespace std;
        -:    6:// Implementacion Problema 1
function _Z16esEncuestaValidaNSt3__16vectorINS0_IiNS_9allocatorIiEEEENS1_IS3_EEEES5_ called 52 returned 100% blocks executed 60%
       52:    7:bool esEncuestaValida ( eph_h th, eph_i ti ) {
        -:    8:    // return esValida(th, ti);
       52:    9:    if (esValida(th, ti))
       52:    9-block  0
branch  0 taken 52
branch  1 taken 0
       52:    9-block  1
branch  2 taken 0
branch  3 taken 52
       52:    9-block  2
branch  4 taken 39
branch  5 taken 13
    $$$$$:    9-block  3
    $$$$$:    9-block  4
    $$$$$:    9-block  5
       39:   10:        return true;
       39:   10-block  0
        -:   11:    else
       13:   12:        return false;
       13:   12-block  0
        -:   13:
       52:   14:}
    $$$$$:   14-block  0
       52:   14-block  1
        -:   15:
        -:   16:// Implementacion Problema 2
function _Z16histHabitacionalNSt3__16vectorINS0_IiNS_9allocatorIiEEEENS1_IS3_EEEES5_i called 4 returned 100% blocks executed 64%
        4:   17:vector < int > histHabitacional ( eph_h th, eph_i ti, int region ) {
        4:   18:	vector < int > resultado = {-1, -1, -1, -1, -1, -1};
        -:   19:	
        -:   20:	// TODO
        4:   21:    resultado.clear();
        -:   22:
       24:   23:    for(int i=1;i<=maximaCantidadDeHabitacionesEnRegion(th, region);i++){
        4:   23-block  0
       24:   23-block  1
branch  0 taken 24
branch  1 taken 0
       24:   23-block  2
branch  2 taken 24
branch  3 taken 0
       24:   23-block  3
branch  4 taken 20
branch  5 taken 4
       20:   23-block  4
    $$$$$:   23-block  5
       20:   24:        resultado.push_back(cantHogaresConNHabitaciones(th, region, i));
       20:   24-block  0
branch  0 taken 20
branch  1 taken 0
       20:   24-block  1
branch  2 taken 20
branch  3 taken 0
       20:   24-block  2
branch  4 taken 20
branch  5 taken 0
    $$$$$:   24-block  3
       20:   25:    }
       20:   25-block  0
        -:   26:
        4:   27:	return resultado;
        4:   28:}
    $$$$$:   28-block  0
        4:   28-block  1
branch  0 taken 4
branch  1 taken 0
    $$$$$:   28-block  2
        4:   28-block  3
    $$$$$:   28-block  4
    $$$$$:   28-block  5
        -:   29:
        -:   30:// Implementacion Problema 3
function _Z23laCasaEstaQuedandoChicaNSt3__16vectorINS0_IiNS_9allocatorIiEEEENS1_IS3_EEEES5_ called 1 returned 100% blocks executed 56%
        1:   31:vector< pair < int, float > > laCasaEstaQuedandoChica ( eph_h th, eph_i ti ) {
        -:   32:
        6:   33:    vector<pair<int,float>> resp = {make_pair(1,-1.0),
        1:   34:                                        make_pair(40, -1.0),
        1:   35:                                        make_pair(41, -1.0),
        1:   36:                                        make_pair(42,-1.0),
        1:   37:                                        make_pair(43,-1.0),
        1:   38:                                        make_pair(44,-1.0)};
        -:   39:	// TODO
        -:   40:
        1:   41:    int respSize = resp.size();
        -:   42:
        7:   43:    for(int i=0;i<respSize;i++){
        1:   43-block  0
        7:   43-block  1
branch  0 taken 1
branch  1 taken 6
        6:   43-block  2
        6:   44:        resp[i].second = proporcionDeCasasConHC(th,ti, resp[i].first);
        6:   44-block  0
branch  0 taken 6
branch  1 taken 0
        6:   44-block  1
branch  2 taken 0
branch  3 taken 6
        6:   44-block  2
branch  4 taken 0
branch  5 taken 6
    $$$$$:   44-block  3
    $$$$$:   44-block  4
        6:   45:    }
        6:   45-block  0
        -:   46:
        1:   47:    return resp;
        1:   48:}
    $$$$$:   48-block  0
    $$$$$:   48-block  1
        1:   48-block  2
branch  0 taken 1
branch  1 taken 0
    $$$$$:   48-block  3
        1:   48-block  4
    $$$$$:   48-block  5
    $$$$$:   48-block  6
        -:   49:
        -:   50:// Implementacion Problema 4
function _Z35creceElTeleworkingEnCiudadesGrandesNSt3__16vectorINS0_IiNS_9allocatorIiEEEENS1_IS3_EEEES5_S5_S5_ called 6 returned 100% blocks executed 42%
        6:   51:bool creceElTeleworkingEnCiudadesGrandes ( eph_h t1h, eph_i t1i, eph_h t2h, eph_i t2i ) {
        6:   52:    return proporcionTeleworking(t2h, t2i) > proporcionTeleworking(t1h, t1i);
        6:   52-block  0
branch  0 taken 6
branch  1 taken 0
        6:   52-block  1
branch  2 taken 6
branch  3 taken 0
        6:   52-block  2
branch  4 taken 6
branch  5 taken 0
        6:   52-block  3
branch  6 taken 6
branch  7 taken 0
        6:   52-block  4
branch  8 taken 0
branch  9 taken 6
        6:   52-block  5
    $$$$$:   52-block  6
    $$$$$:   52-block  7
    $$$$$:   52-block  8
    $$$$$:   52-block  9
    $$$$$:   52-block 10
    #####:   53:}
    $$$$$:   53-block  0
    $$$$$:   53-block  1
    $$$$$:   53-block  2
        -:   54:
        -:   55:// Implementacion Problema 5
function _Z19costoSubsidioMejoraNSt3__16vectorINS0_IiNS_9allocatorIiEEEENS1_IS3_EEEES5_i called 5 returned 100% blocks executed 60%
        5:   56:int costoSubsidioMejora( eph_h th, eph_i ti, int monto ){
        5:   57:    int resp = 0;
       23:   58:    for(int i = 0; i < th.size(); i++) {
        5:   58-block  0
       23:   58-block  1
branch  0 taken 18
branch  1 taken 5
       18:   58-block  2
       18:   59:        hogar h = th[i];
       31:   60:        if(tieneCasaPropia(h) && tieneCasaChica(h, ti)) {
       18:   60-block  0
branch  0 taken 18
branch  1 taken 0
       18:   60-block  1
branch  2 taken 18
branch  3 taken 0
       18:   60-block  2
branch  4 taken 13
branch  5 taken 5
       13:   60-block  3
branch  6 taken 13
branch  7 taken 0
       13:   60-block  4
branch  8 taken 0
branch  9 taken 13
       13:   60-block  5
branch 10 taken 0
branch 11 taken 13
       18:   60-block  6
branch 12 taken 5
branch 13 taken 13
       13:   60-block  7
       18:   60-block  8
branch 14 taken 5
branch 15 taken 13
       13:   60-block  9
       18:   60-block 10
branch 16 taken 8
branch 17 taken 10
    $$$$$:   60-block 11
branch 18 never executed
branch 19 never executed
    $$$$$:   60-block 12
    $$$$$:   60-block 13
    $$$$$:   60-block 14
branch 20 never executed
branch 21 never executed
    $$$$$:   60-block 15
    $$$$$:   60-block 16
    $$$$$:   60-block 17
       10:   61:            resp += monto;
       10:   62:        }
       10:   62-block  0
       18:   63:    }
       18:   63-block  0
    $$$$$:   63-block  1
    $$$$$:   63-block  2
        -:   64:
        5:   65:    return  resp;
        5:   65-block  0
    #####:   66:}
    $$$$$:   66-block  0
    $$$$$:   66-block  1
    $$$$$:   66-block  2
        -:   67:
        -:   68:// Implementacion Problema 6
function _Z11generarJoinNSt3__16vectorINS0_IiNS_9allocatorIiEEEENS1_IS3_EEEES5_ called 4 returned 100% blocks executed 73%
        4:   69:join_hi generarJoin( eph_h th, eph_i ti ){
        4:   70:    join_hi resp;
       29:   71:    for (int i= 0; i<ti.size(); i++) {
        4:   71-block  0
       29:   71-block  1
branch  0 taken 4
branch  1 taken 25
       25:   71-block  2
      110:   72:        for (int h =0; h<th.size(); h++) {
       25:   72-block  0
      110:   72-block  1
branch  0 taken 85
branch  1 taken 25
       85:   72-block  2
       85:   73:            if (ti[i][ItemInd::INDCODUSU]==th[h][ItemHogar::HOGCODUSU]) {
       85:   73-block  0
branch  0 taken 60
branch  1 taken 25
       25:   74:                resp.push_back(make_pair(th[h],ti[i]));
       25:   74-block  0
branch  0 taken 25
branch  1 taken 0
       25:   74-block  1
branch  2 taken 0
branch  3 taken 25
    $$$$$:   74-block  2
       25:   75:            }
       25:   75-block  0
       85:   76:        }
       85:   76-block  0
       25:   77:    }
       25:   77-block  0
        -:   78:
        4:   79:    return  resp;
        -:   80:
        4:   81:}
    $$$$$:   81-block  0
        4:   81-block  1
branch  0 taken 4
branch  1 taken 0
    $$$$$:   81-block  2
        4:   81-block  3
    $$$$$:   81-block  4
    $$$$$:   81-block  5
        -:   82:
        -:   83:// Implementacion Problema 7
function _Z20ordenarRegionYCODUSURNSt3__16vectorINS0_IiNS_9allocatorIiEEEENS1_IS3_EEEES6_ called 3 returned 100% blocks executed 50%
        3:   84:void ordenarRegionYCODUSU (eph_h & th, eph_i & ti) {
        -:   85:
        3:   86:    ordenarTablaHogares(th);
        3:   87:    ordenarTablaIndividuos(ti, th);
        3:   87-block  0
branch  0 taken 3
branch  1 taken 0
    $$$$$:   87-block  1
    $$$$$:   87-block  2
        -:   88:
        3:   89:}
        3:   89-block  0
        -:   90:
        -:   91:// Implementacion Problema 8
function _Z16muestraHomogeneaRNSt3__16vectorINS0_IiNS_9allocatorIiEEEENS1_IS3_EEEES6_ called 2 returned 100% blocks executed 55%
        2:   92:vector < hogar > muestraHomogenea( eph_h & th, eph_i & ti ){
        2:   93:    hogar h = {};
        2:   94:    vector < hogar > resp = {h};
        2:   94-block  0
branch  0 taken 2
branch  1 taken 0
        2:   94-block  1
branch  2 taken 2
branch  3 taken 0
        2:   94-block  2
        2:   94-block  3
    $$$$$:   94-block  4
    $$$$$:   94-block  5
    $$$$$:   94-block  6
    $$$$$:   94-block  7
    $$$$$:   94-block  8
    $$$$$:   94-block  9
    $$$$$:   94-block 10
    $$$$$:   94-block 11
    $$$$$:   94-block 12
    $$$$$:   94-block 13
        -:   95:
        -:   96:    // TODO
        2:   97:    resp.clear();
        2:   98:    vector < hogar > temp;
        -:   99:    int diferenciaTemp;
        -:  100:
       23:  101:    for(int i=0;i<th.size();i++){
        2:  101-block  0
       23:  101-block  1
branch  0 taken 2
branch  1 taken 21
       21:  101-block  2
      242:  102:        for(int j=0;j<th.size();j++){
       21:  102-block  0
      242:  102-block  1
branch  0 taken 221
branch  1 taken 21
      221:  102-block  2
      221:  103:            temp.push_back(th[i]);
      221:  103-block  0
branch  0 taken 221
branch  1 taken 0
        -:  104:
      221:  105:            if(i !=j && diferenciaDeIngresos(ti,th[i], th[j])>0){
      221:  105-block  0
branch  0 taken 200
branch  1 taken 21
      200:  105-block  1
branch  2 taken 200
branch  3 taken 0
      200:  105-block  2
branch  4 taken 200
branch  5 taken 0
      200:  105-block  3
branch  6 taken 200
branch  7 taken 0
      200:  105-block  4
branch  8 taken 200
branch  9 taken 0
      200:  105-block  5
      221:  105-block  6
branch 10 taken 21
branch 11 taken 200
      200:  105-block  7
      221:  105-block  8
branch 12 taken 21
branch 13 taken 200
      200:  105-block  9
      221:  105-block 10
branch 14 taken 21
branch 15 taken 200
      200:  105-block 11
      221:  105-block 12
branch 16 taken 95
branch 17 taken 126
    $$$$$:  105-block 13
branch 18 never executed
branch 19 never executed
    $$$$$:  105-block 14
    $$$$$:  105-block 15
    $$$$$:  105-block 16
branch 20 never executed
branch 21 never executed
    $$$$$:  105-block 17
    $$$$$:  105-block 18
    $$$$$:  105-block 19
branch 22 never executed
branch 23 never executed
    $$$$$:  105-block 20
    $$$$$:  105-block 21
        -:  106:
       95:  107:                temp.push_back(th[j]);
       95:  107-block  0
branch  0 taken 95
branch  1 taken 0
       95:  108:                diferenciaTemp = diferenciaDeIngresos(ti, th[i], th[j]);
       95:  108-block  0
branch  0 taken 95
branch  1 taken 0
       95:  108-block  1
branch  2 taken 95
branch  3 taken 0
       95:  108-block  2
branch  4 taken 95
branch  5 taken 0
       95:  108-block  3
branch  6 taken 95
branch  7 taken 0
    $$$$$:  108-block  4
    $$$$$:  108-block  5
    $$$$$:  108-block  6
       95:  109:                buscarSiguientesHogares(th, ti, diferenciaTemp, temp, j, ingresos(th[j], ti));
       95:  109-block  0
branch  0 taken 95
branch  1 taken 0
       95:  109-block  1
branch  2 taken 95
branch  3 taken 0
       95:  109-block  2
branch  4 taken 95
branch  5 taken 0
       95:  109-block  3
branch  6 taken 95
branch  7 taken 0
       95:  109-block  4
branch  8 taken 95
branch  9 taken 0
       95:  109-block  5
branch 10 taken 95
branch 11 taken 0
    $$$$$:  109-block  6
    $$$$$:  109-block  7
    $$$$$:  109-block  8
    $$$$$:  109-block  9
        -:  110:
       95:  111:                if(temp.size()>resp.size()){
       95:  111-block  0
branch  0 taken 91
branch  1 taken 4
        4:  112:                    resp.clear();
       15:  113:                    for(int i=0;i<temp.size();i++) {
        4:  113-block  0
       15:  113-block  1
branch  0 taken 11
branch  1 taken 4
       11:  113-block  2
       11:  114:                        resp.push_back(temp[i]);
       11:  114-block  0
branch  0 taken 11
branch  1 taken 0
       11:  115:                    }
       11:  115-block  0
        4:  116:                }
        4:  116-block  0
       95:  117:            }
       95:  117-block  0
        -:  118:
      221:  119:            temp.clear();
      221:  120:        }
      221:  120-block  0
       21:  121:    }
       21:  121-block  0
        2:  122:    return  resp;
        2:  123:}
    $$$$$:  123-block  0
    $$$$$:  123-block  1
    $$$$$:  123-block  2
    $$$$$:  123-block  3
    $$$$$:  123-block  4
    $$$$$:  123-block  5
    $$$$$:  123-block  6
    $$$$$:  123-block  7
        2:  123-block  8
branch  0 taken 2
branch  1 taken 0
    $$$$$:  123-block  9
    $$$$$:  123-block 10
        2:  123-block 11
    $$$$$:  123-block 12
    $$$$$:  123-block 13
        -:  124:
        -:  125:// Implementacion Problema 9
function _Z14corregirRegionRNSt3__16vectorINS0_IiNS_9allocatorIiEEEENS1_IS3_EEEES5_ called 1 returned 100% blocks executed 100%
        1:  126:void corregirRegion( eph_h & th, eph_i ti ) {
        1:  127:    cambiaRegionesGBAaPampeana(th);
        -:  128:	
        1:  129:	return;
        1:  129-block  0
        -:  130:}
        -:  131:
        -:  132:// Implementacion Problema 11
function _Z31histogramaDeAnillosConcentricosNSt3__16vectorINS0_IiNS_9allocatorIiEEEENS1_IS3_EEEES5_NS_4pairIiiEES3_ called 2 returned 100% blocks executed 66%
        2:  133:vector < int > histogramaDeAnillosConcentricos( eph_h th, eph_i ti, pair < int, int > centro, vector < int > distancias ){
        2:  134:	vector < int > resp = {};
        -:  135:	
        -:  136:	// TODO
        2:  137:    int distanciasSize = distancias.size();
        -:  138:
        2:  139:    resp.push_back(cantHogaresEnAnillo(0,distancias[0],centro, th));
        2:  139-block  0
branch  0 taken 2
branch  1 taken 0
        2:  139-block  1
branch  2 taken 2
branch  3 taken 0
        2:  139-block  2
branch  4 taken 2
branch  5 taken 0
    $$$$$:  139-block  3
        -:  140:
        8:  141:    for(int i=0;i<distanciasSize-1;i++){  // Consultar sobre la especificacion si i=0 o i=1
        2:  141-block  0
        8:  141-block  1
branch  0 taken 2
branch  1 taken 6
        6:  141-block  2
        6:  142:        resp.push_back(cantHogaresEnAnillo(distancias[i],distancias[i+1],centro, th));
        6:  142-block  0
branch  0 taken 6
branch  1 taken 0
        6:  142-block  1
branch  2 taken 6
branch  3 taken 0
        6:  142-block  2
branch  4 taken 6
branch  5 taken 0
    $$$$$:  142-block  3
        6:  143:    }
        6:  143-block  0
        -:  144:	
        2:  145:	return resp;
        2:  146:}
    $$$$$:  146-block  0
        2:  146-block  1
branch  0 taken 2
branch  1 taken 0
    $$$$$:  146-block  2
        2:  146-block  3
    $$$$$:  146-block  4
    $$$$$:  146-block  5
        -:  147:
        -:  148:// Implementacion Problema 10
function _Z16quitarIndividuosRNSt3__16vectorINS0_IiNS_9allocatorIiEEEENS1_IS3_EEEES6_NS0_INS_4pairIiiEENS1_IS8_EEEE called 2 returned 100% blocks executed 56%
        2:  149:pair < eph_h, eph_i > quitarIndividuos(eph_i & ti, eph_h & th, vector < pair < int, dato > >  busqueda ){
        2:  150:    eph_h rth = {{-1, -1, -1, -1, -1, -1, -1, -1, -1, -1, -1, -1}};
        2:  150-block  0
branch  0 taken 2
branch  1 taken 0
        2:  150-block  1
branch  2 taken 2
branch  3 taken 0
        2:  150-block  2
        2:  150-block  3
    $$$$$:  150-block  4
    $$$$$:  150-block  5
    $$$$$:  150-block  6
    $$$$$:  150-block  7
    $$$$$:  150-block  8
    $$$$$:  150-block  9
    $$$$$:  150-block 10
    $$$$$:  150-block 11
    $$$$$:  150-block 12
    $$$$$:  150-block 13
    $$$$$:  150-block 14
        2:  151:    eph_i rti = {{-1, -1, -1, -1, -1, -1, -1, -1, -1, -1, -1}};
        2:  151-block  0
branch  0 taken 2
branch  1 taken 0
        2:  151-block  1
branch  2 taken 2
branch  3 taken 0
        2:  151-block  2
        2:  151-block  3
    $$$$$:  151-block  4
    $$$$$:  151-block  5
    $$$$$:  151-block  6
    $$$$$:  151-block  7
    $$$$$:  151-block  8
    $$$$$:  151-block  9
    $$$$$:  151-block 10
    $$$$$:  151-block 11
    $$$$$:  151-block 12
    $$$$$:  151-block 13
        2:  152:    pair < eph_h, eph_i > resp = make_pair(rth, rti);
        2:  152-block  0
branch  0 taken 0
branch  1 taken 2
       18:  153:    for (int i = 0; i < ti.size(); ++i) {
        2:  153-block  0
       18:  153-block  1
branch  0 taken 16
branch  1 taken 2
       16:  153-block  2
       16:  154:        individuo ind = ti[i];
       16:  154-block  0
branch  0 taken 16
branch  1 taken 0
       16:  155:        if(cumpleCondicion(busqueda, ind)) {
       16:  155-block  0
branch  0 taken 16
branch  1 taken 0
       16:  155-block  1
branch  2 taken 16
branch  3 taken 0
       16:  155-block  2
branch  4 taken 16
branch  5 taken 0
       16:  155-block  3
branch  6 taken 16
branch  7 taken 0
    $$$$$:  155-block  4
    $$$$$:  155-block  5
       16:  156:            resp.second.push_back(ind);
       16:  156-block  0
branch  0 taken 16
branch  1 taken 0
       16:  157:        }
       16:  157-block  0
       16:  158:    }
       16:  158-block  0
    $$$$$:  158-block  1
        2:  159:    vector<bool> hogarSigueTeniendoIndividuoEnEncuesta;
       20:  160:    for (int i = 0; i < resp.second.size(); ++i) {
        2:  160-block  0
       20:  160-block  1
branch  0 taken 18
branch  1 taken 2
       18:  160-block  2
       18:  161:        individuo individuoAEliminar = resp.second[i];
       18:  161-block  0
branch  0 taken 18
branch  1 taken 0
       18:  162:        eph_i::iterator it = ti.begin();
       18:  163:        bool individuoDistintoEnMismoHogar = false;
      106:  164:        while (it != ti.end()) {
       18:  164-block  0
      106:  164-block  1
branch  0 taken 18
branch  1 taken 88
       88:  164-block  2
       88:  165:            individuo individuoAComparar = *it;
       88:  165-block  0
branch  0 taken 88
branch  1 taken 0
       88:  166:            if(individuoAEliminar == individuoAComparar) {
       88:  166-block  0
branch  0 taken 88
branch  1 taken 0
       88:  166-block  1
branch  2 taken 16
branch  3 taken 72
       16:  167:                it = ti.erase(it);
       16:  167-block  0
branch  0 taken 16
branch  1 taken 0
       16:  168:            } else {
       16:  168-block  0
       72:  169:                ++it;
       72:  170:                individuoDistintoEnMismoHogar |= individuoAComparar[ItemInd::INDCODUSU] == individuoAEliminar[ItemInd::INDCODUSU];
       72:  170-block  0
        -:  171:            }
       88:  172:        }
    $$$$$:  172-block  0
       18:  173:        hogarSigueTeniendoIndividuoEnEncuesta.push_back(individuoDistintoEnMismoHogar);
       18:  173-block  0
branch  0 taken 18
branch  1 taken 0
       18:  174:    }
       18:  174-block  0
    $$$$$:  174-block  1
       20:  175:    for(int i = 0; i < resp.second.size(); i++) {
        2:  175-block  0
       20:  175-block  1
branch  0 taken 2
branch  1 taken 18
       18:  175-block  2
       18:  176:        if(!hogarSigueTeniendoIndividuoEnEncuesta[i]) {
       18:  176-block  0
branch  0 taken 18
branch  1 taken 0
       18:  176-block  1
branch  2 taken 6
branch  3 taken 12
        6:  177:            individuo ind = resp.second[i];
        6:  177-block  0
branch  0 taken 6
branch  1 taken 0
        6:  178:            eph_h::iterator hogarIterator = th.begin();
       16:  179:            while(hogarIterator != th.end()) {
        6:  179-block  0
       16:  179-block  1
branch  0 taken 10
branch  1 taken 6
       10:  179-block  2
       10:  180:                hogar h = *hogarIterator;
       10:  180-block  0
branch  0 taken 10
branch  1 taken 0
       10:  181:                if(h[ItemHogar::HOGCODUSU] == ind[ItemInd::INDCODUSU]) {
       10:  181-block  0
branch  0 taken 6
branch  1 taken 4
        4:  182:                    resp.first.push_back(h);
        4:  182-block  0
branch  0 taken 4
branch  1 taken 0
        4:  183:                    hogarIterator = th.erase(hogarIterator);
        4:  183-block  0
branch  0 taken 4
branch  1 taken 0
        4:  184:                    --hogarIterator;
        4:  185:                }
        4:  185-block  0
       10:  186:                ++hogarIterator;
       10:  187:            }
    $$$$$:  187-block  0
        6:  188:        }
        6:  188-block  0
    $$$$$:  188-block  1
       18:  189:    }
       18:  189-block  0
        -:  190:	// TODO
        -:  191:
        -:  192:
        -:  193:	
        2:  194:	return resp;
        2:  195:}
    $$$$$:  195-block  0
    $$$$$:  195-block  1
    $$$$$:  195-block  2
    $$$$$:  195-block  3
    $$$$$:  195-block  4
    $$$$$:  195-block  5
    $$$$$:  195-block  6
        2:  195-block  7
branch  0 taken 2
branch  1 taken 0
    $$$$$:  195-block  8
    $$$$$:  195-block  9
        2:  195-block 10
    $$$$$:  195-block 11
    $$$$$:  195-block 12
    $$$$$:  195-block 13
        -:  196:
        -:  197:
