        -:    0:Source:/Users/martinacuna/Documents/Facultad/Algoritmos/TPI/algoI_tp2/test/esEncuestaValidaTEST.cpp
        -:    0:Graph:/Users/martinacuna/Documents/Facultad/Algoritmos/TPI/algoI_tp2/cmake-build-debug/CMakeFiles/tpi.dir/test/esEncuestaValidaTEST.gcno
        -:    0:Data:/Users/martinacuna/Documents/Facultad/Algoritmos/TPI/algoI_tp2/cmake-build-debug/CMakeFiles/tpi.dir/test/esEncuestaValidaTEST.gcda
        -:    0:Runs:1
        -:    0:Programs:1
        -:    1:#include "../definiciones.h"
        -:    2:#include "../Funciones_TPI.h"
        -:    3:#include "../ejercicios.h"
        -:    4:#include "gtest/gtest.h"
        -:    5:#include <iostream>
        -:    6:#include <string>
        -:    7:#include "../auxiliares.h"
        -:    8:
        -:    9:using namespace std;
        -:   10:
function _ZN32esEncuestaValidaTEST_valida_Test8TestBodyEv called 1 returned 100% blocks executed 45%
function _ZN32esEncuestaValidaTEST_valida_TestD1Ev called 1 returned 100% blocks executed 100%
function _ZN32esEncuestaValidaTEST_valida_TestD0Ev called 1 returned 100% blocks executed 100%
function _ZN32esEncuestaValidaTEST_valida_TestC1Ev called 1 returned 100% blocks executed 100%
function _ZN32esEncuestaValidaTEST_valida_TestC2Ev called 1 returned 100% blocks executed 100%
function _ZN32esEncuestaValidaTEST_valida_TestD2Ev called 1 returned 100% blocks executed 100%
        4:   11:TEST(esEncuestaValidaTEST, valida) {
        1:   11-block  0
branch  0 taken 1
branch  1 taken 0
        1:   11-block  1
branch  2 taken 1
branch  3 taken 0
        1:   11-block  2
branch  4 taken 1
branch  5 taken 0
        1:   11-block  3
branch  6 taken 1
branch  7 taken 0
        1:   11-block  4
branch  8 taken 1
branch  9 taken 0
        1:   11-block  5
    $$$$$:   11-block  6
    $$$$$:   11-block  7
    $$$$$:   11-block  8
    $$$$$:   11-block  9
    $$$$$:   11-block 10
    $$$$$:   11-block 11
        1:   11-block 12
        1:   11-block 13
        -:   12:
        1:   13:    eph_h th = {{22114, 2020,   3,  319611, 629088, 3,  41, 0,  1,  3,  1,  2},
        1:   13-block  0
branch  0 taken 1
branch  1 taken 0
        1:   13-block  1
branch  2 taken 1
branch  3 taken 0
        1:   13-block  2
        1:   13-block  3
    $$$$$:   13-block  4
    $$$$$:   13-block  5
    $$$$$:   13-block  6
    $$$$$:   13-block  7
    $$$$$:   13-block  8
    $$$$$:   13-block  9
    $$$$$:   13-block 10
    $$$$$:   13-block 11
    $$$$$:   13-block 12
    $$$$$:   13-block 13
    $$$$$:   13-block 14
        1:   14:                {31117, 2020,   3,  332870, 642475, 3,  40, 0,  1,  6,  6,  2},
        1:   14-block  0
branch  0 taken 1
branch  1 taken 0
        1:   15:                {22866, 2020,   3,  317157, 627217, 2,  42, 1,  1,  2,  2,  2},
        1:   15-block  0
branch  0 taken 1
branch  1 taken 0
        1:   16:                {20957, 2020,   3,  313965, 623297, 1,  43, 0,  1,  3,  1,  2}};
        1:   16-block  0
branch  0 taken 1
branch  1 taken 0
        -:   17:
        1:   18:    eph_i ti = {{20957, 2020,   1,  1,  3,  1,  88, 0,  0,  90000,  10},
        1:   18-block  0
branch  0 taken 1
branch  1 taken 0
        1:   18-block  1
branch  2 taken 1
branch  3 taken 0
        1:   18-block  2
        1:   18-block  3
    $$$$$:   18-block  4
    $$$$$:   18-block  5
    $$$$$:   18-block  6
    $$$$$:   18-block  7
    $$$$$:   18-block  8
    $$$$$:   18-block  9
    $$$$$:   18-block 10
    $$$$$:   18-block 11
    $$$$$:   18-block 12
    $$$$$:   18-block 13
        1:   19:                {20957, 2020,   2,  1,  3,  2,  82, 0,  0,  25000,  10},
        1:   19-block  0
branch  0 taken 1
branch  1 taken 0
        1:   20:                {31117, 2020,   1,  0,  3,  1,  58, 1,  3,  22000,  1},
        1:   20-block  0
branch  0 taken 1
branch  1 taken 0
        1:   21:                {31117, 2020,   2,  0,  3,  2,  54, 1,  1,  -1,     1},
        1:   21-block  0
branch  0 taken 1
branch  1 taken 0
        1:   22:                {31117, 2020,   3,  0,  3,  2,  46, 1,  3,  17000,  1},
        1:   22-block  0
branch  0 taken 1
branch  1 taken 0
        1:   23:                {31117, 2020,   4,  0,  3,  1,  20, 1,  3,  5000,   1},
        1:   23-block  0
branch  0 taken 1
branch  1 taken 0
        1:   24:                {31117, 2020,   5,  0,  3,  2,  15, 0,  0,  5000,   10},
        1:   24-block  0
branch  0 taken 1
branch  1 taken 0
        1:   25:                {31117, 2020,   6,  0,  3,  1,  7,  0,  0,  0,      10},
        1:   25-block  0
branch  0 taken 1
branch  1 taken 0
        1:   26:                {31117, 2020,   8,  0,  3,  2,  11, 0,  0,  0,      10},
        1:   26-block  0
branch  0 taken 1
branch  1 taken 0
        1:   27:                {31117, 2020,   9,  0,  3,  1,  50, 0,  2,  0,      10},
        1:   27-block  0
branch  0 taken 1
branch  1 taken 0
        1:   28:                {31117, 2020,   10, 0,  3,  1,  28, 1,  3,  5000,   1},
        1:   28-block  0
branch  0 taken 1
branch  1 taken 0
        1:   29:                {22866, 2020,   1,  0,  3,  1,  31, 1,  3,  59000,  10},
        1:   29-block  0
branch  0 taken 1
branch  1 taken 0
        1:   30:                {22866, 2020,   2,  1,  3,  2,  28, 1,  3,  0,      6},
        1:   30-block  0
branch  0 taken 1
branch  1 taken 0
        1:   31:                {22114, 2020,   1,  0,  3,  1,  18, 0,  0,  20000,  10}};
        1:   31-block  0
branch  0 taken 1
branch  1 taken 0
        -:   32:
        1:   33:    EXPECT_TRUE(esEncuestaValida(th, ti));
        1:   33-block  0
branch  0 taken 1
branch  1 taken 0
        1:   33-block  1
branch  2 taken 1
branch  3 taken 0
        1:   33-block  2
branch  4 taken 1
branch  5 taken 0
        1:   33-block  3
branch  6 taken 1
branch  7 taken 0
        1:   33-block  4
branch  8 taken 1
branch  9 taken 0
        1:   33-block  5
branch 10 taken 0
branch 11 taken 1
        1:   33-block  6
    $$$$$:   33-block  7
    $$$$$:   33-block  8
    $$$$$:   33-block  9
branch 12 never executed
branch 13 never executed
    $$$$$:   33-block 10
branch 14 never executed
branch 15 never executed
    $$$$$:   33-block 11
branch 16 never executed
branch 17 never executed
    $$$$$:   33-block 12
branch 18 never executed
branch 19 never executed
    $$$$$:   33-block 13
    $$$$$:   33-block 14
    $$$$$:   33-block 15
    $$$$$:   33-block 16
    $$$$$:   33-block 17
        1:   34:}
    $$$$$:   34-block  0
    $$$$$:   34-block  1
    $$$$$:   34-block  2
    $$$$$:   34-block  3
    $$$$$:   34-block  4
        1:   34-block  5
    $$$$$:   34-block  6
    $$$$$:   34-block  7
        -:   35:
function _ZN44esEncuestaValidaTEST_invalidaSinHogares_Test8TestBodyEv called 1 returned 100% blocks executed 35%
function _ZN44esEncuestaValidaTEST_invalidaSinHogares_TestD1Ev called 1 returned 100% blocks executed 100%
function _ZN44esEncuestaValidaTEST_invalidaSinHogares_TestD0Ev called 1 returned 100% blocks executed 100%
function _ZN44esEncuestaValidaTEST_invalidaSinHogares_TestC1Ev called 1 returned 100% blocks executed 100%
function _ZN44esEncuestaValidaTEST_invalidaSinHogares_TestC2Ev called 1 returned 100% blocks executed 100%
function _ZN44esEncuestaValidaTEST_invalidaSinHogares_TestD2Ev called 1 returned 100% blocks executed 100%
        4:   36:TEST(esEncuestaValidaTEST, invalidaSinHogares) {
        1:   36-block  0
branch  0 taken 1
branch  1 taken 0
        1:   36-block  1
branch  2 taken 1
branch  3 taken 0
        1:   36-block  2
branch  4 taken 1
branch  5 taken 0
        1:   36-block  3
branch  6 taken 1
branch  7 taken 0
        1:   36-block  4
branch  8 taken 1
branch  9 taken 0
        1:   36-block  5
    $$$$$:   36-block  6
    $$$$$:   36-block  7
    $$$$$:   36-block  8
    $$$$$:   36-block  9
    $$$$$:   36-block 10
    $$$$$:   36-block 11
        1:   36-block 12
        1:   36-block 13
        -:   37:
        1:   38:    eph_h th = {};
        -:   39:
        1:   40:    eph_i ti = {{20957, 2020,   1,  1,  3,  1,  88, 0,  0,  90000,  10},
        1:   40-block  0
branch  0 taken 1
branch  1 taken 0
        1:   40-block  1
branch  2 taken 1
branch  3 taken 0
        1:   40-block  2
        1:   40-block  3
    $$$$$:   40-block  4
    $$$$$:   40-block  5
    $$$$$:   40-block  6
    $$$$$:   40-block  7
    $$$$$:   40-block  8
    $$$$$:   40-block  9
    $$$$$:   40-block 10
    $$$$$:   40-block 11
    $$$$$:   40-block 12
    $$$$$:   40-block 13
        1:   41:                {20957, 2020,   2,  1,  3,  2,  82, 0,  0,  25000,  10},
        1:   41-block  0
branch  0 taken 1
branch  1 taken 0
        1:   42:                {22866, 2020,   1,  0,  3,  1,  31, 1,  3,  59000,  10},
        1:   42-block  0
branch  0 taken 1
branch  1 taken 0
        1:   43:                {22866, 2020,   2,  1,  3,  2,  28, 1,  3,  0,      6},
        1:   43-block  0
branch  0 taken 1
branch  1 taken 0
        1:   44:                {22114, 2020,   1,  0,  3,  1,  18, 0,  0,  20000,  10}};
        1:   44-block  0
branch  0 taken 1
branch  1 taken 0
        -:   45:
        1:   46:    EXPECT_FALSE(esEncuestaValida(th, ti));
        1:   46-block  0
branch  0 taken 1
branch  1 taken 0
        1:   46-block  1
branch  2 taken 1
branch  3 taken 0
        1:   46-block  2
branch  4 taken 1
branch  5 taken 0
        1:   46-block  3
branch  6 taken 1
branch  7 taken 0
        1:   46-block  4
branch  8 taken 1
branch  9 taken 0
        1:   46-block  5
branch 10 taken 0
branch 11 taken 1
        1:   46-block  6
    $$$$$:   46-block  7
    $$$$$:   46-block  8
    $$$$$:   46-block  9
branch 12 never executed
branch 13 never executed
    $$$$$:   46-block 10
branch 14 never executed
branch 15 never executed
    $$$$$:   46-block 11
branch 16 never executed
branch 17 never executed
    $$$$$:   46-block 12
branch 18 never executed
branch 19 never executed
    $$$$$:   46-block 13
    $$$$$:   46-block 14
    $$$$$:   46-block 15
    $$$$$:   46-block 16
    $$$$$:   46-block 17
        1:   47:}
    $$$$$:   47-block  0
    $$$$$:   47-block  1
    $$$$$:   47-block  2
    $$$$$:   47-block  3
    $$$$$:   47-block  4
        1:   47-block  5
    $$$$$:   47-block  6
    $$$$$:   47-block  7
    $$$$$:   47-block  8
        -:   48:
function _ZN64esEncuestaValidaTEST_invalidaSinTodosLosAtributosIndividuos_Test8TestBodyEv called 1 returned 100% blocks executed 30%
function _ZN64esEncuestaValidaTEST_invalidaSinTodosLosAtributosIndividuos_TestD1Ev called 1 returned 100% blocks executed 100%
function _ZN64esEncuestaValidaTEST_invalidaSinTodosLosAtributosIndividuos_TestD0Ev called 1 returned 100% blocks executed 100%
function _ZN64esEncuestaValidaTEST_invalidaSinTodosLosAtributosIndividuos_TestC1Ev called 1 returned 100% blocks executed 100%
function _ZN64esEncuestaValidaTEST_invalidaSinTodosLosAtributosIndividuos_TestC2Ev called 1 returned 100% blocks executed 100%
function _ZN64esEncuestaValidaTEST_invalidaSinTodosLosAtributosIndividuos_TestD2Ev called 1 returned 100% blocks executed 100%
        4:   49:TEST(esEncuestaValidaTEST, invalidaSinTodosLosAtributosIndividuos) {
        1:   49-block  0
branch  0 taken 1
branch  1 taken 0
        1:   49-block  1
branch  2 taken 1
branch  3 taken 0
        1:   49-block  2
branch  4 taken 1
branch  5 taken 0
        1:   49-block  3
branch  6 taken 1
branch  7 taken 0
        1:   49-block  4
branch  8 taken 1
branch  9 taken 0
        1:   49-block  5
    $$$$$:   49-block  6
    $$$$$:   49-block  7
    $$$$$:   49-block  8
    $$$$$:   49-block  9
    $$$$$:   49-block 10
    $$$$$:   49-block 11
        1:   49-block 12
        1:   49-block 13
        1:   50:    eph_h th = {{22114, 2020,   3,  319611, 629088, 3,  41, 0,  1,  3,  1,  2}};
        1:   50-block  0
branch  0 taken 1
branch  1 taken 0
        1:   50-block  1
branch  2 taken 1
branch  3 taken 0
        1:   50-block  2
        1:   50-block  3
    $$$$$:   50-block  4
    $$$$$:   50-block  5
    $$$$$:   50-block  6
    $$$$$:   50-block  7
    $$$$$:   50-block  8
    $$$$$:   50-block  9
    $$$$$:   50-block 10
    $$$$$:   50-block 11
    $$$$$:   50-block 12
    $$$$$:   50-block 13
    $$$$$:   50-block 14
        1:   51:    eph_i ti = {{22114},
        1:   51-block  0
branch  0 taken 1
branch  1 taken 0
        1:   51-block  1
branch  2 taken 1
branch  3 taken 0
        1:   51-block  2
        1:   51-block  3
    $$$$$:   51-block  4
    $$$$$:   51-block  5
    $$$$$:   51-block  6
    $$$$$:   51-block  7
    $$$$$:   51-block  8
    $$$$$:   51-block  9
    $$$$$:   51-block 10
    $$$$$:   51-block 11
    $$$$$:   51-block 12
    $$$$$:   51-block 13
        1:   52:                {22114, 2020}};
        1:   52-block  0
branch  0 taken 1
branch  1 taken 0
        -:   53:
        1:   54:    EXPECT_FALSE(esEncuestaValida(th, ti));
        1:   54-block  0
branch  0 taken 1
branch  1 taken 0
        1:   54-block  1
branch  2 taken 1
branch  3 taken 0
        1:   54-block  2
branch  4 taken 1
branch  5 taken 0
        1:   54-block  3
branch  6 taken 1
branch  7 taken 0
        1:   54-block  4
branch  8 taken 1
branch  9 taken 0
        1:   54-block  5
branch 10 taken 0
branch 11 taken 1
        1:   54-block  6
    $$$$$:   54-block  7
    $$$$$:   54-block  8
    $$$$$:   54-block  9
branch 12 never executed
branch 13 never executed
    $$$$$:   54-block 10
branch 14 never executed
branch 15 never executed
    $$$$$:   54-block 11
branch 16 never executed
branch 17 never executed
    $$$$$:   54-block 12
branch 18 never executed
branch 19 never executed
    $$$$$:   54-block 13
    $$$$$:   54-block 14
    $$$$$:   54-block 15
    $$$$$:   54-block 16
    $$$$$:   54-block 17
        1:   55:}
    $$$$$:   55-block  0
    $$$$$:   55-block  1
    $$$$$:   55-block  2
    $$$$$:   55-block  3
    $$$$$:   55-block  4
        1:   55-block  5
    $$$$$:   55-block  6
    $$$$$:   55-block  7
        -:   56:
function _ZN61esEncuestaValidaTEST_invalidaSinTodosLosAtributosHogares_Test8TestBodyEv called 1 returned 100% blocks executed 30%
function _ZN61esEncuestaValidaTEST_invalidaSinTodosLosAtributosHogares_TestD1Ev called 1 returned 100% blocks executed 100%
function _ZN61esEncuestaValidaTEST_invalidaSinTodosLosAtributosHogares_TestD0Ev called 1 returned 100% blocks executed 100%
function _ZN61esEncuestaValidaTEST_invalidaSinTodosLosAtributosHogares_TestC1Ev called 1 returned 100% blocks executed 100%
function _ZN61esEncuestaValidaTEST_invalidaSinTodosLosAtributosHogares_TestC2Ev called 1 returned 100% blocks executed 100%
function _ZN61esEncuestaValidaTEST_invalidaSinTodosLosAtributosHogares_TestD2Ev called 1 returned 100% blocks executed 100%
        4:   57:TEST(esEncuestaValidaTEST, invalidaSinTodosLosAtributosHogares) {
        1:   57-block  0
branch  0 taken 1
branch  1 taken 0
        1:   57-block  1
branch  2 taken 1
branch  3 taken 0
        1:   57-block  2
branch  4 taken 1
branch  5 taken 0
        1:   57-block  3
branch  6 taken 1
branch  7 taken 0
        1:   57-block  4
branch  8 taken 1
branch  9 taken 0
        1:   57-block  5
    $$$$$:   57-block  6
    $$$$$:   57-block  7
    $$$$$:   57-block  8
    $$$$$:   57-block  9
    $$$$$:   57-block 10
    $$$$$:   57-block 11
        1:   57-block 12
        1:   57-block 13
        1:   58:    eph_h th = {{}};
        1:   58-block  0
branch  0 taken 1
branch  1 taken 0
        1:   58-block  1
        1:   58-block  2
    $$$$$:   58-block  3
    $$$$$:   58-block  4
    $$$$$:   58-block  5
    $$$$$:   58-block  6
    $$$$$:   58-block  7
    $$$$$:   58-block  8
        1:   59:    eph_i ti = {{22114, 2020,   1,  0,  3,  1,  18, 0,  0,  20000,  10}};
        1:   59-block  0
branch  0 taken 1
branch  1 taken 0
        1:   59-block  1
branch  2 taken 1
branch  3 taken 0
        1:   59-block  2
        1:   59-block  3
    $$$$$:   59-block  4
    $$$$$:   59-block  5
    $$$$$:   59-block  6
    $$$$$:   59-block  7
    $$$$$:   59-block  8
    $$$$$:   59-block  9
    $$$$$:   59-block 10
    $$$$$:   59-block 11
    $$$$$:   59-block 12
    $$$$$:   59-block 13
        -:   60:
        1:   61:    EXPECT_FALSE(esEncuestaValida(th, ti));
        1:   61-block  0
branch  0 taken 1
branch  1 taken 0
        1:   61-block  1
branch  2 taken 1
branch  3 taken 0
        1:   61-block  2
branch  4 taken 1
branch  5 taken 0
        1:   61-block  3
branch  6 taken 1
branch  7 taken 0
        1:   61-block  4
branch  8 taken 1
branch  9 taken 0
        1:   61-block  5
branch 10 taken 0
branch 11 taken 1
        1:   61-block  6
    $$$$$:   61-block  7
    $$$$$:   61-block  8
    $$$$$:   61-block  9
branch 12 never executed
branch 13 never executed
    $$$$$:   61-block 10
branch 14 never executed
branch 15 never executed
    $$$$$:   61-block 11
branch 16 never executed
branch 17 never executed
    $$$$$:   61-block 12
branch 18 never executed
branch 19 never executed
    $$$$$:   61-block 13
    $$$$$:   61-block 14
    $$$$$:   61-block 15
    $$$$$:   61-block 16
    $$$$$:   61-block 17
        1:   62:}
    $$$$$:   62-block  0
    $$$$$:   62-block  1
    $$$$$:   62-block  2
    $$$$$:   62-block  3
    $$$$$:   62-block  4
        1:   62-block  5
    $$$$$:   62-block  6
    $$$$$:   62-block  7
        -:   63:
function _ZN54esEncuestaValidaTEST_invalidaIndividuosSinHogares_Test8TestBodyEv called 1 returned 100% blocks executed 35%
function _ZN54esEncuestaValidaTEST_invalidaIndividuosSinHogares_TestD1Ev called 1 returned 100% blocks executed 100%
function _ZN54esEncuestaValidaTEST_invalidaIndividuosSinHogares_TestD0Ev called 1 returned 100% blocks executed 100%
function _ZN54esEncuestaValidaTEST_invalidaIndividuosSinHogares_TestC1Ev called 1 returned 100% blocks executed 100%
function _ZN54esEncuestaValidaTEST_invalidaIndividuosSinHogares_TestC2Ev called 1 returned 100% blocks executed 100%
function _ZN54esEncuestaValidaTEST_invalidaIndividuosSinHogares_TestD2Ev called 1 returned 100% blocks executed 100%
        4:   64:TEST(esEncuestaValidaTEST, invalidaIndividuosSinHogares) {
        1:   64-block  0
branch  0 taken 1
branch  1 taken 0
        1:   64-block  1
branch  2 taken 1
branch  3 taken 0
        1:   64-block  2
branch  4 taken 1
branch  5 taken 0
        1:   64-block  3
branch  6 taken 1
branch  7 taken 0
        1:   64-block  4
branch  8 taken 1
branch  9 taken 0
        1:   64-block  5
    $$$$$:   64-block  6
    $$$$$:   64-block  7
    $$$$$:   64-block  8
    $$$$$:   64-block  9
    $$$$$:   64-block 10
    $$$$$:   64-block 11
        1:   64-block 12
        1:   64-block 13
        1:   65:    eph_h th = {{22114, 2020,   3,  319611, 629088, 3,  41, 0,  1,  3,  1,  2},
        1:   65-block  0
branch  0 taken 1
branch  1 taken 0
        1:   65-block  1
branch  2 taken 1
branch  3 taken 0
        1:   65-block  2
        1:   65-block  3
    $$$$$:   65-block  4
    $$$$$:   65-block  5
    $$$$$:   65-block  6
    $$$$$:   65-block  7
    $$$$$:   65-block  8
    $$$$$:   65-block  9
    $$$$$:   65-block 10
    $$$$$:   65-block 11
    $$$$$:   65-block 12
    $$$$$:   65-block 13
    $$$$$:   65-block 14
        1:   66:                {20957, 2020,   3,  313965, 623297, 1,  43, 0,  1,  3,  1,  2}};
        1:   66-block  0
branch  0 taken 1
branch  1 taken 0
        1:   67:    eph_i ti = {{20957, 2020,   1,  1,  3,  1,  88, 0,  0,  90000,  10},
        1:   67-block  0
branch  0 taken 1
branch  1 taken 0
        1:   67-block  1
branch  2 taken 1
branch  3 taken 0
        1:   67-block  2
        1:   67-block  3
    $$$$$:   67-block  4
    $$$$$:   67-block  5
    $$$$$:   67-block  6
    $$$$$:   67-block  7
    $$$$$:   67-block  8
    $$$$$:   67-block  9
    $$$$$:   67-block 10
    $$$$$:   67-block 11
    $$$$$:   67-block 12
    $$$$$:   67-block 13
        1:   68:                {20957, 2020,   2,  1,  3,  2,  82, 0,  0,  25000,  10},
        1:   68-block  0
branch  0 taken 1
branch  1 taken 0
        1:   69:                {22866, 2020,   1,  0,  3,  1,  31, 1,  3,  59000,  10},
        1:   69-block  0
branch  0 taken 1
branch  1 taken 0
        1:   70:                {22866, 2020,   2,  1,  3,  2,  28, 1,  3,  0,      6},
        1:   70-block  0
branch  0 taken 1
branch  1 taken 0
        1:   71:                {22114, 2020,   1,  0,  3,  1,  18, 0,  0,  20000,  10}};
        1:   71-block  0
branch  0 taken 1
branch  1 taken 0
        -:   72:
        1:   73:    EXPECT_FALSE(esEncuestaValida(th, ti));
        1:   73-block  0
branch  0 taken 1
branch  1 taken 0
        1:   73-block  1
branch  2 taken 1
branch  3 taken 0
        1:   73-block  2
branch  4 taken 1
branch  5 taken 0
        1:   73-block  3
branch  6 taken 1
branch  7 taken 0
        1:   73-block  4
branch  8 taken 1
branch  9 taken 0
        1:   73-block  5
branch 10 taken 0
branch 11 taken 1
        1:   73-block  6
    $$$$$:   73-block  7
    $$$$$:   73-block  8
    $$$$$:   73-block  9
branch 12 never executed
branch 13 never executed
    $$$$$:   73-block 10
branch 14 never executed
branch 15 never executed
    $$$$$:   73-block 11
branch 16 never executed
branch 17 never executed
    $$$$$:   73-block 12
branch 18 never executed
branch 19 never executed
    $$$$$:   73-block 13
    $$$$$:   73-block 14
    $$$$$:   73-block 15
    $$$$$:   73-block 16
    $$$$$:   73-block 17
        1:   74:}
    $$$$$:   74-block  0
    $$$$$:   74-block  1
    $$$$$:   74-block  2
    $$$$$:   74-block  3
    $$$$$:   74-block  4
        1:   74-block  5
    $$$$$:   74-block  6
    $$$$$:   74-block  7
        -:   75:
function _ZN56esEncuestaValidaTEST_invalidaHogaresCodusuRepetidos_Test8TestBodyEv called 1 returned 100% blocks executed 37%
function _ZN56esEncuestaValidaTEST_invalidaHogaresCodusuRepetidos_TestD1Ev called 1 returned 100% blocks executed 100%
function _ZN56esEncuestaValidaTEST_invalidaHogaresCodusuRepetidos_TestD0Ev called 1 returned 100% blocks executed 100%
function _ZN56esEncuestaValidaTEST_invalidaHogaresCodusuRepetidos_TestC1Ev called 1 returned 100% blocks executed 100%
function _ZN56esEncuestaValidaTEST_invalidaHogaresCodusuRepetidos_TestC2Ev called 1 returned 100% blocks executed 100%
function _ZN56esEncuestaValidaTEST_invalidaHogaresCodusuRepetidos_TestD2Ev called 1 returned 100% blocks executed 100%
        4:   76:TEST(esEncuestaValidaTEST, invalidaHogaresCodusuRepetidos) {
        1:   76-block  0
branch  0 taken 1
branch  1 taken 0
        1:   76-block  1
branch  2 taken 1
branch  3 taken 0
        1:   76-block  2
branch  4 taken 1
branch  5 taken 0
        1:   76-block  3
branch  6 taken 1
branch  7 taken 0
        1:   76-block  4
branch  8 taken 1
branch  9 taken 0
        1:   76-block  5
    $$$$$:   76-block  6
    $$$$$:   76-block  7
    $$$$$:   76-block  8
    $$$$$:   76-block  9
    $$$$$:   76-block 10
    $$$$$:   76-block 11
        1:   76-block 12
        1:   76-block 13
        1:   77:    eph_h th = {{22114, 2020,   3,  319611, 629088, 3,  41, 0,  1,  3,  1,  2},
        1:   77-block  0
branch  0 taken 1
branch  1 taken 0
        1:   77-block  1
branch  2 taken 1
branch  3 taken 0
        1:   77-block  2
        1:   77-block  3
    $$$$$:   77-block  4
    $$$$$:   77-block  5
    $$$$$:   77-block  6
    $$$$$:   77-block  7
    $$$$$:   77-block  8
    $$$$$:   77-block  9
    $$$$$:   77-block 10
    $$$$$:   77-block 11
    $$$$$:   77-block 12
    $$$$$:   77-block 13
    $$$$$:   77-block 14
        1:   78:                {22114, 2020,   3,  332870, 642475, 3,  40, 0,  1,  6,  6,  2},
        1:   78-block  0
branch  0 taken 1
branch  1 taken 0
        1:   79:                {22866, 2020,   3,  317157, 627217, 2,  42, 1,  1,  2,  2,  2},
        1:   79-block  0
branch  0 taken 1
branch  1 taken 0
        1:   80:                {20957, 2020,   3,  313965, 623297, 1,  43, 0,  1,  3,  1,  2}};
        1:   80-block  0
branch  0 taken 1
branch  1 taken 0
        1:   81:    eph_i ti = {{20957, 2020,   1,  1,  3,  1,  88, 0,  0,  90000,  10},
        1:   81-block  0
branch  0 taken 1
branch  1 taken 0
        1:   81-block  1
branch  2 taken 1
branch  3 taken 0
        1:   81-block  2
        1:   81-block  3
    $$$$$:   81-block  4
    $$$$$:   81-block  5
    $$$$$:   81-block  6
    $$$$$:   81-block  7
    $$$$$:   81-block  8
    $$$$$:   81-block  9
    $$$$$:   81-block 10
    $$$$$:   81-block 11
    $$$$$:   81-block 12
    $$$$$:   81-block 13
        1:   82:                {20957, 2020,   2,  1,  3,  2,  82, 0,  0,  25000,  10},
        1:   82-block  0
branch  0 taken 1
branch  1 taken 0
        1:   83:                {22866, 2020,   1,  0,  3,  1,  31, 1,  3,  59000,  10},
        1:   83-block  0
branch  0 taken 1
branch  1 taken 0
        1:   84:                {22866, 2020,   2,  1,  3,  2,  28, 1,  3,  0,      6},
        1:   84-block  0
branch  0 taken 1
branch  1 taken 0
        1:   85:                {22114, 2020,   1,  0,  3,  1,  18, 0,  0,  20000,  10}};
        1:   85-block  0
branch  0 taken 1
branch  1 taken 0
        -:   86:
        1:   87:    EXPECT_FALSE(esEncuestaValida(th, ti));
        1:   87-block  0
branch  0 taken 1
branch  1 taken 0
        1:   87-block  1
branch  2 taken 1
branch  3 taken 0
        1:   87-block  2
branch  4 taken 1
branch  5 taken 0
        1:   87-block  3
branch  6 taken 1
branch  7 taken 0
        1:   87-block  4
branch  8 taken 1
branch  9 taken 0
        1:   87-block  5
branch 10 taken 0
branch 11 taken 1
        1:   87-block  6
    $$$$$:   87-block  7
    $$$$$:   87-block  8
    $$$$$:   87-block  9
branch 12 never executed
branch 13 never executed
    $$$$$:   87-block 10
branch 14 never executed
branch 15 never executed
    $$$$$:   87-block 11
branch 16 never executed
branch 17 never executed
    $$$$$:   87-block 12
branch 18 never executed
branch 19 never executed
    $$$$$:   87-block 13
    $$$$$:   87-block 14
    $$$$$:   87-block 15
    $$$$$:   87-block 16
    $$$$$:   87-block 17
        1:   88:}
    $$$$$:   88-block  0
    $$$$$:   88-block  1
    $$$$$:   88-block  2
    $$$$$:   88-block  3
    $$$$$:   88-block  4
        1:   88-block  5
    $$$$$:   88-block  6
    $$$$$:   88-block  7
        -:   89:
function _ZN70esEncuestaValidaTEST_invalidaIndividuosCodusuYComponenteRepetidos_Test8TestBodyEv called 1 returned 100% blocks executed 36%
function _ZN70esEncuestaValidaTEST_invalidaIndividuosCodusuYComponenteRepetidos_TestD1Ev called 1 returned 100% blocks executed 100%
function _ZN70esEncuestaValidaTEST_invalidaIndividuosCodusuYComponenteRepetidos_TestD0Ev called 1 returned 100% blocks executed 100%
function _ZN70esEncuestaValidaTEST_invalidaIndividuosCodusuYComponenteRepetidos_TestC1Ev called 1 returned 100% blocks executed 100%
function _ZN70esEncuestaValidaTEST_invalidaIndividuosCodusuYComponenteRepetidos_TestC2Ev called 1 returned 100% blocks executed 100%
function _ZN70esEncuestaValidaTEST_invalidaIndividuosCodusuYComponenteRepetidos_TestD2Ev called 1 returned 100% blocks executed 100%
        4:   90:TEST(esEncuestaValidaTEST, invalidaIndividuosCodusuYComponenteRepetidos) {
        1:   90-block  0
branch  0 taken 1
branch  1 taken 0
        1:   90-block  1
branch  2 taken 1
branch  3 taken 0
        1:   90-block  2
branch  4 taken 1
branch  5 taken 0
        1:   90-block  3
branch  6 taken 1
branch  7 taken 0
        1:   90-block  4
branch  8 taken 1
branch  9 taken 0
        1:   90-block  5
    $$$$$:   90-block  6
    $$$$$:   90-block  7
    $$$$$:   90-block  8
    $$$$$:   90-block  9
    $$$$$:   90-block 10
    $$$$$:   90-block 11
        1:   90-block 12
        1:   90-block 13
        1:   91:    eph_h th = {{22114, 2020,   3,  319611, 629088, 3,  41, 0,  1,  3,  1,  2},
        1:   91-block  0
branch  0 taken 1
branch  1 taken 0
        1:   91-block  1
branch  2 taken 1
branch  3 taken 0
        1:   91-block  2
        1:   91-block  3
    $$$$$:   91-block  4
    $$$$$:   91-block  5
    $$$$$:   91-block  6
    $$$$$:   91-block  7
    $$$$$:   91-block  8
    $$$$$:   91-block  9
    $$$$$:   91-block 10
    $$$$$:   91-block 11
    $$$$$:   91-block 12
    $$$$$:   91-block 13
    $$$$$:   91-block 14
        1:   92:                {22866, 2020,   3,  317157, 627217, 2,  42, 1,  1,  2,  2,  2},
        1:   92-block  0
branch  0 taken 1
branch  1 taken 0
        1:   93:                {20957, 2020,   3,  313965, 623297, 1,  43, 0,  1,  3,  1,  2}};
        1:   93-block  0
branch  0 taken 1
branch  1 taken 0
        1:   94:    eph_i ti = {{20957, 2020,   1,  1,  3,  1,  88, 0,  0,  90000,  10},
        1:   94-block  0
branch  0 taken 1
branch  1 taken 0
        1:   94-block  1
branch  2 taken 1
branch  3 taken 0
        1:   94-block  2
        1:   94-block  3
    $$$$$:   94-block  4
    $$$$$:   94-block  5
    $$$$$:   94-block  6
    $$$$$:   94-block  7
    $$$$$:   94-block  8
    $$$$$:   94-block  9
    $$$$$:   94-block 10
    $$$$$:   94-block 11
    $$$$$:   94-block 12
    $$$$$:   94-block 13
        1:   95:                {20957, 2020,   2,  1,  3,  2,  82, 0,  0,  25000,  10},
        1:   95-block  0
branch  0 taken 1
branch  1 taken 0
        1:   96:                {22866, 2020,   1,  0,  3,  1,  31, 1,  3,  59000,  10},
        1:   96-block  0
branch  0 taken 1
branch  1 taken 0
        1:   97:                {22866, 2020,   1,  1,  3,  2,  28, 1,  3,  0,      6},
        1:   97-block  0
branch  0 taken 1
branch  1 taken 0
        1:   98:                {22114, 2020,   1,  0,  3,  1,  18, 0,  0,  20000,  10}};
        1:   98-block  0
branch  0 taken 1
branch  1 taken 0
        -:   99:
        1:  100:    EXPECT_FALSE(esEncuestaValida(th, ti));
        1:  100-block  0
branch  0 taken 1
branch  1 taken 0
        1:  100-block  1
branch  2 taken 1
branch  3 taken 0
        1:  100-block  2
branch  4 taken 1
branch  5 taken 0
        1:  100-block  3
branch  6 taken 1
branch  7 taken 0
        1:  100-block  4
branch  8 taken 1
branch  9 taken 0
        1:  100-block  5
branch 10 taken 0
branch 11 taken 1
        1:  100-block  6
    $$$$$:  100-block  7
    $$$$$:  100-block  8
    $$$$$:  100-block  9
branch 12 never executed
branch 13 never executed
    $$$$$:  100-block 10
branch 14 never executed
branch 15 never executed
    $$$$$:  100-block 11
branch 16 never executed
branch 17 never executed
    $$$$$:  100-block 12
branch 18 never executed
branch 19 never executed
    $$$$$:  100-block 13
    $$$$$:  100-block 14
    $$$$$:  100-block 15
    $$$$$:  100-block 16
    $$$$$:  100-block 17
        1:  101:}
    $$$$$:  101-block  0
    $$$$$:  101-block  1
    $$$$$:  101-block  2
    $$$$$:  101-block  3
    $$$$$:  101-block  4
        1:  101-block  5
    $$$$$:  101-block  6
    $$$$$:  101-block  7
        -:  102:
function _ZN53esEncuestaValidaTEST_invalidaDistintoAnioHogares_Test8TestBodyEv called 1 returned 100% blocks executed 36%
function _ZN53esEncuestaValidaTEST_invalidaDistintoAnioHogares_TestD1Ev called 1 returned 100% blocks executed 100%
function _ZN53esEncuestaValidaTEST_invalidaDistintoAnioHogares_TestD0Ev called 1 returned 100% blocks executed 100%
function _ZN53esEncuestaValidaTEST_invalidaDistintoAnioHogares_TestC1Ev called 1 returned 100% blocks executed 100%
function _ZN53esEncuestaValidaTEST_invalidaDistintoAnioHogares_TestC2Ev called 1 returned 100% blocks executed 100%
function _ZN53esEncuestaValidaTEST_invalidaDistintoAnioHogares_TestD2Ev called 1 returned 100% blocks executed 100%
        4:  103:TEST(esEncuestaValidaTEST, invalidaDistintoAnioHogares) {
        1:  103-block  0
branch  0 taken 1
branch  1 taken 0
        1:  103-block  1
branch  2 taken 1
branch  3 taken 0
        1:  103-block  2
branch  4 taken 1
branch  5 taken 0
        1:  103-block  3
branch  6 taken 1
branch  7 taken 0
        1:  103-block  4
branch  8 taken 1
branch  9 taken 0
        1:  103-block  5
    $$$$$:  103-block  6
    $$$$$:  103-block  7
    $$$$$:  103-block  8
    $$$$$:  103-block  9
    $$$$$:  103-block 10
    $$$$$:  103-block 11
        1:  103-block 12
        1:  103-block 13
        1:  104:    eph_h th = {{22114, 2020,   3,  319611, 629088, 3,  41, 0,  1,  3,  1,  2},
        1:  104-block  0
branch  0 taken 1
branch  1 taken 0
        1:  104-block  1
branch  2 taken 1
branch  3 taken 0
        1:  104-block  2
        1:  104-block  3
    $$$$$:  104-block  4
    $$$$$:  104-block  5
    $$$$$:  104-block  6
    $$$$$:  104-block  7
    $$$$$:  104-block  8
    $$$$$:  104-block  9
    $$$$$:  104-block 10
    $$$$$:  104-block 11
    $$$$$:  104-block 12
    $$$$$:  104-block 13
    $$$$$:  104-block 14
        1:  105:                {22866, 2020,   3,  317157, 627217, 2,  42, 1,  1,  2,  2,  2},
        1:  105-block  0
branch  0 taken 1
branch  1 taken 0
        1:  106:                {20957, 2021,   3,  313965, 623297, 1,  43, 0,  1,  3,  1,  2}};
        1:  106-block  0
branch  0 taken 1
branch  1 taken 0
        1:  107:    eph_i ti = {{20957, 2020,   1,  1,  3,  1,  88, 0,  0,  90000,  10},
        1:  107-block  0
branch  0 taken 1
branch  1 taken 0
        1:  107-block  1
branch  2 taken 1
branch  3 taken 0
        1:  107-block  2
        1:  107-block  3
    $$$$$:  107-block  4
    $$$$$:  107-block  5
    $$$$$:  107-block  6
    $$$$$:  107-block  7
    $$$$$:  107-block  8
    $$$$$:  107-block  9
    $$$$$:  107-block 10
    $$$$$:  107-block 11
    $$$$$:  107-block 12
    $$$$$:  107-block 13
        1:  108:                {20957, 2020,   2,  1,  3,  2,  82, 0,  0,  25000,  10},
        1:  108-block  0
branch  0 taken 1
branch  1 taken 0
        1:  109:                {22866, 2020,   1,  0,  3,  1,  31, 1,  3,  59000,  10},
        1:  109-block  0
branch  0 taken 1
branch  1 taken 0
        1:  110:                {22866, 2020,   2,  1,  3,  2,  28, 1,  3,  0,      6},
        1:  110-block  0
branch  0 taken 1
branch  1 taken 0
        1:  111:                {22114, 2020,   1,  0,  3,  1,  18, 0,  0,  20000,  10}};
        1:  111-block  0
branch  0 taken 1
branch  1 taken 0
        -:  112:
        1:  113:    EXPECT_FALSE(esEncuestaValida(th, ti));
        1:  113-block  0
branch  0 taken 1
branch  1 taken 0
        1:  113-block  1
branch  2 taken 1
branch  3 taken 0
        1:  113-block  2
branch  4 taken 1
branch  5 taken 0
        1:  113-block  3
branch  6 taken 1
branch  7 taken 0
        1:  113-block  4
branch  8 taken 1
branch  9 taken 0
        1:  113-block  5
branch 10 taken 0
branch 11 taken 1
        1:  113-block  6
    $$$$$:  113-block  7
    $$$$$:  113-block  8
    $$$$$:  113-block  9
branch 12 never executed
branch 13 never executed
    $$$$$:  113-block 10
branch 14 never executed
branch 15 never executed
    $$$$$:  113-block 11
branch 16 never executed
branch 17 never executed
    $$$$$:  113-block 12
branch 18 never executed
branch 19 never executed
    $$$$$:  113-block 13
    $$$$$:  113-block 14
    $$$$$:  113-block 15
    $$$$$:  113-block 16
    $$$$$:  113-block 17
        1:  114:}
    $$$$$:  114-block  0
    $$$$$:  114-block  1
    $$$$$:  114-block  2
    $$$$$:  114-block  3
    $$$$$:  114-block  4
        1:  114-block  5
    $$$$$:  114-block  6
    $$$$$:  114-block  7
        -:  115:
function _ZN69esEncuestaValidaTEST_invalidaDistintoAnioEntreHogaresEIndividuos_Test8TestBodyEv called 1 returned 100% blocks executed 36%
function _ZN69esEncuestaValidaTEST_invalidaDistintoAnioEntreHogaresEIndividuos_TestD1Ev called 1 returned 100% blocks executed 100%
function _ZN69esEncuestaValidaTEST_invalidaDistintoAnioEntreHogaresEIndividuos_TestD0Ev called 1 returned 100% blocks executed 100%
function _ZN69esEncuestaValidaTEST_invalidaDistintoAnioEntreHogaresEIndividuos_TestC1Ev called 1 returned 100% blocks executed 100%
function _ZN69esEncuestaValidaTEST_invalidaDistintoAnioEntreHogaresEIndividuos_TestC2Ev called 1 returned 100% blocks executed 100%
function _ZN69esEncuestaValidaTEST_invalidaDistintoAnioEntreHogaresEIndividuos_TestD2Ev called 1 returned 100% blocks executed 100%
        4:  116:TEST(esEncuestaValidaTEST, invalidaDistintoAnioEntreHogaresEIndividuos) {
        1:  116-block  0
branch  0 taken 1
branch  1 taken 0
        1:  116-block  1
branch  2 taken 1
branch  3 taken 0
        1:  116-block  2
branch  4 taken 1
branch  5 taken 0
        1:  116-block  3
branch  6 taken 1
branch  7 taken 0
        1:  116-block  4
branch  8 taken 1
branch  9 taken 0
        1:  116-block  5
    $$$$$:  116-block  6
    $$$$$:  116-block  7
    $$$$$:  116-block  8
    $$$$$:  116-block  9
    $$$$$:  116-block 10
    $$$$$:  116-block 11
        1:  116-block 12
        1:  116-block 13
        1:  117:    eph_h th = {{22114, 2021,   3,  319611, 629088, 3,  41, 0,  1,  3,  1,  2},
        1:  117-block  0
branch  0 taken 1
branch  1 taken 0
        1:  117-block  1
branch  2 taken 1
branch  3 taken 0
        1:  117-block  2
        1:  117-block  3
    $$$$$:  117-block  4
    $$$$$:  117-block  5
    $$$$$:  117-block  6
    $$$$$:  117-block  7
    $$$$$:  117-block  8
    $$$$$:  117-block  9
    $$$$$:  117-block 10
    $$$$$:  117-block 11
    $$$$$:  117-block 12
    $$$$$:  117-block 13
    $$$$$:  117-block 14
        1:  118:                {22866, 2021,   3,  317157, 627217, 2,  42, 1,  1,  2,  2,  2},
        1:  118-block  0
branch  0 taken 1
branch  1 taken 0
        1:  119:                {20957, 2021,   3,  313965, 623297, 1,  43, 0,  1,  3,  1,  2}};
        1:  119-block  0
branch  0 taken 1
branch  1 taken 0
        1:  120:    eph_i ti = {{20957, 2020,   1,  1,  3,  1,  88, 0,  0,  90000,  10},
        1:  120-block  0
branch  0 taken 1
branch  1 taken 0
        1:  120-block  1
branch  2 taken 1
branch  3 taken 0
        1:  120-block  2
        1:  120-block  3
    $$$$$:  120-block  4
    $$$$$:  120-block  5
    $$$$$:  120-block  6
    $$$$$:  120-block  7
    $$$$$:  120-block  8
    $$$$$:  120-block  9
    $$$$$:  120-block 10
    $$$$$:  120-block 11
    $$$$$:  120-block 12
    $$$$$:  120-block 13
        1:  121:                {20957, 2020,   2,  1,  3,  2,  82, 0,  0,  25000,  10},
        1:  121-block  0
branch  0 taken 1
branch  1 taken 0
        1:  122:                {22866, 2020,   1,  0,  3,  1,  31, 1,  3,  59000,  10},
        1:  122-block  0
branch  0 taken 1
branch  1 taken 0
        1:  123:                {22866, 2020,   2,  1,  3,  2,  28, 1,  3,  0,      6},
        1:  123-block  0
branch  0 taken 1
branch  1 taken 0
        1:  124:                {22114, 2020,   1,  0,  3,  1,  18, 0,  0,  20000,  10}};
        1:  124-block  0
branch  0 taken 1
branch  1 taken 0
        -:  125:
        1:  126:    EXPECT_FALSE(esEncuestaValida(th, ti));
        1:  126-block  0
branch  0 taken 1
branch  1 taken 0
        1:  126-block  1
branch  2 taken 1
branch  3 taken 0
        1:  126-block  2
branch  4 taken 1
branch  5 taken 0
        1:  126-block  3
branch  6 taken 1
branch  7 taken 0
        1:  126-block  4
branch  8 taken 1
branch  9 taken 0
        1:  126-block  5
branch 10 taken 0
branch 11 taken 1
        1:  126-block  6
    $$$$$:  126-block  7
    $$$$$:  126-block  8
    $$$$$:  126-block  9
branch 12 never executed
branch 13 never executed
    $$$$$:  126-block 10
branch 14 never executed
branch 15 never executed
    $$$$$:  126-block 11
branch 16 never executed
branch 17 never executed
    $$$$$:  126-block 12
branch 18 never executed
branch 19 never executed
    $$$$$:  126-block 13
    $$$$$:  126-block 14
    $$$$$:  126-block 15
    $$$$$:  126-block 16
    $$$$$:  126-block 17
        1:  127:}
    $$$$$:  127-block  0
    $$$$$:  127-block  1
    $$$$$:  127-block  2
    $$$$$:  127-block  3
    $$$$$:  127-block  4
        1:  127-block  5
    $$$$$:  127-block  6
    $$$$$:  127-block  7
        -:  128:
function _ZN66esEncuestaValidaTEST_invalidaDistintoTrimestreEntreIndividuos_Test8TestBodyEv called 1 returned 100% blocks executed 36%
function _ZN66esEncuestaValidaTEST_invalidaDistintoTrimestreEntreIndividuos_TestD1Ev called 1 returned 100% blocks executed 100%
function _ZN66esEncuestaValidaTEST_invalidaDistintoTrimestreEntreIndividuos_TestD0Ev called 1 returned 100% blocks executed 100%
function _ZN66esEncuestaValidaTEST_invalidaDistintoTrimestreEntreIndividuos_TestC1Ev called 1 returned 100% blocks executed 100%
function _ZN66esEncuestaValidaTEST_invalidaDistintoTrimestreEntreIndividuos_TestC2Ev called 1 returned 100% blocks executed 100%
function _ZN66esEncuestaValidaTEST_invalidaDistintoTrimestreEntreIndividuos_TestD2Ev called 1 returned 100% blocks executed 100%
        4:  129:TEST(esEncuestaValidaTEST, invalidaDistintoTrimestreEntreIndividuos) {
        1:  129-block  0
branch  0 taken 1
branch  1 taken 0
        1:  129-block  1
branch  2 taken 1
branch  3 taken 0
        1:  129-block  2
branch  4 taken 1
branch  5 taken 0
        1:  129-block  3
branch  6 taken 1
branch  7 taken 0
        1:  129-block  4
branch  8 taken 1
branch  9 taken 0
        1:  129-block  5
    $$$$$:  129-block  6
    $$$$$:  129-block  7
    $$$$$:  129-block  8
    $$$$$:  129-block  9
    $$$$$:  129-block 10
    $$$$$:  129-block 11
        1:  129-block 12
        1:  129-block 13
        1:  130:    eph_h th = {{22114, 2020,   3,  319611, 629088, 3,  41, 0,  1,  3,  1,  2},
        1:  130-block  0
branch  0 taken 1
branch  1 taken 0
        1:  130-block  1
branch  2 taken 1
branch  3 taken 0
        1:  130-block  2
        1:  130-block  3
    $$$$$:  130-block  4
    $$$$$:  130-block  5
    $$$$$:  130-block  6
    $$$$$:  130-block  7
    $$$$$:  130-block  8
    $$$$$:  130-block  9
    $$$$$:  130-block 10
    $$$$$:  130-block 11
    $$$$$:  130-block 12
    $$$$$:  130-block 13
    $$$$$:  130-block 14
        1:  131:                {22866, 2020,   3,  317157, 627217, 2,  42, 1,  1,  2,  2,  2},
        1:  131-block  0
branch  0 taken 1
branch  1 taken 0
        1:  132:                {20957, 2020,   3,  313965, 623297, 1,  43, 0,  1,  3,  1,  2}};
        1:  132-block  0
branch  0 taken 1
branch  1 taken 0
        1:  133:    eph_i ti = {{20957, 2020,   1,  1,  3,  1,  88, 0,  0,  90000,  10},
        1:  133-block  0
branch  0 taken 1
branch  1 taken 0
        1:  133-block  1
branch  2 taken 1
branch  3 taken 0
        1:  133-block  2
        1:  133-block  3
    $$$$$:  133-block  4
    $$$$$:  133-block  5
    $$$$$:  133-block  6
    $$$$$:  133-block  7
    $$$$$:  133-block  8
    $$$$$:  133-block  9
    $$$$$:  133-block 10
    $$$$$:  133-block 11
    $$$$$:  133-block 12
    $$$$$:  133-block 13
        1:  134:                {20957, 2020,   2,  1,  3,  2,  82, 0,  0,  25000,  10},
        1:  134-block  0
branch  0 taken 1
branch  1 taken 0
        1:  135:                {22866, 2020,   1,  0,  3,  1,  31, 1,  3,  59000,  10},
        1:  135-block  0
branch  0 taken 1
branch  1 taken 0
        1:  136:                {22866, 2020,   2,  1,  3,  2,  28, 1,  3,  0,      6},
        1:  136-block  0
branch  0 taken 1
branch  1 taken 0
        1:  137:                {22114, 2020,   1,  0,  2,  1,  18, 0,  0,  20000,  10}};
        1:  137-block  0
branch  0 taken 1
branch  1 taken 0
        -:  138:
        1:  139:    EXPECT_FALSE(esEncuestaValida(th, ti));
        1:  139-block  0
branch  0 taken 1
branch  1 taken 0
        1:  139-block  1
branch  2 taken 1
branch  3 taken 0
        1:  139-block  2
branch  4 taken 1
branch  5 taken 0
        1:  139-block  3
branch  6 taken 1
branch  7 taken 0
        1:  139-block  4
branch  8 taken 1
branch  9 taken 0
        1:  139-block  5
branch 10 taken 0
branch 11 taken 1
        1:  139-block  6
    $$$$$:  139-block  7
    $$$$$:  139-block  8
    $$$$$:  139-block  9
branch 12 never executed
branch 13 never executed
    $$$$$:  139-block 10
branch 14 never executed
branch 15 never executed
    $$$$$:  139-block 11
branch 16 never executed
branch 17 never executed
    $$$$$:  139-block 12
branch 18 never executed
branch 19 never executed
    $$$$$:  139-block 13
    $$$$$:  139-block 14
    $$$$$:  139-block 15
    $$$$$:  139-block 16
    $$$$$:  139-block 17
        1:  140:}
    $$$$$:  140-block  0
    $$$$$:  140-block  1
    $$$$$:  140-block  2
    $$$$$:  140-block  3
    $$$$$:  140-block  4
        1:  140-block  5
    $$$$$:  140-block  6
    $$$$$:  140-block  7
function _ZN65esEncuestaValidaTEST_invalidaDormitoriosMayoresAHabitaciones_Test8TestBodyEv called 1 returned 100% blocks executed 36%
function _ZN65esEncuestaValidaTEST_invalidaDormitoriosMayoresAHabitaciones_TestD1Ev called 1 returned 100% blocks executed 100%
function _ZN65esEncuestaValidaTEST_invalidaDormitoriosMayoresAHabitaciones_TestD0Ev called 1 returned 100% blocks executed 100%
function _ZN65esEncuestaValidaTEST_invalidaDormitoriosMayoresAHabitaciones_TestC1Ev called 1 returned 100% blocks executed 100%
function _ZN65esEncuestaValidaTEST_invalidaDormitoriosMayoresAHabitaciones_TestC2Ev called 1 returned 100% blocks executed 100%
function _ZN65esEncuestaValidaTEST_invalidaDormitoriosMayoresAHabitaciones_TestD2Ev called 1 returned 100% blocks executed 100%
        4:  141:TEST(esEncuestaValidaTEST, invalidaDormitoriosMayoresAHabitaciones) {
        1:  141-block  0
branch  0 taken 1
branch  1 taken 0
        1:  141-block  1
branch  2 taken 1
branch  3 taken 0
        1:  141-block  2
branch  4 taken 1
branch  5 taken 0
        1:  141-block  3
branch  6 taken 1
branch  7 taken 0
        1:  141-block  4
branch  8 taken 1
branch  9 taken 0
        1:  141-block  5
    $$$$$:  141-block  6
    $$$$$:  141-block  7
    $$$$$:  141-block  8
    $$$$$:  141-block  9
    $$$$$:  141-block 10
    $$$$$:  141-block 11
        1:  141-block 12
        1:  141-block 13
        -:  142:    //                                                cantidad de dormitorios
        -:  143:    //                                        cantidad de habitaciones  |
        -:  144:    //                                                              |   |
        -:  145:    //                                                              v   v
        1:  146:    eph_h th = {{22114, 2020,   3,  319611, 629088, 3,  41, 0,  1,  3,  1,  2},
        1:  146-block  0
branch  0 taken 1
branch  1 taken 0
        1:  146-block  1
branch  2 taken 1
branch  3 taken 0
        1:  146-block  2
        1:  146-block  3
    $$$$$:  146-block  4
    $$$$$:  146-block  5
    $$$$$:  146-block  6
    $$$$$:  146-block  7
    $$$$$:  146-block  8
    $$$$$:  146-block  9
    $$$$$:  146-block 10
    $$$$$:  146-block 11
    $$$$$:  146-block 12
    $$$$$:  146-block 13
    $$$$$:  146-block 14
        1:  147:                {22866, 2020,   1,  317157, 627217, 2,  42, 1,  1,  2,  5,  2},
        1:  147-block  0
branch  0 taken 1
branch  1 taken 0
        1:  148:                {20957, 2020,   3,  313965, 623297, 1,  43, 0,  1,  3,  1,  2}};
        1:  148-block  0
branch  0 taken 1
branch  1 taken 0
        1:  149:    eph_i ti = {{20957, 2020,   1,  1,  3,  1,  88, 0,  0,  90000,  10},
        1:  149-block  0
branch  0 taken 1
branch  1 taken 0
        1:  149-block  1
branch  2 taken 1
branch  3 taken 0
        1:  149-block  2
        1:  149-block  3
    $$$$$:  149-block  4
    $$$$$:  149-block  5
    $$$$$:  149-block  6
    $$$$$:  149-block  7
    $$$$$:  149-block  8
    $$$$$:  149-block  9
    $$$$$:  149-block 10
    $$$$$:  149-block 11
    $$$$$:  149-block 12
    $$$$$:  149-block 13
        1:  150:                {20957, 2020,   2,  1,  3,  2,  82, 0,  0,  25000,  10},
        1:  150-block  0
branch  0 taken 1
branch  1 taken 0
        1:  151:                {22866, 2020,   1,  0,  3,  1,  31, 1,  3,  59000,  10},
        1:  151-block  0
branch  0 taken 1
branch  1 taken 0
        1:  152:                {22866, 2020,   2,  1,  3,  2,  28, 1,  3,  0,      6},
        1:  152-block  0
branch  0 taken 1
branch  1 taken 0
        1:  153:                {22114, 2020,   1,  0,  3,  1,  18, 0,  0,  20000,  10}};
        1:  153-block  0
branch  0 taken 1
branch  1 taken 0
        -:  154:
        1:  155:    EXPECT_FALSE(esEncuestaValida(th, ti));
        1:  155-block  0
branch  0 taken 1
branch  1 taken 0
        1:  155-block  1
branch  2 taken 1
branch  3 taken 0
        1:  155-block  2
branch  4 taken 1
branch  5 taken 0
        1:  155-block  3
branch  6 taken 1
branch  7 taken 0
        1:  155-block  4
branch  8 taken 1
branch  9 taken 0
        1:  155-block  5
branch 10 taken 0
branch 11 taken 1
        1:  155-block  6
    $$$$$:  155-block  7
    $$$$$:  155-block  8
    $$$$$:  155-block  9
branch 12 never executed
branch 13 never executed
    $$$$$:  155-block 10
branch 14 never executed
branch 15 never executed
    $$$$$:  155-block 11
branch 16 never executed
branch 17 never executed
    $$$$$:  155-block 12
branch 18 never executed
branch 19 never executed
    $$$$$:  155-block 13
    $$$$$:  155-block 14
    $$$$$:  155-block 15
    $$$$$:  155-block 16
    $$$$$:  155-block 17
        1:  156:}
    $$$$$:  156-block  0
    $$$$$:  156-block  1
    $$$$$:  156-block  2
    $$$$$:  156-block  3
    $$$$$:  156-block  4
        1:  156-block  5
    $$$$$:  156-block  6
    $$$$$:  156-block  7
        -:  157:
function _ZN63esEncuestaValidaTEST_validaMenosOIgualA20MiembrosEnElHogar_Test8TestBodyEv called 1 returned 100% blocks executed 38%
function _ZN63esEncuestaValidaTEST_validaMenosOIgualA20MiembrosEnElHogar_TestD1Ev called 1 returned 100% blocks executed 100%
function _ZN63esEncuestaValidaTEST_validaMenosOIgualA20MiembrosEnElHogar_TestD0Ev called 1 returned 100% blocks executed 100%
function _ZN63esEncuestaValidaTEST_validaMenosOIgualA20MiembrosEnElHogar_TestC1Ev called 1 returned 100% blocks executed 100%
function _ZN63esEncuestaValidaTEST_validaMenosOIgualA20MiembrosEnElHogar_TestC2Ev called 1 returned 100% blocks executed 100%
function _ZN63esEncuestaValidaTEST_validaMenosOIgualA20MiembrosEnElHogar_TestD2Ev called 1 returned 100% blocks executed 100%
        4:  158:TEST(esEncuestaValidaTEST, validaMenosOIgualA20MiembrosEnElHogar) {
        1:  158-block  0
branch  0 taken 1
branch  1 taken 0
        1:  158-block  1
branch  2 taken 1
branch  3 taken 0
        1:  158-block  2
branch  4 taken 1
branch  5 taken 0
        1:  158-block  3
branch  6 taken 1
branch  7 taken 0
        1:  158-block  4
branch  8 taken 1
branch  9 taken 0
        1:  158-block  5
    $$$$$:  158-block  6
    $$$$$:  158-block  7
    $$$$$:  158-block  8
    $$$$$:  158-block  9
    $$$$$:  158-block 10
    $$$$$:  158-block 11
        1:  158-block 12
        1:  158-block 13
        1:  159:    eph_h th = {{22114, 2020,   3,  319611, 629088, 3,  41, 0,  1,  3,  1,  2}};
        1:  159-block  0
branch  0 taken 1
branch  1 taken 0
        1:  159-block  1
branch  2 taken 1
branch  3 taken 0
        1:  159-block  2
        1:  159-block  3
    $$$$$:  159-block  4
    $$$$$:  159-block  5
    $$$$$:  159-block  6
    $$$$$:  159-block  7
    $$$$$:  159-block  8
    $$$$$:  159-block  9
    $$$$$:  159-block 10
    $$$$$:  159-block 11
    $$$$$:  159-block 12
    $$$$$:  159-block 13
    $$$$$:  159-block 14
        1:  160:    eph_i ti;
        -:  161:
       21:  162:    for (int i = 1; i <= 20; i++) {
        1:  162-block  0
       21:  162-block  1
branch  0 taken 1
branch  1 taken 20
       20:  162-block  2
       20:  163:        individuo individuo_actual = {22114, 2020,   1,  0,  3,  1,  18, 0,  0,  20000,  10};
       20:  163-block  0
branch  0 taken 20
branch  1 taken 0
       20:  164:        individuo_actual[COMPONENTE] = i;
       20:  165:        ti.push_back(individuo_actual);
       20:  165-block  0
branch  0 taken 20
branch  1 taken 0
       20:  166:    }
       20:  166-block  0
    $$$$$:  166-block  1
        -:  167:
        1:  168:    EXPECT_TRUE(esEncuestaValida(th, ti));
        1:  168-block  0
branch  0 taken 1
branch  1 taken 0
        1:  168-block  1
branch  2 taken 1
branch  3 taken 0
        1:  168-block  2
branch  4 taken 1
branch  5 taken 0
        1:  168-block  3
branch  6 taken 1
branch  7 taken 0
        1:  168-block  4
branch  8 taken 1
branch  9 taken 0
        1:  168-block  5
branch 10 taken 0
branch 11 taken 1
        1:  168-block  6
    $$$$$:  168-block  7
    $$$$$:  168-block  8
    $$$$$:  168-block  9
branch 12 never executed
branch 13 never executed
    $$$$$:  168-block 10
branch 14 never executed
branch 15 never executed
    $$$$$:  168-block 11
branch 16 never executed
branch 17 never executed
    $$$$$:  168-block 12
branch 18 never executed
branch 19 never executed
    $$$$$:  168-block 13
    $$$$$:  168-block 14
    $$$$$:  168-block 15
    $$$$$:  168-block 16
    $$$$$:  168-block 17
        1:  169:}
    $$$$$:  169-block  0
    $$$$$:  169-block  1
    $$$$$:  169-block  2
    $$$$$:  169-block  3
    $$$$$:  169-block  4
        1:  169-block  5
    $$$$$:  169-block  6
        -:  170:
function _ZN51esEncuestaValidaTEST_invalidaTrimestreNegativo_Test8TestBodyEv called 1 returned 100% blocks executed 29%
function _ZN51esEncuestaValidaTEST_invalidaTrimestreNegativo_TestD1Ev called 1 returned 100% blocks executed 100%
function _ZN51esEncuestaValidaTEST_invalidaTrimestreNegativo_TestD0Ev called 1 returned 100% blocks executed 100%
function _ZN51esEncuestaValidaTEST_invalidaTrimestreNegativo_TestC1Ev called 1 returned 100% blocks executed 100%
function _ZN51esEncuestaValidaTEST_invalidaTrimestreNegativo_TestC2Ev called 1 returned 100% blocks executed 100%
function _ZN51esEncuestaValidaTEST_invalidaTrimestreNegativo_TestD2Ev called 1 returned 100% blocks executed 100%
        4:  171:TEST(esEncuestaValidaTEST, invalidaTrimestreNegativo) {
        1:  171-block  0
branch  0 taken 1
branch  1 taken 0
        1:  171-block  1
branch  2 taken 1
branch  3 taken 0
        1:  171-block  2
branch  4 taken 1
branch  5 taken 0
        1:  171-block  3
branch  6 taken 1
branch  7 taken 0
        1:  171-block  4
branch  8 taken 1
branch  9 taken 0
        1:  171-block  5
    $$$$$:  171-block  6
    $$$$$:  171-block  7
    $$$$$:  171-block  8
    $$$$$:  171-block  9
    $$$$$:  171-block 10
    $$$$$:  171-block 11
        1:  171-block 12
        1:  171-block 13
        1:  172:    eph_h th = {{22114, 2020,   -3,  319611, 629088, 3,  41, 0,  1,  3,  1,  2}};
        1:  172-block  0
branch  0 taken 1
branch  1 taken 0
        1:  172-block  1
branch  2 taken 1
branch  3 taken 0
        1:  172-block  2
        1:  172-block  3
    $$$$$:  172-block  4
    $$$$$:  172-block  5
    $$$$$:  172-block  6
    $$$$$:  172-block  7
    $$$$$:  172-block  8
    $$$$$:  172-block  9
    $$$$$:  172-block 10
    $$$$$:  172-block 11
    $$$$$:  172-block 12
    $$$$$:  172-block 13
    $$$$$:  172-block 14
        1:  173:    eph_i ti = {{22114, 2020,   1,  0,  -3,  1,  18, 0,  0,  20000,  10}};
        1:  173-block  0
branch  0 taken 1
branch  1 taken 0
        1:  173-block  1
branch  2 taken 1
branch  3 taken 0
        1:  173-block  2
        1:  173-block  3
    $$$$$:  173-block  4
    $$$$$:  173-block  5
    $$$$$:  173-block  6
    $$$$$:  173-block  7
    $$$$$:  173-block  8
    $$$$$:  173-block  9
    $$$$$:  173-block 10
    $$$$$:  173-block 11
    $$$$$:  173-block 12
    $$$$$:  173-block 13
        -:  174:
        1:  175:    EXPECT_FALSE(esEncuestaValida(th, ti));
        1:  175-block  0
branch  0 taken 1
branch  1 taken 0
        1:  175-block  1
branch  2 taken 1
branch  3 taken 0
        1:  175-block  2
branch  4 taken 1
branch  5 taken 0
        1:  175-block  3
branch  6 taken 1
branch  7 taken 0
        1:  175-block  4
branch  8 taken 1
branch  9 taken 0
        1:  175-block  5
branch 10 taken 0
branch 11 taken 1
        1:  175-block  6
    $$$$$:  175-block  7
    $$$$$:  175-block  8
    $$$$$:  175-block  9
branch 12 never executed
branch 13 never executed
    $$$$$:  175-block 10
branch 14 never executed
branch 15 never executed
    $$$$$:  175-block 11
branch 16 never executed
branch 17 never executed
    $$$$$:  175-block 12
branch 18 never executed
branch 19 never executed
    $$$$$:  175-block 13
    $$$$$:  175-block 14
    $$$$$:  175-block 15
    $$$$$:  175-block 16
    $$$$$:  175-block 17
        1:  176:}
    $$$$$:  176-block  0
    $$$$$:  176-block  1
    $$$$$:  176-block  2
    $$$$$:  176-block  3
    $$$$$:  176-block  4
        1:  176-block  5
    $$$$$:  176-block  6
    $$$$$:  176-block  7
        -:  177:
function _ZN48esEncuestaValidaTEST_validaTrimestreEnRango_Test8TestBodyEv called 1 returned 100% blocks executed 29%
function _ZN48esEncuestaValidaTEST_validaTrimestreEnRango_TestD1Ev called 1 returned 100% blocks executed 100%
function _ZN48esEncuestaValidaTEST_validaTrimestreEnRango_TestD0Ev called 1 returned 100% blocks executed 100%
function _ZN48esEncuestaValidaTEST_validaTrimestreEnRango_TestC1Ev called 1 returned 100% blocks executed 100%
function _ZN48esEncuestaValidaTEST_validaTrimestreEnRango_TestC2Ev called 1 returned 100% blocks executed 100%
function _ZN48esEncuestaValidaTEST_validaTrimestreEnRango_TestD2Ev called 1 returned 100% blocks executed 100%
        4:  178:TEST(esEncuestaValidaTEST, validaTrimestreEnRango) {
        1:  178-block  0
branch  0 taken 1
branch  1 taken 0
        1:  178-block  1
branch  2 taken 1
branch  3 taken 0
        1:  178-block  2
branch  4 taken 1
branch  5 taken 0
        1:  178-block  3
branch  6 taken 1
branch  7 taken 0
        1:  178-block  4
branch  8 taken 1
branch  9 taken 0
        1:  178-block  5
    $$$$$:  178-block  6
    $$$$$:  178-block  7
    $$$$$:  178-block  8
    $$$$$:  178-block  9
    $$$$$:  178-block 10
    $$$$$:  178-block 11
        1:  178-block 12
        1:  178-block 13
        1:  179:    eph_h th = {{22114, 2020,   3,  319611, 629088, 3,  41, 0,  1,  3,  1,  2}};
        1:  179-block  0
branch  0 taken 1
branch  1 taken 0
        1:  179-block  1
branch  2 taken 1
branch  3 taken 0
        1:  179-block  2
        1:  179-block  3
    $$$$$:  179-block  4
    $$$$$:  179-block  5
    $$$$$:  179-block  6
    $$$$$:  179-block  7
    $$$$$:  179-block  8
    $$$$$:  179-block  9
    $$$$$:  179-block 10
    $$$$$:  179-block 11
    $$$$$:  179-block 12
    $$$$$:  179-block 13
    $$$$$:  179-block 14
        1:  180:    eph_i ti = {{22114, 2020,   1,  0,  3,  1,  18, 0,  0,  20000,  10}};
        1:  180-block  0
branch  0 taken 1
branch  1 taken 0
        1:  180-block  1
branch  2 taken 1
branch  3 taken 0
        1:  180-block  2
        1:  180-block  3
    $$$$$:  180-block  4
    $$$$$:  180-block  5
    $$$$$:  180-block  6
    $$$$$:  180-block  7
    $$$$$:  180-block  8
    $$$$$:  180-block  9
    $$$$$:  180-block 10
    $$$$$:  180-block 11
    $$$$$:  180-block 12
    $$$$$:  180-block 13
        1:  181:    EXPECT_TRUE(esEncuestaValida(th, ti));
        1:  181-block  0
branch  0 taken 1
branch  1 taken 0
        1:  181-block  1
branch  2 taken 1
branch  3 taken 0
        1:  181-block  2
branch  4 taken 1
branch  5 taken 0
        1:  181-block  3
branch  6 taken 1
branch  7 taken 0
        1:  181-block  4
branch  8 taken 1
branch  9 taken 0
        1:  181-block  5
branch 10 taken 0
branch 11 taken 1
        1:  181-block  6
    $$$$$:  181-block  7
    $$$$$:  181-block  8
    $$$$$:  181-block  9
branch 12 never executed
branch 13 never executed
    $$$$$:  181-block 10
branch 14 never executed
branch 15 never executed
    $$$$$:  181-block 11
branch 16 never executed
branch 17 never executed
    $$$$$:  181-block 12
branch 18 never executed
branch 19 never executed
    $$$$$:  181-block 13
    $$$$$:  181-block 14
    $$$$$:  181-block 15
    $$$$$:  181-block 16
    $$$$$:  181-block 17
        -:  182:
        1:  183:    th[0][HOGTRIMESTRE] = 1;
        1:  184:    ti[0][INDTRIMESTRE] = 1;
        1:  185:    EXPECT_TRUE(esEncuestaValida(th, ti));
        1:  185-block  0
branch  0 taken 1
branch  1 taken 0
        1:  185-block  1
branch  2 taken 1
branch  3 taken 0
        1:  185-block  2
branch  4 taken 1
branch  5 taken 0
        1:  185-block  3
branch  6 taken 1
branch  7 taken 0
        1:  185-block  4
branch  8 taken 1
branch  9 taken 0
        1:  185-block  5
branch 10 taken 0
branch 11 taken 1
        1:  185-block  6
    $$$$$:  185-block  7
    $$$$$:  185-block  8
    $$$$$:  185-block  9
branch 12 never executed
branch 13 never executed
    $$$$$:  185-block 10
branch 14 never executed
branch 15 never executed
    $$$$$:  185-block 11
branch 16 never executed
branch 17 never executed
    $$$$$:  185-block 12
branch 18 never executed
branch 19 never executed
    $$$$$:  185-block 13
    $$$$$:  185-block 14
    $$$$$:  185-block 15
    $$$$$:  185-block 16
    $$$$$:  185-block 17
        1:  186:}
    $$$$$:  186-block  0
    $$$$$:  186-block  1
    $$$$$:  186-block  2
    $$$$$:  186-block  3
    $$$$$:  186-block  4
    $$$$$:  186-block  5
    $$$$$:  186-block  6
    $$$$$:  186-block  7
    $$$$$:  186-block  8
        1:  186-block  9
    $$$$$:  186-block 10
    $$$$$:  186-block 11
        -:  187:
function _ZN44esEncuestaValidaTEST_validaAnioNegativo_Test8TestBodyEv called 1 returned 100% blocks executed 29%
function _ZN44esEncuestaValidaTEST_validaAnioNegativo_TestD1Ev called 1 returned 100% blocks executed 100%
function _ZN44esEncuestaValidaTEST_validaAnioNegativo_TestD0Ev called 1 returned 100% blocks executed 100%
function _ZN44esEncuestaValidaTEST_validaAnioNegativo_TestC1Ev called 1 returned 100% blocks executed 100%
function _ZN44esEncuestaValidaTEST_validaAnioNegativo_TestC2Ev called 1 returned 100% blocks executed 100%
function _ZN44esEncuestaValidaTEST_validaAnioNegativo_TestD2Ev called 1 returned 100% blocks executed 100%
        4:  188:TEST(esEncuestaValidaTEST, validaAnioNegativo) {
        1:  188-block  0
branch  0 taken 1
branch  1 taken 0
        1:  188-block  1
branch  2 taken 1
branch  3 taken 0
        1:  188-block  2
branch  4 taken 1
branch  5 taken 0
        1:  188-block  3
branch  6 taken 1
branch  7 taken 0
        1:  188-block  4
branch  8 taken 1
branch  9 taken 0
        1:  188-block  5
    $$$$$:  188-block  6
    $$$$$:  188-block  7
    $$$$$:  188-block  8
    $$$$$:  188-block  9
    $$$$$:  188-block 10
    $$$$$:  188-block 11
        1:  188-block 12
        1:  188-block 13
        1:  189:    eph_h th = {{22114, -2020,   3,  319611, 629088, 3,  41, 0,  1,  3,  1,  2}};
        1:  189-block  0
branch  0 taken 1
branch  1 taken 0
        1:  189-block  1
branch  2 taken 1
branch  3 taken 0
        1:  189-block  2
        1:  189-block  3
    $$$$$:  189-block  4
    $$$$$:  189-block  5
    $$$$$:  189-block  6
    $$$$$:  189-block  7
    $$$$$:  189-block  8
    $$$$$:  189-block  9
    $$$$$:  189-block 10
    $$$$$:  189-block 11
    $$$$$:  189-block 12
    $$$$$:  189-block 13
    $$$$$:  189-block 14
        1:  190:    eph_i ti = {{22114, -2020,   1,  0,  3,  1,  18, 0,  0,  20000,  10}};
        1:  190-block  0
branch  0 taken 1
branch  1 taken 0
        1:  190-block  1
branch  2 taken 1
branch  3 taken 0
        1:  190-block  2
        1:  190-block  3
    $$$$$:  190-block  4
    $$$$$:  190-block  5
    $$$$$:  190-block  6
    $$$$$:  190-block  7
    $$$$$:  190-block  8
    $$$$$:  190-block  9
    $$$$$:  190-block 10
    $$$$$:  190-block 11
    $$$$$:  190-block 12
    $$$$$:  190-block 13
        1:  191:    EXPECT_TRUE(esEncuestaValida(th, ti));
        1:  191-block  0
branch  0 taken 1
branch  1 taken 0
        1:  191-block  1
branch  2 taken 1
branch  3 taken 0
        1:  191-block  2
branch  4 taken 1
branch  5 taken 0
        1:  191-block  3
branch  6 taken 1
branch  7 taken 0
        1:  191-block  4
branch  8 taken 1
branch  9 taken 0
        1:  191-block  5
branch 10 taken 0
branch 11 taken 1
        1:  191-block  6
    $$$$$:  191-block  7
    $$$$$:  191-block  8
    $$$$$:  191-block  9
branch 12 never executed
branch 13 never executed
    $$$$$:  191-block 10
branch 14 never executed
branch 15 never executed
    $$$$$:  191-block 11
branch 16 never executed
branch 17 never executed
    $$$$$:  191-block 12
branch 18 never executed
branch 19 never executed
    $$$$$:  191-block 13
    $$$$$:  191-block 14
    $$$$$:  191-block 15
    $$$$$:  191-block 16
    $$$$$:  191-block 17
        1:  192:}
    $$$$$:  192-block  0
    $$$$$:  192-block  1
    $$$$$:  192-block  2
    $$$$$:  192-block  3
    $$$$$:  192-block  4
        1:  192-block  5
    $$$$$:  192-block  6
    $$$$$:  192-block  7
        -:  193:
function _ZN43esEncuestaValidaTEST_validaeph2018_100_Test8TestBodyEv called 1 returned 100% blocks executed 34%
function _ZN43esEncuestaValidaTEST_validaeph2018_100_TestD1Ev called 1 returned 100% blocks executed 100%
function _ZN43esEncuestaValidaTEST_validaeph2018_100_TestD0Ev called 1 returned 100% blocks executed 100%
function _ZN43esEncuestaValidaTEST_validaeph2018_100_TestC1Ev called 1 returned 100% blocks executed 100%
function _ZN43esEncuestaValidaTEST_validaeph2018_100_TestC2Ev called 1 returned 100% blocks executed 100%
function _ZN43esEncuestaValidaTEST_validaeph2018_100_TestD2Ev called 1 returned 100% blocks executed 100%
        4:  194:TEST(esEncuestaValidaTEST, validaeph2018_100) {
        1:  194-block  0
branch  0 taken 1
branch  1 taken 0
        1:  194-block  1
branch  2 taken 1
branch  3 taken 0
        1:  194-block  2
branch  4 taken 1
branch  5 taken 0
        1:  194-block  3
branch  6 taken 1
branch  7 taken 0
        1:  194-block  4
branch  8 taken 1
branch  9 taken 0
        1:  194-block  5
    $$$$$:  194-block  6
    $$$$$:  194-block  7
    $$$$$:  194-block  8
    $$$$$:  194-block  9
    $$$$$:  194-block 10
    $$$$$:  194-block 11
        1:  194-block 12
        1:  194-block 13
        1:  195:    eph_h th;
        1:  196:    eph_i ti;
        1:  197:    leerEncuesta ( "eph_3c_2018_100", th, ti );
        1:  197-block  0
branch  0 taken 1
branch  1 taken 0
        1:  197-block  1
branch  2 taken 1
branch  3 taken 0
    $$$$$:  197-block  2
        -:  198:
        1:  199:    EXPECT_TRUE(esEncuestaValida(th, ti) );
        1:  199-block  0
branch  0 taken 1
branch  1 taken 0
        1:  199-block  1
branch  2 taken 1
branch  3 taken 0
        1:  199-block  2
branch  4 taken 1
branch  5 taken 0
        1:  199-block  3
branch  6 taken 1
branch  7 taken 0
        1:  199-block  4
branch  8 taken 1
branch  9 taken 0
        1:  199-block  5
branch 10 taken 0
branch 11 taken 1
        1:  199-block  6
    $$$$$:  199-block  7
    $$$$$:  199-block  8
    $$$$$:  199-block  9
branch 12 never executed
branch 13 never executed
    $$$$$:  199-block 10
branch 14 never executed
branch 15 never executed
    $$$$$:  199-block 11
branch 16 never executed
branch 17 never executed
    $$$$$:  199-block 12
branch 18 never executed
branch 19 never executed
    $$$$$:  199-block 13
    $$$$$:  199-block 14
    $$$$$:  199-block 15
    $$$$$:  199-block 16
    $$$$$:  199-block 17
        1:  200:}
    $$$$$:  200-block  0
    $$$$$:  200-block  1
    $$$$$:  200-block  2
    $$$$$:  200-block  3
    $$$$$:  200-block  4
        1:  200-block  5
    $$$$$:  200-block  6
    $$$$$:  200-block  7
        -:  201:
function _ZN43esEncuestaValidaTEST_validaeph2020_100_Test8TestBodyEv called 1 returned 100% blocks executed 34%
function _ZN43esEncuestaValidaTEST_validaeph2020_100_TestD1Ev called 1 returned 100% blocks executed 100%
function _ZN43esEncuestaValidaTEST_validaeph2020_100_TestD0Ev called 1 returned 100% blocks executed 100%
function _ZN43esEncuestaValidaTEST_validaeph2020_100_TestC1Ev called 1 returned 100% blocks executed 100%
function _ZN43esEncuestaValidaTEST_validaeph2020_100_TestC2Ev called 1 returned 100% blocks executed 100%
function _ZN43esEncuestaValidaTEST_validaeph2020_100_TestD2Ev called 1 returned 100% blocks executed 100%
        4:  202:TEST(esEncuestaValidaTEST, validaeph2020_100) {
        1:  202-block  0
branch  0 taken 1
branch  1 taken 0
        1:  202-block  1
branch  2 taken 1
branch  3 taken 0
        1:  202-block  2
branch  4 taken 1
branch  5 taken 0
        1:  202-block  3
branch  6 taken 1
branch  7 taken 0
        1:  202-block  4
branch  8 taken 1
branch  9 taken 0
        1:  202-block  5
    $$$$$:  202-block  6
    $$$$$:  202-block  7
    $$$$$:  202-block  8
    $$$$$:  202-block  9
    $$$$$:  202-block 10
    $$$$$:  202-block 11
        1:  202-block 12
        1:  202-block 13
        1:  203:    eph_h th;
        1:  204:    eph_i ti;
        1:  205:    leerEncuesta ( "eph_3c_2020_100", th, ti );
        1:  205-block  0
branch  0 taken 1
branch  1 taken 0
        1:  205-block  1
branch  2 taken 1
branch  3 taken 0
    $$$$$:  205-block  2
        -:  206:
        1:  207:    EXPECT_TRUE(  esEncuestaValida(th, ti) );
        1:  207-block  0
branch  0 taken 1
branch  1 taken 0
        1:  207-block  1
branch  2 taken 1
branch  3 taken 0
        1:  207-block  2
branch  4 taken 1
branch  5 taken 0
        1:  207-block  3
branch  6 taken 1
branch  7 taken 0
        1:  207-block  4
branch  8 taken 1
branch  9 taken 0
        1:  207-block  5
branch 10 taken 0
branch 11 taken 1
        1:  207-block  6
    $$$$$:  207-block  7
    $$$$$:  207-block  8
    $$$$$:  207-block  9
branch 12 never executed
branch 13 never executed
    $$$$$:  207-block 10
branch 14 never executed
branch 15 never executed
    $$$$$:  207-block 11
branch 16 never executed
branch 17 never executed
    $$$$$:  207-block 12
branch 18 never executed
branch 19 never executed
    $$$$$:  207-block 13
    $$$$$:  207-block 14
    $$$$$:  207-block 15
    $$$$$:  207-block 16
    $$$$$:  207-block 17
        1:  208:}
    $$$$$:  208-block  0
    $$$$$:  208-block  1
    $$$$$:  208-block  2
    $$$$$:  208-block  3
    $$$$$:  208-block  4
        1:  208-block  5
    $$$$$:  208-block  6
    $$$$$:  208-block  7
        -:  209:
