        -:    0:Source:/Users/martinacuna/Documents/Facultad/Algoritmos/TPI/algoI_tp2/test/generarJoinTEST.cpp
        -:    0:Graph:/Users/martinacuna/Documents/Facultad/Algoritmos/TPI/algoI_tp2/cmake-build-debug/CMakeFiles/tpi.dir/test/generarJoinTEST.gcno
        -:    0:Data:/Users/martinacuna/Documents/Facultad/Algoritmos/TPI/algoI_tp2/cmake-build-debug/CMakeFiles/tpi.dir/test/generarJoinTEST.gcda
        -:    0:Runs:1
        -:    0:Programs:1
        -:    1:#include "../definiciones.h"
        -:    2:#include "../Funciones_TPI.h"
        -:    3:#include "../ejercicios.h"
        -:    4:#include "../auxiliares.h"
        -:    5:#include "gtest/gtest.h"
        -:    6:#include <iostream>
        -:    7:#include <string>
        -:    8:
        -:    9:using namespace std;
        -:   10:
        -:   11:
function _ZN30generarJoinTEST_casoFacil_Test8TestBodyEv called 1 returned 100% blocks executed 38%
function _ZN30generarJoinTEST_casoFacil_TestD1Ev called 1 returned 100% blocks executed 100%
function _ZN30generarJoinTEST_casoFacil_TestD0Ev called 1 returned 100% blocks executed 100%
function _ZN30generarJoinTEST_casoFacil_TestC1Ev called 1 returned 100% blocks executed 100%
function _ZN30generarJoinTEST_casoFacil_TestC2Ev called 1 returned 100% blocks executed 100%
function _ZN30generarJoinTEST_casoFacil_TestD2Ev called 1 returned 100% blocks executed 100%
        4:   12:TEST(generarJoinTEST, casoFacil) {
        1:   12-block  0
branch  0 taken 1
branch  1 taken 0
        1:   12-block  1
branch  2 taken 1
branch  3 taken 0
        1:   12-block  2
branch  4 taken 1
branch  5 taken 0
        1:   12-block  3
branch  6 taken 1
branch  7 taken 0
        1:   12-block  4
branch  8 taken 1
branch  9 taken 0
        1:   12-block  5
    $$$$$:   12-block  6
    $$$$$:   12-block  7
    $$$$$:   12-block  8
    $$$$$:   12-block  9
    $$$$$:   12-block 10
    $$$$$:   12-block 11
        1:   12-block 12
        1:   12-block 13
        1:   13:    eph_h th = {{22114, 2018,   3,  319611, 629088, 3,  41, 1,  1,  3,  1,  2},
        1:   13-block  0
branch  0 taken 1
branch  1 taken 0
        1:   13-block  1
branch  2 taken 1
branch  3 taken 0
        1:   13-block  2
        1:   13-block  3
    $$$$$:   13-block  4
    $$$$$:   13-block  5
    $$$$$:   13-block  6
    $$$$$:   13-block  7
    $$$$$:   13-block  8
    $$$$$:   13-block  9
    $$$$$:   13-block 10
    $$$$$:   13-block 11
    $$$$$:   13-block 12
    $$$$$:   13-block 13
    $$$$$:   13-block 14
        1:   14:               {31117, 2018,   3,  332870, 642475, 3,  40, 1,  1,  6,  6,  1},
        1:   14-block  0
branch  0 taken 1
branch  1 taken 0
        1:   15:               {22866, 2018,   3,  317157, 627217, 2,  42, 1,  3,  2,  2,  1},
        1:   15-block  0
branch  0 taken 1
branch  1 taken 0
        1:   16:               {20957, 2018,   3,  313965, 623297, 1,  43, 0,  1,  3,  1,  1}};
        1:   16-block  0
branch  0 taken 1
branch  1 taken 0
        -:   17:
        1:   18:    eph_i ti = {{20957, 2018,   1,  1,  3,  1,  88, 0,  0,  90000,  1},
        1:   18-block  0
branch  0 taken 1
branch  1 taken 0
        1:   18-block  1
branch  2 taken 1
branch  3 taken 0
        1:   18-block  2
        1:   18-block  3
    $$$$$:   18-block  4
    $$$$$:   18-block  5
    $$$$$:   18-block  6
    $$$$$:   18-block  7
    $$$$$:   18-block  8
    $$$$$:   18-block  9
    $$$$$:   18-block 10
    $$$$$:   18-block 11
    $$$$$:   18-block 12
    $$$$$:   18-block 13
        1:   19:               {20957, 2018,   2,  1,  3,  2,  82, 0,  0,  25000,  1},
        1:   19-block  0
branch  0 taken 1
branch  1 taken 0
        1:   20:               {22866, 2018,   1,  0,  3,  1,  31, 1,  3,  59000,  1},
        1:   20-block  0
branch  0 taken 1
branch  1 taken 0
        1:   21:               {22866, 2018,   2,  1,  3,  2,  28, 1,  3,  0,      6},
        1:   21-block  0
branch  0 taken 1
branch  1 taken 0
        1:   22:               {31117, 2018,   3,  0,  3,  2,  46, 1,  3,  17000,  1},
        1:   22-block  0
branch  0 taken 1
branch  1 taken 0
        1:   23:               {31117, 2018,   4,  0,  3,  1,  20, 1,  3,  5000,   6},
        1:   23-block  0
branch  0 taken 1
branch  1 taken 0
        1:   24:               {31117, 2018,   5,  0,  3,  2,  15, 0,  0,  5000,   1},
        1:   24-block  0
branch  0 taken 1
branch  1 taken 0
        1:   25:               {22114, 2018,   1,  0,  3,  1,  18, 0,  0,  20000,  1}};
        1:   25-block  0
branch  0 taken 1
branch  1 taken 0
        -:   26:
        -:   27:
        9:   28:    join_hi junta = {{{20957, 2018,   3,  313965, 623297, 1,  43, 0,  1,  3,  1,  1},
        1:   28-block  0
branch  0 taken 1
branch  1 taken 0
        1:   28-block  1
branch  2 taken 1
branch  3 taken 0
        1:   28-block  2
branch  4 taken 1
branch  5 taken 0
        1:   28-block  3
        1:   28-block  4
    $$$$$:   28-block  5
    $$$$$:   28-block  6
    $$$$$:   28-block  7
    $$$$$:   28-block  8
    $$$$$:   28-block  9
    $$$$$:   28-block 10
    $$$$$:   28-block 11
    $$$$$:   28-block 12
    $$$$$:   28-block 13
    $$$$$:   28-block 14
    $$$$$:   28-block 15
    $$$$$:   28-block 16
    $$$$$:   28-block 17
    $$$$$:   28-block 18
    $$$$$:   28-block 19
    $$$$$:   28-block 20
    $$$$$:   28-block 21
    $$$$$:   28-block 22
    $$$$$:   28-block 23
    $$$$$:   28-block 24
    $$$$$:   28-block 25
    $$$$$:   28-block 26
branch  6 never executed
branch  7 never executed
    $$$$$:   28-block 27
    $$$$$:   28-block 28
    $$$$$:   28-block 29
    $$$$$:   28-block 30
    $$$$$:   28-block 31
    $$$$$:   28-block 32
        1:   29:                      {20957, 2018,   1,  1,  3,  1,  88, 0,  0,  90000,  1}},
        1:   29-block  0
branch  0 taken 1
branch  1 taken 0
        2:   30:                     {{20957, 2018,   3,  313965, 623297, 1,  43, 0,  1,  3,  1,  1},
        1:   30-block  0
branch  0 taken 1
branch  1 taken 0
        1:   30-block  1
branch  2 taken 1
branch  3 taken 0
        1:   31:                      {20957, 2018,   2,  1,  3,  2,  82, 0,  0,  25000,  1}},
        1:   31-block  0
branch  0 taken 1
branch  1 taken 0
        2:   32:                     {{22866, 2018,   3,  317157, 627217, 2,  42, 1,  3,  2,  2,  1},
        1:   32-block  0
branch  0 taken 1
branch  1 taken 0
        1:   32-block  1
branch  2 taken 1
branch  3 taken 0
        1:   33:                      {22866, 2018,   1,  0,  3,  1,  31, 1,  3,  59000,  1}},
        1:   33-block  0
branch  0 taken 1
branch  1 taken 0
        2:   34:                     {{22866, 2018,   3,  317157, 627217, 2,  42, 1,  3,  2,  2,  1},
        1:   34-block  0
branch  0 taken 1
branch  1 taken 0
        1:   34-block  1
branch  2 taken 1
branch  3 taken 0
        1:   35:                      {22866, 2018,   2,  1,  3,  2,  28, 1,  3,  0,      6}},
        1:   35-block  0
branch  0 taken 1
branch  1 taken 0
        2:   36:                     {{31117, 2018,   3,  332870, 642475, 3,  40, 1,  1,  6,  6,  1},
        1:   36-block  0
branch  0 taken 1
branch  1 taken 0
        1:   36-block  1
branch  2 taken 1
branch  3 taken 0
        1:   37:                      {31117, 2018,   3,  0,  3,  2,  46, 1,  3,  17000,  1}},
        1:   37-block  0
branch  0 taken 1
branch  1 taken 0
        2:   38:                     {{31117, 2018,   3,  332870, 642475, 3,  40, 1,  1,  6,  6,  1},
        1:   38-block  0
branch  0 taken 1
branch  1 taken 0
        1:   38-block  1
branch  2 taken 1
branch  3 taken 0
        1:   39:                      {31117, 2018,   4,  0,  3,  1,  20, 1,  3,  5000,   6}},
        1:   39-block  0
branch  0 taken 1
branch  1 taken 0
        2:   40:                     {{31117, 2018,   3,  332870, 642475, 3,  40, 1,  1,  6,  6,  1},
        1:   40-block  0
branch  0 taken 1
branch  1 taken 0
        1:   40-block  1
branch  2 taken 1
branch  3 taken 0
        1:   41:                      {31117, 2018,   5,  0,  3,  2,  15, 0,  0,  5000,   1}},
        1:   41-block  0
branch  0 taken 1
branch  1 taken 0
        2:   42:                     {{22114, 2018,   3,  319611, 629088, 3,  41, 1,  1,  3,  1,  2},
        1:   42-block  0
branch  0 taken 1
branch  1 taken 0
        1:   42-block  1
branch  2 taken 1
branch  3 taken 0
        1:   43:                      {22114, 2018,   1,  0,  3,  1,  18, 0,  0,  20000,  1}}};
        1:   43-block  0
branch  0 taken 1
branch  1 taken 0
        -:   44:
        1:   45:    EXPECT_TRUE(esEncuestaValida(th, ti));
        1:   45-block  0
branch  0 taken 1
branch  1 taken 0
        1:   45-block  1
branch  2 taken 1
branch  3 taken 0
        1:   45-block  2
branch  4 taken 1
branch  5 taken 0
        1:   45-block  3
branch  6 taken 1
branch  7 taken 0
        1:   45-block  4
branch  8 taken 1
branch  9 taken 0
        1:   45-block  5
branch 10 taken 0
branch 11 taken 1
        1:   45-block  6
    $$$$$:   45-block  7
    $$$$$:   45-block  8
    $$$$$:   45-block  9
branch 12 never executed
branch 13 never executed
    $$$$$:   45-block 10
branch 14 never executed
branch 15 never executed
    $$$$$:   45-block 11
branch 16 never executed
branch 17 never executed
    $$$$$:   45-block 12
branch 18 never executed
branch 19 never executed
    $$$$$:   45-block 13
    $$$$$:   45-block 14
    $$$$$:   45-block 15
    $$$$$:   45-block 16
    $$$$$:   45-block 17
        -:   46:
        1:   47:    join_hi obtenido = generarJoin(th, ti);
        1:   47-block  0
branch  0 taken 1
branch  1 taken 0
        1:   47-block  1
branch  2 taken 1
branch  3 taken 0
        1:   47-block  2
branch  4 taken 1
branch  5 taken 0
    $$$$$:   47-block  3
    $$$$$:   47-block  4
        -:   48:
        1:   49:    sort(junta.begin(), junta.end());
        1:   49-block  0
branch  0 taken 1
branch  1 taken 0
        1:   50:    sort(obtenido.begin(), obtenido.end());
        1:   50-block  0
branch  0 taken 1
branch  1 taken 0
        -:   51:
        1:   52:    EXPECT_EQ(junta, obtenido);
        1:   52-block  0
branch  0 taken 1
branch  1 taken 0
        1:   52-block  1
branch  2 taken 1
branch  3 taken 0
        1:   52-block  2
branch  4 taken 0
branch  5 taken 1
        1:   52-block  3
    $$$$$:   52-block  4
branch  6 never executed
branch  7 never executed
    $$$$$:   52-block  5
branch  8 never executed
branch  9 never executed
    $$$$$:   52-block  6
branch 10 never executed
branch 11 never executed
    $$$$$:   52-block  7
branch 12 never executed
branch 13 never executed
    $$$$$:   52-block  8
    $$$$$:   52-block  9
    $$$$$:   52-block 10
    $$$$$:   52-block 11
        1:   53:}
    $$$$$:   53-block  0
    $$$$$:   53-block  1
    $$$$$:   53-block  2
    $$$$$:   53-block  3
    $$$$$:   53-block  4
    $$$$$:   53-block  5
    $$$$$:   53-block  6
    $$$$$:   53-block  7
    $$$$$:   53-block  8
    $$$$$:   53-block  9
    $$$$$:   53-block 10
    $$$$$:   53-block 11
    $$$$$:   53-block 12
    $$$$$:   53-block 13
    $$$$$:   53-block 14
    $$$$$:   53-block 15
    $$$$$:   53-block 16
    $$$$$:   53-block 17
    $$$$$:   53-block 18
    $$$$$:   53-block 19
    $$$$$:   53-block 20
    $$$$$:   53-block 21
    $$$$$:   53-block 22
    $$$$$:   53-block 23
    $$$$$:   53-block 24
    $$$$$:   53-block 25
        1:   53-block 26
    $$$$$:   53-block 27
    $$$$$:   53-block 28
    $$$$$:   53-block 29
    $$$$$:   53-block 30
        -:   54:
        -:   55:// Nuevos casos de test
        -:   56:
function _ZN47generarJoinTEST_tablaIndividuosDesordenada_Test8TestBodyEv called 1 returned 100% blocks executed 38%
function _ZN47generarJoinTEST_tablaIndividuosDesordenada_TestD1Ev called 1 returned 100% blocks executed 100%
function _ZN47generarJoinTEST_tablaIndividuosDesordenada_TestD0Ev called 1 returned 100% blocks executed 100%
function _ZN47generarJoinTEST_tablaIndividuosDesordenada_TestC1Ev called 1 returned 100% blocks executed 100%
function _ZN47generarJoinTEST_tablaIndividuosDesordenada_TestC2Ev called 1 returned 100% blocks executed 100%
function _ZN47generarJoinTEST_tablaIndividuosDesordenada_TestD2Ev called 1 returned 100% blocks executed 100%
        4:   57:TEST(generarJoinTEST, tablaIndividuosDesordenada) {
        1:   57-block  0
branch  0 taken 1
branch  1 taken 0
        1:   57-block  1
branch  2 taken 1
branch  3 taken 0
        1:   57-block  2
branch  4 taken 1
branch  5 taken 0
        1:   57-block  3
branch  6 taken 1
branch  7 taken 0
        1:   57-block  4
branch  8 taken 1
branch  9 taken 0
        1:   57-block  5
    $$$$$:   57-block  6
    $$$$$:   57-block  7
    $$$$$:   57-block  8
    $$$$$:   57-block  9
    $$$$$:   57-block 10
    $$$$$:   57-block 11
        1:   57-block 12
        1:   57-block 13
        1:   58:    eph_h th = {{22114, 2018,   3,  319611, 629088, 3,  41, 1,  1,  3,  1,  2},
        1:   58-block  0
branch  0 taken 1
branch  1 taken 0
        1:   58-block  1
branch  2 taken 1
branch  3 taken 0
        1:   58-block  2
        1:   58-block  3
    $$$$$:   58-block  4
    $$$$$:   58-block  5
    $$$$$:   58-block  6
    $$$$$:   58-block  7
    $$$$$:   58-block  8
    $$$$$:   58-block  9
    $$$$$:   58-block 10
    $$$$$:   58-block 11
    $$$$$:   58-block 12
    $$$$$:   58-block 13
    $$$$$:   58-block 14
        1:   59:                {31117, 2018,   3,  332870, 642475, 3,  40, 1,  1,  6,  6,  1},
        1:   59-block  0
branch  0 taken 1
branch  1 taken 0
        1:   60:                {22866, 2018,   3,  317157, 627217, 2,  42, 1,  3,  2,  2,  1},
        1:   60-block  0
branch  0 taken 1
branch  1 taken 0
        1:   61:                {20957, 2018,   3,  313965, 623297, 1,  43, 0,  1,  3,  1,  1}};
        1:   61-block  0
branch  0 taken 1
branch  1 taken 0
        -:   62:
        1:   63:    eph_i ti = {{20957, 2018,   1,  1,  3,  1,  88, 0,  0,  90000,  1},
        1:   63-block  0
branch  0 taken 1
branch  1 taken 0
        1:   63-block  1
branch  2 taken 1
branch  3 taken 0
        1:   63-block  2
        1:   63-block  3
    $$$$$:   63-block  4
    $$$$$:   63-block  5
    $$$$$:   63-block  6
    $$$$$:   63-block  7
    $$$$$:   63-block  8
    $$$$$:   63-block  9
    $$$$$:   63-block 10
    $$$$$:   63-block 11
    $$$$$:   63-block 12
    $$$$$:   63-block 13
        1:   64:                {31117, 2018,   4,  0,  3,  1,  20, 1,  3,  5000,   6},
        1:   64-block  0
branch  0 taken 1
branch  1 taken 0
        1:   65:                {22866, 2018,   2,  1,  3,  2,  28, 1,  3,  0,      6},
        1:   65-block  0
branch  0 taken 1
branch  1 taken 0
        1:   66:                {31117, 2018,   3,  0,  3,  2,  46, 1,  3,  17000,  1},
        1:   66-block  0
branch  0 taken 1
branch  1 taken 0
        1:   67:                {22866, 2018,   1,  0,  3,  1,  31, 1,  3,  59000,  1},
        1:   67-block  0
branch  0 taken 1
branch  1 taken 0
        1:   68:                {31117, 2018,   5,  0,  3,  2,  15, 0,  0,  5000,   1},
        1:   68-block  0
branch  0 taken 1
branch  1 taken 0
        1:   69:                {20957, 2018,   2,  1,  3,  2,  82, 0,  0,  25000,  1},
        1:   69-block  0
branch  0 taken 1
branch  1 taken 0
        1:   70:                {22114, 2018,   1,  0,  3,  1,  18, 0,  0,  20000,  1}};
        1:   70-block  0
branch  0 taken 1
branch  1 taken 0
        -:   71:
        -:   72:
        9:   73:    join_hi junta = {{{20957, 2018,   3,  313965, 623297, 1,  43, 0,  1,  3,  1,  1},
        1:   73-block  0
branch  0 taken 1
branch  1 taken 0
        1:   73-block  1
branch  2 taken 1
branch  3 taken 0
        1:   73-block  2
branch  4 taken 1
branch  5 taken 0
        1:   73-block  3
        1:   73-block  4
    $$$$$:   73-block  5
    $$$$$:   73-block  6
    $$$$$:   73-block  7
    $$$$$:   73-block  8
    $$$$$:   73-block  9
    $$$$$:   73-block 10
    $$$$$:   73-block 11
    $$$$$:   73-block 12
    $$$$$:   73-block 13
    $$$$$:   73-block 14
    $$$$$:   73-block 15
    $$$$$:   73-block 16
    $$$$$:   73-block 17
    $$$$$:   73-block 18
    $$$$$:   73-block 19
    $$$$$:   73-block 20
    $$$$$:   73-block 21
    $$$$$:   73-block 22
    $$$$$:   73-block 23
    $$$$$:   73-block 24
    $$$$$:   73-block 25
    $$$$$:   73-block 26
branch  6 never executed
branch  7 never executed
    $$$$$:   73-block 27
    $$$$$:   73-block 28
    $$$$$:   73-block 29
    $$$$$:   73-block 30
    $$$$$:   73-block 31
    $$$$$:   73-block 32
        1:   74:                             {20957, 2018,   1,  1,  3,  1,  88, 0,  0,  90000,  1}},
        1:   74-block  0
branch  0 taken 1
branch  1 taken 0
        2:   75:                     {{20957, 2018,   3,  313965, 623297, 1,  43, 0,  1,  3,  1,  1},
        1:   75-block  0
branch  0 taken 1
branch  1 taken 0
        1:   75-block  1
branch  2 taken 1
branch  3 taken 0
        1:   76:                             {20957, 2018,   2,  1,  3,  2,  82, 0,  0,  25000,  1}},
        1:   76-block  0
branch  0 taken 1
branch  1 taken 0
        2:   77:                     {{22866, 2018,   3,  317157, 627217, 2,  42, 1,  3,  2,  2,  1},
        1:   77-block  0
branch  0 taken 1
branch  1 taken 0
        1:   77-block  1
branch  2 taken 1
branch  3 taken 0
        1:   78:                             {22866, 2018,   1,  0,  3,  1,  31, 1,  3,  59000,  1}},
        1:   78-block  0
branch  0 taken 1
branch  1 taken 0
        2:   79:                     {{22866, 2018,   3,  317157, 627217, 2,  42, 1,  3,  2,  2,  1},
        1:   79-block  0
branch  0 taken 1
branch  1 taken 0
        1:   79-block  1
branch  2 taken 1
branch  3 taken 0
        1:   80:                             {22866, 2018,   2,  1,  3,  2,  28, 1,  3,  0,      6}},
        1:   80-block  0
branch  0 taken 1
branch  1 taken 0
        2:   81:                     {{31117, 2018,   3,  332870, 642475, 3,  40, 1,  1,  6,  6,  1},
        1:   81-block  0
branch  0 taken 1
branch  1 taken 0
        1:   81-block  1
branch  2 taken 1
branch  3 taken 0
        1:   82:                             {31117, 2018,   3,  0,  3,  2,  46, 1,  3,  17000,  1}},
        1:   82-block  0
branch  0 taken 1
branch  1 taken 0
        2:   83:                     {{31117, 2018,   3,  332870, 642475, 3,  40, 1,  1,  6,  6,  1},
        1:   83-block  0
branch  0 taken 1
branch  1 taken 0
        1:   83-block  1
branch  2 taken 1
branch  3 taken 0
        1:   84:                             {31117, 2018,   4,  0,  3,  1,  20, 1,  3,  5000,   6}},
        1:   84-block  0
branch  0 taken 1
branch  1 taken 0
        2:   85:                     {{31117, 2018,   3,  332870, 642475, 3,  40, 1,  1,  6,  6,  1},
        1:   85-block  0
branch  0 taken 1
branch  1 taken 0
        1:   85-block  1
branch  2 taken 1
branch  3 taken 0
        1:   86:                             {31117, 2018,   5,  0,  3,  2,  15, 0,  0,  5000,   1}},
        1:   86-block  0
branch  0 taken 1
branch  1 taken 0
        2:   87:                     {{22114, 2018,   3,  319611, 629088, 3,  41, 1,  1,  3,  1,  2},
        1:   87-block  0
branch  0 taken 1
branch  1 taken 0
        1:   87-block  1
branch  2 taken 1
branch  3 taken 0
        1:   88:                             {22114, 2018,   1,  0,  3,  1,  18, 0,  0,  20000,  1}}};
        1:   88-block  0
branch  0 taken 1
branch  1 taken 0
        -:   89:
        1:   90:    EXPECT_TRUE(esEncuestaValida(th, ti));
        1:   90-block  0
branch  0 taken 1
branch  1 taken 0
        1:   90-block  1
branch  2 taken 1
branch  3 taken 0
        1:   90-block  2
branch  4 taken 1
branch  5 taken 0
        1:   90-block  3
branch  6 taken 1
branch  7 taken 0
        1:   90-block  4
branch  8 taken 1
branch  9 taken 0
        1:   90-block  5
branch 10 taken 0
branch 11 taken 1
        1:   90-block  6
    $$$$$:   90-block  7
    $$$$$:   90-block  8
    $$$$$:   90-block  9
branch 12 never executed
branch 13 never executed
    $$$$$:   90-block 10
branch 14 never executed
branch 15 never executed
    $$$$$:   90-block 11
branch 16 never executed
branch 17 never executed
    $$$$$:   90-block 12
branch 18 never executed
branch 19 never executed
    $$$$$:   90-block 13
    $$$$$:   90-block 14
    $$$$$:   90-block 15
    $$$$$:   90-block 16
    $$$$$:   90-block 17
        -:   91:
        1:   92:    join_hi obtenido = generarJoin(th, ti);
        1:   92-block  0
branch  0 taken 1
branch  1 taken 0
        1:   92-block  1
branch  2 taken 1
branch  3 taken 0
        1:   92-block  2
branch  4 taken 1
branch  5 taken 0
    $$$$$:   92-block  3
    $$$$$:   92-block  4
        -:   93:
        1:   94:    sort(junta.begin(), junta.end());
        1:   94-block  0
branch  0 taken 1
branch  1 taken 0
        1:   95:    sort(obtenido.begin(), obtenido.end());
        1:   95-block  0
branch  0 taken 1
branch  1 taken 0
        -:   96:
        1:   97:    EXPECT_EQ(junta, obtenido);
        1:   97-block  0
branch  0 taken 1
branch  1 taken 0
        1:   97-block  1
branch  2 taken 1
branch  3 taken 0
        1:   97-block  2
branch  4 taken 0
branch  5 taken 1
        1:   97-block  3
    $$$$$:   97-block  4
branch  6 never executed
branch  7 never executed
    $$$$$:   97-block  5
branch  8 never executed
branch  9 never executed
    $$$$$:   97-block  6
branch 10 never executed
branch 11 never executed
    $$$$$:   97-block  7
branch 12 never executed
branch 13 never executed
    $$$$$:   97-block  8
    $$$$$:   97-block  9
    $$$$$:   97-block 10
    $$$$$:   97-block 11
        1:   98:}
    $$$$$:   98-block  0
    $$$$$:   98-block  1
    $$$$$:   98-block  2
    $$$$$:   98-block  3
    $$$$$:   98-block  4
    $$$$$:   98-block  5
    $$$$$:   98-block  6
    $$$$$:   98-block  7
    $$$$$:   98-block  8
    $$$$$:   98-block  9
    $$$$$:   98-block 10
    $$$$$:   98-block 11
    $$$$$:   98-block 12
    $$$$$:   98-block 13
    $$$$$:   98-block 14
    $$$$$:   98-block 15
    $$$$$:   98-block 16
    $$$$$:   98-block 17
    $$$$$:   98-block 18
    $$$$$:   98-block 19
    $$$$$:   98-block 20
    $$$$$:   98-block 21
    $$$$$:   98-block 22
    $$$$$:   98-block 23
    $$$$$:   98-block 24
    $$$$$:   98-block 25
        1:   98-block 26
    $$$$$:   98-block 27
    $$$$$:   98-block 28
    $$$$$:   98-block 29
    $$$$$:   98-block 30
        -:   99:
function _ZN44generarJoinTEST_unHogarMuchosIndividuos_Test8TestBodyEv called 1 returned 100% blocks executed 34%
function _ZN44generarJoinTEST_unHogarMuchosIndividuos_TestD1Ev called 1 returned 100% blocks executed 100%
function _ZN44generarJoinTEST_unHogarMuchosIndividuos_TestD0Ev called 1 returned 100% blocks executed 100%
function _ZN44generarJoinTEST_unHogarMuchosIndividuos_TestC1Ev called 1 returned 100% blocks executed 100%
function _ZN44generarJoinTEST_unHogarMuchosIndividuos_TestC2Ev called 1 returned 100% blocks executed 100%
function _ZN44generarJoinTEST_unHogarMuchosIndividuos_TestD2Ev called 1 returned 100% blocks executed 100%
        4:  100:TEST(generarJoinTEST, unHogarMuchosIndividuos) {
        1:  100-block  0
branch  0 taken 1
branch  1 taken 0
        1:  100-block  1
branch  2 taken 1
branch  3 taken 0
        1:  100-block  2
branch  4 taken 1
branch  5 taken 0
        1:  100-block  3
branch  6 taken 1
branch  7 taken 0
        1:  100-block  4
branch  8 taken 1
branch  9 taken 0
        1:  100-block  5
    $$$$$:  100-block  6
    $$$$$:  100-block  7
    $$$$$:  100-block  8
    $$$$$:  100-block  9
    $$$$$:  100-block 10
    $$$$$:  100-block 11
        1:  100-block 12
        1:  100-block 13
        1:  101:    eph_h th = {{22114, 2018,   3,  319611, 629088, 3,  41, 1,  1,  3,  1,  2}};
        1:  101-block  0
branch  0 taken 1
branch  1 taken 0
        1:  101-block  1
branch  2 taken 1
branch  3 taken 0
        1:  101-block  2
        1:  101-block  3
    $$$$$:  101-block  4
    $$$$$:  101-block  5
    $$$$$:  101-block  6
    $$$$$:  101-block  7
    $$$$$:  101-block  8
    $$$$$:  101-block  9
    $$$$$:  101-block 10
    $$$$$:  101-block 11
    $$$$$:  101-block 12
    $$$$$:  101-block 13
    $$$$$:  101-block 14
        -:  102:
        1:  103:    eph_i ti = {{22114, 2018,   1,  1,  3,  1,  88, 0,  0,  90000,  1},
        1:  103-block  0
branch  0 taken 1
branch  1 taken 0
        1:  103-block  1
branch  2 taken 1
branch  3 taken 0
        1:  103-block  2
        1:  103-block  3
    $$$$$:  103-block  4
    $$$$$:  103-block  5
    $$$$$:  103-block  6
    $$$$$:  103-block  7
    $$$$$:  103-block  8
    $$$$$:  103-block  9
    $$$$$:  103-block 10
    $$$$$:  103-block 11
    $$$$$:  103-block 12
    $$$$$:  103-block 13
        1:  104:                {22114, 2018,   2,  1,  3,  2,  82, 0,  0,  25000,  1},
        1:  104-block  0
branch  0 taken 1
branch  1 taken 0
        1:  105:                {22114, 2018,   3,  0,  3,  2,  46, 1,  3,  17000,  1},
        1:  105-block  0
branch  0 taken 1
branch  1 taken 0
        1:  106:                {22114, 2018,   4,  0,  3,  1,  20, 1,  3,  5000,   6},
        1:  106-block  0
branch  0 taken 1
branch  1 taken 0
        1:  107:                {22114, 2018,   5,  0,  3,  2,  15, 0,  0,  5000,   1}};
        1:  107-block  0
branch  0 taken 1
branch  1 taken 0
        -:  108:
        -:  109:
        6:  110:    join_hi junta = {{{22114, 2018,   3,  319611, 629088, 3,  41, 1,  1,  3,  1,  2},
        1:  110-block  0
branch  0 taken 1
branch  1 taken 0
        1:  110-block  1
branch  2 taken 1
branch  3 taken 0
        1:  110-block  2
branch  4 taken 1
branch  5 taken 0
        1:  110-block  3
        1:  110-block  4
    $$$$$:  110-block  5
    $$$$$:  110-block  6
    $$$$$:  110-block  7
    $$$$$:  110-block  8
    $$$$$:  110-block  9
    $$$$$:  110-block 10
    $$$$$:  110-block 11
    $$$$$:  110-block 12
    $$$$$:  110-block 13
    $$$$$:  110-block 14
    $$$$$:  110-block 15
    $$$$$:  110-block 16
    $$$$$:  110-block 17
    $$$$$:  110-block 18
    $$$$$:  110-block 19
    $$$$$:  110-block 20
branch  6 never executed
branch  7 never executed
    $$$$$:  110-block 21
    $$$$$:  110-block 22
    $$$$$:  110-block 23
    $$$$$:  110-block 24
    $$$$$:  110-block 25
    $$$$$:  110-block 26
        1:  111:                             {22114, 2018,   1,  1,  3,  1,  88, 0,  0,  90000,  1}},
        1:  111-block  0
branch  0 taken 1
branch  1 taken 0
        2:  112:                     {{22114, 2018,   3,  319611, 629088, 3,  41, 1,  1,  3,  1,  2},
        1:  112-block  0
branch  0 taken 1
branch  1 taken 0
        1:  112-block  1
branch  2 taken 1
branch  3 taken 0
        1:  113:                             {22114, 2018,   2,  1,  3,  2,  82, 0,  0,  25000,  1}},
        1:  113-block  0
branch  0 taken 1
branch  1 taken 0
        2:  114:                     {{22114, 2018,   3,  319611, 629088, 3,  41, 1,  1,  3,  1,  2},
        1:  114-block  0
branch  0 taken 1
branch  1 taken 0
        1:  114-block  1
branch  2 taken 1
branch  3 taken 0
        1:  115:                             {22114, 2018,   3,  0,  3,  2,  46, 1,  3,  17000,  1}},
        1:  115-block  0
branch  0 taken 1
branch  1 taken 0
        2:  116:                     {{22114, 2018,   3,  319611, 629088, 3,  41, 1,  1,  3,  1,  2},
        1:  116-block  0
branch  0 taken 1
branch  1 taken 0
        1:  116-block  1
branch  2 taken 1
branch  3 taken 0
        1:  117:                             {22114, 2018,   4,  0,  3,  1,  20, 1,  3,  5000,   6}},
        1:  117-block  0
branch  0 taken 1
branch  1 taken 0
        2:  118:                     {{22114, 2018,   3,  319611, 629088, 3,  41, 1,  1,  3,  1,  2},
        1:  118-block  0
branch  0 taken 1
branch  1 taken 0
        1:  118-block  1
branch  2 taken 1
branch  3 taken 0
        1:  119:                             {22114, 2018,   5,  0,  3,  2,  15, 0,  0,  5000,   1}}};
        1:  119-block  0
branch  0 taken 1
branch  1 taken 0
        -:  120:
        1:  121:    EXPECT_TRUE(esEncuestaValida(th, ti));
        1:  121-block  0
branch  0 taken 1
branch  1 taken 0
        1:  121-block  1
branch  2 taken 1
branch  3 taken 0
        1:  121-block  2
branch  4 taken 1
branch  5 taken 0
        1:  121-block  3
branch  6 taken 1
branch  7 taken 0
        1:  121-block  4
branch  8 taken 1
branch  9 taken 0
        1:  121-block  5
branch 10 taken 0
branch 11 taken 1
        1:  121-block  6
    $$$$$:  121-block  7
    $$$$$:  121-block  8
    $$$$$:  121-block  9
branch 12 never executed
branch 13 never executed
    $$$$$:  121-block 10
branch 14 never executed
branch 15 never executed
    $$$$$:  121-block 11
branch 16 never executed
branch 17 never executed
    $$$$$:  121-block 12
branch 18 never executed
branch 19 never executed
    $$$$$:  121-block 13
    $$$$$:  121-block 14
    $$$$$:  121-block 15
    $$$$$:  121-block 16
    $$$$$:  121-block 17
        -:  122:
        1:  123:    join_hi obtenido = generarJoin(th, ti);
        1:  123-block  0
branch  0 taken 1
branch  1 taken 0
        1:  123-block  1
branch  2 taken 1
branch  3 taken 0
        1:  123-block  2
branch  4 taken 1
branch  5 taken 0
    $$$$$:  123-block  3
    $$$$$:  123-block  4
        -:  124:
        1:  125:    sort(junta.begin(), junta.end());
        1:  125-block  0
branch  0 taken 1
branch  1 taken 0
        1:  126:    sort(obtenido.begin(), obtenido.end());
        1:  126-block  0
branch  0 taken 1
branch  1 taken 0
        -:  127:
        1:  128:    EXPECT_EQ(junta, obtenido);
        1:  128-block  0
branch  0 taken 1
branch  1 taken 0
        1:  128-block  1
branch  2 taken 1
branch  3 taken 0
        1:  128-block  2
branch  4 taken 0
branch  5 taken 1
        1:  128-block  3
    $$$$$:  128-block  4
branch  6 never executed
branch  7 never executed
    $$$$$:  128-block  5
branch  8 never executed
branch  9 never executed
    $$$$$:  128-block  6
branch 10 never executed
branch 11 never executed
    $$$$$:  128-block  7
branch 12 never executed
branch 13 never executed
    $$$$$:  128-block  8
    $$$$$:  128-block  9
    $$$$$:  128-block 10
    $$$$$:  128-block 11
        1:  129:}
    $$$$$:  129-block  0
    $$$$$:  129-block  1
    $$$$$:  129-block  2
    $$$$$:  129-block  3
    $$$$$:  129-block  4
    $$$$$:  129-block  5
    $$$$$:  129-block  6
    $$$$$:  129-block  7
    $$$$$:  129-block  8
    $$$$$:  129-block  9
    $$$$$:  129-block 10
    $$$$$:  129-block 11
    $$$$$:  129-block 12
    $$$$$:  129-block 13
    $$$$$:  129-block 14
    $$$$$:  129-block 15
    $$$$$:  129-block 16
    $$$$$:  129-block 17
    $$$$$:  129-block 18
    $$$$$:  129-block 19
        1:  129-block 20
    $$$$$:  129-block 21
    $$$$$:  129-block 22
    $$$$$:  129-block 23
    $$$$$:  129-block 24
        -:  130:
function _ZN40generarJoinTEST_unIndividuoPorHogar_Test8TestBodyEv called 1 returned 100% blocks executed 35%
function _ZN40generarJoinTEST_unIndividuoPorHogar_TestD1Ev called 1 returned 100% blocks executed 100%
function _ZN40generarJoinTEST_unIndividuoPorHogar_TestD0Ev called 1 returned 100% blocks executed 100%
function _ZN40generarJoinTEST_unIndividuoPorHogar_TestC1Ev called 1 returned 100% blocks executed 100%
function _ZN40generarJoinTEST_unIndividuoPorHogar_TestC2Ev called 1 returned 100% blocks executed 100%
function _ZN40generarJoinTEST_unIndividuoPorHogar_TestD2Ev called 1 returned 100% blocks executed 100%
        4:  131:TEST(generarJoinTEST, unIndividuoPorHogar) {
        1:  131-block  0
branch  0 taken 1
branch  1 taken 0
        1:  131-block  1
branch  2 taken 1
branch  3 taken 0
        1:  131-block  2
branch  4 taken 1
branch  5 taken 0
        1:  131-block  3
branch  6 taken 1
branch  7 taken 0
        1:  131-block  4
branch  8 taken 1
branch  9 taken 0
        1:  131-block  5
    $$$$$:  131-block  6
    $$$$$:  131-block  7
    $$$$$:  131-block  8
    $$$$$:  131-block  9
    $$$$$:  131-block 10
    $$$$$:  131-block 11
        1:  131-block 12
        1:  131-block 13
        1:  132:    eph_h th = {{22114, 2018,   3,  319611, 629088, 3,  41, 1,  1,  3,  1,  2},
        1:  132-block  0
branch  0 taken 1
branch  1 taken 0
        1:  132-block  1
branch  2 taken 1
branch  3 taken 0
        1:  132-block  2
        1:  132-block  3
    $$$$$:  132-block  4
    $$$$$:  132-block  5
    $$$$$:  132-block  6
    $$$$$:  132-block  7
    $$$$$:  132-block  8
    $$$$$:  132-block  9
    $$$$$:  132-block 10
    $$$$$:  132-block 11
    $$$$$:  132-block 12
    $$$$$:  132-block 13
    $$$$$:  132-block 14
        1:  133:                {31117, 2018,   3,  332870, 642475, 3,  40, 1,  1,  6,  6,  1},
        1:  133-block  0
branch  0 taken 1
branch  1 taken 0
        1:  134:                {22866, 2018,   3,  317157, 627217, 2,  42, 1,  3,  2,  2,  1},
        1:  134-block  0
branch  0 taken 1
branch  1 taken 0
        1:  135:                {20957, 2018,   3,  313965, 623297, 1,  43, 0,  1,  3,  1,  1}};
        1:  135-block  0
branch  0 taken 1
branch  1 taken 0
        -:  136:
        1:  137:    eph_i ti = {{20957, 2018,   1,  1,  3,  1,  88, 0,  0,  90000,  1},
        1:  137-block  0
branch  0 taken 1
branch  1 taken 0
        1:  137-block  1
branch  2 taken 1
branch  3 taken 0
        1:  137-block  2
        1:  137-block  3
    $$$$$:  137-block  4
    $$$$$:  137-block  5
    $$$$$:  137-block  6
    $$$$$:  137-block  7
    $$$$$:  137-block  8
    $$$$$:  137-block  9
    $$$$$:  137-block 10
    $$$$$:  137-block 11
    $$$$$:  137-block 12
    $$$$$:  137-block 13
        1:  138:                {22866, 2018,   1,  0,  3,  1,  31, 1,  3,  59000,  1},
        1:  138-block  0
branch  0 taken 1
branch  1 taken 0
        1:  139:                {31117, 2018,   3,  0,  3,  2,  46, 1,  3,  17000,  1},
        1:  139-block  0
branch  0 taken 1
branch  1 taken 0
        1:  140:                {22114, 2018,   1,  0,  3,  1,  18, 0,  0,  20000,  1}};
        1:  140-block  0
branch  0 taken 1
branch  1 taken 0
        -:  141:
        -:  142:
        5:  143:    join_hi junta = {{{20957, 2018,   3,  313965, 623297, 1,  43, 0,  1,  3,  1,  1},
        1:  143-block  0
branch  0 taken 1
branch  1 taken 0
        1:  143-block  1
branch  2 taken 1
branch  3 taken 0
        1:  143-block  2
branch  4 taken 1
branch  5 taken 0
        1:  143-block  3
        1:  143-block  4
    $$$$$:  143-block  5
    $$$$$:  143-block  6
    $$$$$:  143-block  7
    $$$$$:  143-block  8
    $$$$$:  143-block  9
    $$$$$:  143-block 10
    $$$$$:  143-block 11
    $$$$$:  143-block 12
    $$$$$:  143-block 13
    $$$$$:  143-block 14
    $$$$$:  143-block 15
    $$$$$:  143-block 16
    $$$$$:  143-block 17
    $$$$$:  143-block 18
branch  6 never executed
branch  7 never executed
    $$$$$:  143-block 19
    $$$$$:  143-block 20
    $$$$$:  143-block 21
    $$$$$:  143-block 22
    $$$$$:  143-block 23
    $$$$$:  143-block 24
        1:  144:                             {20957, 2018,   1,  1,  3,  1,  88, 0,  0,  90000,  1}},
        1:  144-block  0
branch  0 taken 1
branch  1 taken 0
        2:  145:                     {{22866, 2018,   3,  317157, 627217, 2,  42, 1,  3,  2,  2,  1},
        1:  145-block  0
branch  0 taken 1
branch  1 taken 0
        1:  145-block  1
branch  2 taken 1
branch  3 taken 0
        1:  146:                             {22866, 2018,   1,  0,  3,  1,  31, 1,  3,  59000,  1}},
        1:  146-block  0
branch  0 taken 1
branch  1 taken 0
        2:  147:                     {{31117, 2018,   3,  332870, 642475, 3,  40, 1,  1,  6,  6,  1},
        1:  147-block  0
branch  0 taken 1
branch  1 taken 0
        1:  147-block  1
branch  2 taken 1
branch  3 taken 0
        1:  148:                             {31117, 2018,   3,  0,  3,  2,  46, 1,  3,  17000,  1}},
        1:  148-block  0
branch  0 taken 1
branch  1 taken 0
        2:  149:                     {{22114, 2018,   3,  319611, 629088, 3,  41, 1,  1,  3,  1,  2},
        1:  149-block  0
branch  0 taken 1
branch  1 taken 0
        1:  149-block  1
branch  2 taken 1
branch  3 taken 0
        1:  150:                             {22114, 2018,   1,  0,  3,  1,  18, 0,  0,  20000,  1}}};
        1:  150-block  0
branch  0 taken 1
branch  1 taken 0
        -:  151:
        1:  152:    EXPECT_TRUE(esEncuestaValida(th, ti));
        1:  152-block  0
branch  0 taken 1
branch  1 taken 0
        1:  152-block  1
branch  2 taken 1
branch  3 taken 0
        1:  152-block  2
branch  4 taken 1
branch  5 taken 0
        1:  152-block  3
branch  6 taken 1
branch  7 taken 0
        1:  152-block  4
branch  8 taken 1
branch  9 taken 0
        1:  152-block  5
branch 10 taken 0
branch 11 taken 1
        1:  152-block  6
    $$$$$:  152-block  7
    $$$$$:  152-block  8
    $$$$$:  152-block  9
branch 12 never executed
branch 13 never executed
    $$$$$:  152-block 10
branch 14 never executed
branch 15 never executed
    $$$$$:  152-block 11
branch 16 never executed
branch 17 never executed
    $$$$$:  152-block 12
branch 18 never executed
branch 19 never executed
    $$$$$:  152-block 13
    $$$$$:  152-block 14
    $$$$$:  152-block 15
    $$$$$:  152-block 16
    $$$$$:  152-block 17
        -:  153:
        1:  154:    join_hi obtenido = generarJoin(th, ti);
        1:  154-block  0
branch  0 taken 1
branch  1 taken 0
        1:  154-block  1
branch  2 taken 1
branch  3 taken 0
        1:  154-block  2
branch  4 taken 1
branch  5 taken 0
    $$$$$:  154-block  3
    $$$$$:  154-block  4
        -:  155:
        1:  156:    sort(junta.begin(), junta.end());
        1:  156-block  0
branch  0 taken 1
branch  1 taken 0
        1:  157:    sort(obtenido.begin(), obtenido.end());
        1:  157-block  0
branch  0 taken 1
branch  1 taken 0
        -:  158:
        1:  159:    EXPECT_EQ(junta, obtenido);
        1:  159-block  0
branch  0 taken 1
branch  1 taken 0
        1:  159-block  1
branch  2 taken 1
branch  3 taken 0
        1:  159-block  2
branch  4 taken 0
branch  5 taken 1
        1:  159-block  3
    $$$$$:  159-block  4
branch  6 never executed
branch  7 never executed
    $$$$$:  159-block  5
branch  8 never executed
branch  9 never executed
    $$$$$:  159-block  6
branch 10 never executed
branch 11 never executed
    $$$$$:  159-block  7
branch 12 never executed
branch 13 never executed
    $$$$$:  159-block  8
    $$$$$:  159-block  9
    $$$$$:  159-block 10
    $$$$$:  159-block 11
        1:  160:}
    $$$$$:  160-block  0
    $$$$$:  160-block  1
    $$$$$:  160-block  2
    $$$$$:  160-block  3
    $$$$$:  160-block  4
    $$$$$:  160-block  5
    $$$$$:  160-block  6
    $$$$$:  160-block  7
    $$$$$:  160-block  8
    $$$$$:  160-block  9
    $$$$$:  160-block 10
    $$$$$:  160-block 11
    $$$$$:  160-block 12
    $$$$$:  160-block 13
    $$$$$:  160-block 14
    $$$$$:  160-block 15
    $$$$$:  160-block 16
    $$$$$:  160-block 17
        1:  160-block 18
    $$$$$:  160-block 19
    $$$$$:  160-block 20
    $$$$$:  160-block 21
    $$$$$:  160-block 22
