        -:    0:Source:/Users/martinacuna/Documents/Facultad/Algoritmos/TPI/algoI_tp2/test/histogramaDeAnillosConcentricosTEST.cpp
        -:    0:Graph:/Users/martinacuna/Documents/Facultad/Algoritmos/TPI/algoI_tp2/cmake-build-debug/CMakeFiles/tpi.dir/test/histogramaDeAnillosConcentricosTEST.gcno
        -:    0:Data:/Users/martinacuna/Documents/Facultad/Algoritmos/TPI/algoI_tp2/cmake-build-debug/CMakeFiles/tpi.dir/test/histogramaDeAnillosConcentricosTEST.gcda
        -:    0:Runs:1
        -:    0:Programs:1
        -:    1:#include "../definiciones.h"
        -:    2:#include "../Funciones_TPI.h"
        -:    3:#include "../ejercicios.h"
        -:    4:#include "../auxiliares.h"
        -:    5:#include "gtest/gtest.h"
        -:    6:#include <iostream>
        -:    7:#include <string>
        -:    8:
        -:    9:using namespace std;
        -:   10:
        -:   11:pair<eph_h, eph_i> encuesta_prueba(vector<pair<int, int>> pos);
        -:   12:
        -:   13:
function _ZN55histogramaDeAnillosConcentricosTEST_primeroYUltimo_Test8TestBodyEv called 1 returned 100% blocks executed 32%
function _ZN55histogramaDeAnillosConcentricosTEST_primeroYUltimo_TestD1Ev called 1 returned 100% blocks executed 100%
function _ZN55histogramaDeAnillosConcentricosTEST_primeroYUltimo_TestD0Ev called 1 returned 100% blocks executed 100%
function _ZN55histogramaDeAnillosConcentricosTEST_primeroYUltimo_TestC1Ev called 1 returned 100% blocks executed 100%
function _ZN55histogramaDeAnillosConcentricosTEST_primeroYUltimo_TestC2Ev called 1 returned 100% blocks executed 100%
function _ZN55histogramaDeAnillosConcentricosTEST_primeroYUltimo_TestD2Ev called 1 returned 100% blocks executed 100%
        4:   14:TEST(histogramaDeAnillosConcentricosTEST, primeroYUltimo) {
        1:   14-block  0
branch  0 taken 1
branch  1 taken 0
        1:   14-block  1
branch  2 taken 1
branch  3 taken 0
        1:   14-block  2
branch  4 taken 1
branch  5 taken 0
        1:   14-block  3
branch  6 taken 1
branch  7 taken 0
        1:   14-block  4
branch  8 taken 1
branch  9 taken 0
        1:   14-block  5
    $$$$$:   14-block  6
    $$$$$:   14-block  7
    $$$$$:   14-block  8
    $$$$$:   14-block  9
    $$$$$:   14-block 10
    $$$$$:   14-block 11
        1:   14-block 12
        1:   14-block 13
        1:   15:    vector<int> distancias = {10, 20, 50, 100};
        -:   16:
        1:   17:    pair<int, int> centro = {0, 0};
        -:   18:
        5:   19:    pair<eph_h, eph_i> p = encuesta_prueba({
        1:   19-block  0
branch  0 taken 1
branch  1 taken 0
        1:   19-block  1
branch  2 taken 1
branch  3 taken 0
        1:   19-block  2
branch  4 taken 1
branch  5 taken 0
        1:   19-block  3
branch  6 taken 1
branch  7 taken 0
        1:   19-block  4
branch  8 taken 1
branch  9 taken 0
        1:   19-block  5
branch 10 taken 1
branch 11 taken 0
    $$$$$:   19-block  6
        1:   20:        {1, 1},     // 1.41
        1:   21:        {3, 5},     // 5.83
        1:   22:        {53, 5},    // 52.24
        1:   23:        {101, 21},  // 103.16
        -:   24:    });
        -:   25:
        1:   26:    vector<int> res = {2, 0, 0, 1};
        1:   26-block  0
branch  0 taken 1
branch  1 taken 0
        -:   27:
        1:   28:    EXPECT_TRUE(esEncuestaValida(p.first, p.second));
        1:   28-block  0
branch  0 taken 1
branch  1 taken 0
        1:   28-block  1
branch  2 taken 1
branch  3 taken 0
        1:   28-block  2
branch  4 taken 1
branch  5 taken 0
        1:   28-block  3
branch  6 taken 1
branch  7 taken 0
        1:   28-block  4
branch  8 taken 1
branch  9 taken 0
        1:   28-block  5
branch 10 taken 0
branch 11 taken 1
        1:   28-block  6
    $$$$$:   28-block  7
    $$$$$:   28-block  8
    $$$$$:   28-block  9
branch 12 never executed
branch 13 never executed
    $$$$$:   28-block 10
branch 14 never executed
branch 15 never executed
    $$$$$:   28-block 11
branch 16 never executed
branch 17 never executed
    $$$$$:   28-block 12
branch 18 never executed
branch 19 never executed
    $$$$$:   28-block 13
    $$$$$:   28-block 14
    $$$$$:   28-block 15
    $$$$$:   28-block 16
    $$$$$:   28-block 17
        -:   29:
        1:   30:    EXPECT_EQ(res, histogramaDeAnillosConcentricos(p.first, p.second, centro, distancias));
        1:   30-block  0
branch  0 taken 1
branch  1 taken 0
        1:   30-block  1
branch  2 taken 1
branch  3 taken 0
        1:   30-block  2
branch  4 taken 1
branch  5 taken 0
        1:   30-block  3
branch  6 taken 1
branch  7 taken 0
        1:   30-block  4
branch  8 taken 1
branch  9 taken 0
        1:   30-block  5
branch 10 taken 1
branch 11 taken 0
        1:   30-block  6
branch 12 taken 0
branch 13 taken 1
        1:   30-block  7
    $$$$$:   30-block  8
    $$$$$:   30-block  9
    $$$$$:   30-block 10
    $$$$$:   30-block 11
    $$$$$:   30-block 12
branch 14 never executed
branch 15 never executed
    $$$$$:   30-block 13
branch 16 never executed
branch 17 never executed
    $$$$$:   30-block 14
branch 18 never executed
branch 19 never executed
    $$$$$:   30-block 15
branch 20 never executed
branch 21 never executed
    $$$$$:   30-block 16
    $$$$$:   30-block 17
    $$$$$:   30-block 18
    $$$$$:   30-block 19
        1:   31:}
    $$$$$:   31-block  0
    $$$$$:   31-block  1
    $$$$$:   31-block  2
    $$$$$:   31-block  3
    $$$$$:   31-block  4
    $$$$$:   31-block  5
    $$$$$:   31-block  6
    $$$$$:   31-block  7
    $$$$$:   31-block  8
    $$$$$:   31-block  9
    $$$$$:   31-block 10
    $$$$$:   31-block 11
        1:   31-block 12
    $$$$$:   31-block 13
    $$$$$:   31-block 14
    $$$$$:   31-block 15
    $$$$$:   31-block 16
        -:   32:
function _ZN57histogramaDeAnillosConcentricosTEST_cuatroCuadrantes_Test8TestBodyEv called 1 returned 100% blocks executed 32%
function _ZN57histogramaDeAnillosConcentricosTEST_cuatroCuadrantes_TestD1Ev called 1 returned 100% blocks executed 100%
function _ZN57histogramaDeAnillosConcentricosTEST_cuatroCuadrantes_TestD0Ev called 1 returned 100% blocks executed 100%
function _ZN57histogramaDeAnillosConcentricosTEST_cuatroCuadrantes_TestC1Ev called 1 returned 100% blocks executed 100%
function _ZN57histogramaDeAnillosConcentricosTEST_cuatroCuadrantes_TestC2Ev called 1 returned 100% blocks executed 100%
function _ZN57histogramaDeAnillosConcentricosTEST_cuatroCuadrantes_TestD2Ev called 1 returned 100% blocks executed 100%
        4:   33:TEST(histogramaDeAnillosConcentricosTEST, cuatroCuadrantes) {
        1:   33-block  0
branch  0 taken 1
branch  1 taken 0
        1:   33-block  1
branch  2 taken 1
branch  3 taken 0
        1:   33-block  2
branch  4 taken 1
branch  5 taken 0
        1:   33-block  3
branch  6 taken 1
branch  7 taken 0
        1:   33-block  4
branch  8 taken 1
branch  9 taken 0
        1:   33-block  5
    $$$$$:   33-block  6
    $$$$$:   33-block  7
    $$$$$:   33-block  8
    $$$$$:   33-block  9
    $$$$$:   33-block 10
    $$$$$:   33-block 11
        1:   33-block 12
        1:   33-block 13
        -:   34:
        1:   35:    vector<int> distancias = {10, 20, 50, 100};
        -:   36:
        1:   37:    pair<int, int> centro = {0, 0};
        -:   38:
        5:   39:    pair<eph_h, eph_i> p = encuesta_prueba({
        1:   39-block  0
branch  0 taken 1
branch  1 taken 0
        1:   39-block  1
branch  2 taken 1
branch  3 taken 0
        1:   39-block  2
branch  4 taken 1
branch  5 taken 0
        1:   39-block  3
branch  6 taken 1
branch  7 taken 0
        1:   39-block  4
branch  8 taken 1
branch  9 taken 0
        1:   39-block  5
branch 10 taken 1
branch 11 taken 0
    $$$$$:   39-block  6
        1:   40:        {11, 11},
        1:   41:        {-11, -11},
        1:   42:        {-11, 11},
        1:   43:        {11, -11}
        -:   44:    });
        1:   45:    EXPECT_TRUE(esEncuestaValida(p.first, p.second));
        1:   45-block  0
branch  0 taken 1
branch  1 taken 0
        1:   45-block  1
branch  2 taken 1
branch  3 taken 0
        1:   45-block  2
branch  4 taken 1
branch  5 taken 0
        1:   45-block  3
branch  6 taken 1
branch  7 taken 0
        1:   45-block  4
branch  8 taken 1
branch  9 taken 0
        1:   45-block  5
branch 10 taken 0
branch 11 taken 1
        1:   45-block  6
    $$$$$:   45-block  7
    $$$$$:   45-block  8
    $$$$$:   45-block  9
branch 12 never executed
branch 13 never executed
    $$$$$:   45-block 10
branch 14 never executed
branch 15 never executed
    $$$$$:   45-block 11
branch 16 never executed
branch 17 never executed
    $$$$$:   45-block 12
branch 18 never executed
branch 19 never executed
    $$$$$:   45-block 13
    $$$$$:   45-block 14
    $$$$$:   45-block 15
    $$$$$:   45-block 16
    $$$$$:   45-block 17
        -:   46:
        1:   47:    vector<int> res = {0, 4, 0, 0};
        1:   47-block  0
branch  0 taken 1
branch  1 taken 0
        -:   48:
        1:   49:    EXPECT_EQ(res, histogramaDeAnillosConcentricos(p.first, p.second, centro, distancias));
        1:   49-block  0
branch  0 taken 1
branch  1 taken 0
        1:   49-block  1
branch  2 taken 1
branch  3 taken 0
        1:   49-block  2
branch  4 taken 1
branch  5 taken 0
        1:   49-block  3
branch  6 taken 1
branch  7 taken 0
        1:   49-block  4
branch  8 taken 1
branch  9 taken 0
        1:   49-block  5
branch 10 taken 1
branch 11 taken 0
        1:   49-block  6
branch 12 taken 0
branch 13 taken 1
        1:   49-block  7
    $$$$$:   49-block  8
    $$$$$:   49-block  9
    $$$$$:   49-block 10
    $$$$$:   49-block 11
    $$$$$:   49-block 12
branch 14 never executed
branch 15 never executed
    $$$$$:   49-block 13
branch 16 never executed
branch 17 never executed
    $$$$$:   49-block 14
branch 18 never executed
branch 19 never executed
    $$$$$:   49-block 15
branch 20 never executed
branch 21 never executed
    $$$$$:   49-block 16
    $$$$$:   49-block 17
    $$$$$:   49-block 18
    $$$$$:   49-block 19
        1:   50:}
    $$$$$:   50-block  0
    $$$$$:   50-block  1
    $$$$$:   50-block  2
    $$$$$:   50-block  3
    $$$$$:   50-block  4
    $$$$$:   50-block  5
    $$$$$:   50-block  6
    $$$$$:   50-block  7
    $$$$$:   50-block  8
    $$$$$:   50-block  9
    $$$$$:   50-block 10
    $$$$$:   50-block 11
        1:   50-block 12
    $$$$$:   50-block 13
    $$$$$:   50-block 14
    $$$$$:   50-block 15
    $$$$$:   50-block 16
        -:   51:
        -:   52:
function _Z15encuesta_pruebaNSt3__16vectorINS_4pairIiiEENS_9allocatorIS2_EEEE called 2 returned 100% blocks executed 56%
        2:   53:pair<eph_h, eph_i> encuesta_prueba(vector<pair<int, int>> pos) {
        2:   54:    eph_h th = {{22114, 2020,   3,  319611, 629088, 3,  41, 0,  1,  3,  1,  2},
        2:   54-block  0
branch  0 taken 2
branch  1 taken 0
        2:   54-block  1
branch  2 taken 2
branch  3 taken 0
        2:   54-block  2
        2:   54-block  3
    $$$$$:   54-block  4
    $$$$$:   54-block  5
    $$$$$:   54-block  6
    $$$$$:   54-block  7
    $$$$$:   54-block  8
    $$$$$:   54-block  9
    $$$$$:   54-block 10
    $$$$$:   54-block 11
    $$$$$:   54-block 12
    $$$$$:   54-block 13
    $$$$$:   54-block 14
        2:   55:                {31117, 2020,   3,  332870, 642475, 3,  40, 0,  1,  6,  6,  2},
        2:   55-block  0
branch  0 taken 2
branch  1 taken 0
        2:   56:                {22866, 2020,   3,  317157, 627217, 2,  42, 1,  1,  2,  2,  2},
        2:   56-block  0
branch  0 taken 2
branch  1 taken 0
        2:   57:                {20957, 2020,   3,  313965, 623297, 1,  43, 0,  1,  3,  1,  2}};
        2:   57-block  0
branch  0 taken 2
branch  1 taken 0
        -:   58:
        2:   59:    eph_i ti = {{20957, 2020,   1,  1,  3,  1,  88, 0,  0,  90000,  10},
        2:   59-block  0
branch  0 taken 2
branch  1 taken 0
        2:   59-block  1
branch  2 taken 2
branch  3 taken 0
        2:   59-block  2
        2:   59-block  3
    $$$$$:   59-block  4
    $$$$$:   59-block  5
    $$$$$:   59-block  6
    $$$$$:   59-block  7
    $$$$$:   59-block  8
    $$$$$:   59-block  9
    $$$$$:   59-block 10
    $$$$$:   59-block 11
    $$$$$:   59-block 12
    $$$$$:   59-block 13
        2:   60:                {20957, 2020,   2,  1,  3,  2,  82, 0,  0,  25000,  10},
        2:   60-block  0
branch  0 taken 2
branch  1 taken 0
        2:   61:                {31117, 2020,   1,  0,  3,  1,  58, 1,  3,  22000,  1},
        2:   61-block  0
branch  0 taken 2
branch  1 taken 0
        2:   62:                {31117, 2020,   2,  0,  3,  2,  54, 1,  1,  -1,     1},
        2:   62-block  0
branch  0 taken 2
branch  1 taken 0
        2:   63:                {31117, 2020,   3,  0,  3,  2,  46, 1,  3,  17000,  1},
        2:   63-block  0
branch  0 taken 2
branch  1 taken 0
        2:   64:                {31117, 2020,   4,  0,  3,  1,  20, 1,  3,  5000,   1},
        2:   64-block  0
branch  0 taken 2
branch  1 taken 0
        2:   65:                {31117, 2020,   5,  0,  3,  2,  15, 0,  0,  5000,   10},
        2:   65-block  0
branch  0 taken 2
branch  1 taken 0
        2:   66:                {31117, 2020,   6,  0,  3,  1,  7,  0,  0,  0,      10},
        2:   66-block  0
branch  0 taken 2
branch  1 taken 0
        2:   67:                {31117, 2020,   8,  0,  3,  2,  11, 0,  0,  0,      10},
        2:   67-block  0
branch  0 taken 2
branch  1 taken 0
        2:   68:                {31117, 2020,   9,  0,  3,  1,  50, 0,  2,  0,      10},
        2:   68-block  0
branch  0 taken 2
branch  1 taken 0
        2:   69:                {31117, 2020,   10, 0,  3,  1,  28, 1,  3,  5000,   1},
        2:   69-block  0
branch  0 taken 2
branch  1 taken 0
        2:   70:                {22866, 2020,   1,  0,  3,  1,  31, 1,  3,  59000,  10},
        2:   70-block  0
branch  0 taken 2
branch  1 taken 0
        2:   71:                {22866, 2020,   2,  1,  3,  2,  28, 1,  3,  0,      6},
        2:   71-block  0
branch  0 taken 2
branch  1 taken 0
        2:   72:                {22114, 2020,   1,  0,  3,  1,  18, 0,  0,  20000,  10}};
        2:   72-block  0
branch  0 taken 2
branch  1 taken 0
        -:   73:
       10:   74:    for(int i=0; i<pos.size(); i++) {
        2:   74-block  0
       10:   74-block  1
branch  0 taken 8
branch  1 taken 2
        8:   74-block  2
        8:   75:        th[i][HOGLATITUD] = pos[i].first;
        8:   76:        th[i][HOGLONGITUD] = pos[i].second;
        8:   77:    }
        8:   77-block  0
        -:   78:
        2:   79:    return make_pair(th, ti);
        2:   79-block  0
branch  0 taken 0
branch  1 taken 2
        2:   80:}
        2:   80-block  0
    $$$$$:   80-block  1
    $$$$$:   80-block  2
