        -:    0:Source:/Users/martinacuna/Documents/Facultad/Algoritmos/TPI/algoI_tp2/test/laCasaEstaQuedandoChicaTEST.cpp
        -:    0:Graph:/Users/martinacuna/Documents/Facultad/Algoritmos/TPI/algoI_tp2/cmake-build-debug/CMakeFiles/tpi.dir/test/laCasaEstaQuedandoChicaTEST.gcno
        -:    0:Data:/Users/martinacuna/Documents/Facultad/Algoritmos/TPI/algoI_tp2/cmake-build-debug/CMakeFiles/tpi.dir/test/laCasaEstaQuedandoChicaTEST.gcda
        -:    0:Runs:1
        -:    0:Programs:1
        -:    1:#include "../definiciones.h"
        -:    2:#include "../Funciones_TPI.h"
        -:    3:#include "../ejercicios.h"
        -:    4:#include "gtest/gtest.h"
        -:    5:#include <iostream>
        -:    6:#include <string>
        -:    7:#include <math.h>
        -:    8:
        -:    9:using namespace std;
        -:   10:
        -:   11:#define UMBRAL 0.0001
        -:   12:
        -:   13:// Caso de división por cero que sea igual a 0
function _ZN66laCasaEstaQuedandoChicaTEST_hacinamientoCriticoTodosIgualAUno_Test8TestBodyEv called 1 returned 100% blocks executed 49%
function _ZN66laCasaEstaQuedandoChicaTEST_hacinamientoCriticoTodosIgualAUno_TestD1Ev called 1 returned 100% blocks executed 100%
function _ZN66laCasaEstaQuedandoChicaTEST_hacinamientoCriticoTodosIgualAUno_TestD0Ev called 1 returned 100% blocks executed 100%
function _ZN66laCasaEstaQuedandoChicaTEST_hacinamientoCriticoTodosIgualAUno_TestC1Ev called 1 returned 100% blocks executed 100%
function _ZN66laCasaEstaQuedandoChicaTEST_hacinamientoCriticoTodosIgualAUno_TestC2Ev called 1 returned 100% blocks executed 100%
function _ZN66laCasaEstaQuedandoChicaTEST_hacinamientoCriticoTodosIgualAUno_TestD2Ev called 1 returned 100% blocks executed 100%
        4:   14:TEST(laCasaEstaQuedandoChicaTEST, hacinamientoCriticoTodosIgualAUno) {
        1:   14-block  0
branch  0 taken 1
branch  1 taken 0
        1:   14-block  1
branch  2 taken 1
branch  3 taken 0
        1:   14-block  2
branch  4 taken 1
branch  5 taken 0
        1:   14-block  3
branch  6 taken 1
branch  7 taken 0
        1:   14-block  4
branch  8 taken 1
branch  9 taken 0
        1:   14-block  5
    $$$$$:   14-block  6
    $$$$$:   14-block  7
    $$$$$:   14-block  8
    $$$$$:   14-block  9
    $$$$$:   14-block 10
    $$$$$:   14-block 11
        1:   14-block 12
        1:   14-block 13
        -:   15:
        -:   16://                                                    Región\ +500 /Tipo
        -:   17://                                                       v  v  v
        1:   18:    eph_h th = {{22114, 2020,   3,  319611, 629088, 3,  1,  0,  1,  3,  1,  2},
        1:   18-block  0
branch  0 taken 1
branch  1 taken 0
        1:   18-block  1
branch  2 taken 1
branch  3 taken 0
        1:   18-block  2
        1:   18-block  3
    $$$$$:   18-block  4
    $$$$$:   18-block  5
    $$$$$:   18-block  6
    $$$$$:   18-block  7
    $$$$$:   18-block  8
    $$$$$:   18-block  9
    $$$$$:   18-block 10
    $$$$$:   18-block 11
    $$$$$:   18-block 12
    $$$$$:   18-block 13
    $$$$$:   18-block 14
        1:   19:                {22866, 2020,   3,  317157, 627217, 2,  40, 0,  1,  2,  1,  2},
        1:   19-block  0
branch  0 taken 1
branch  1 taken 0
        1:   20:                {20957, 2020,   3,  313965, 623297, 1,  41, 0,  1,  3,  1,  2},
        1:   20-block  0
branch  0 taken 1
branch  1 taken 0
        1:   21:                {22110, 2020,   3,  319611, 629088, 3,  42, 0,  1,  3,  1,  2},
        1:   21-block  0
branch  0 taken 1
branch  1 taken 0
        1:   22:                {22111, 2020,   3,  319611, 629088, 3,  43, 0,  1,  3,  1,  2},
        1:   22-block  0
branch  0 taken 1
branch  1 taken 0
        1:   23:                {22112, 2020,   3,  319611, 629088, 3,  44, 0,  1,  3,  1,  2}};
        1:   23-block  0
branch  0 taken 1
branch  1 taken 0
        -:   24:
        1:   25:    eph_i ti = {{20957, 2020,   1,  1,  3,  1,  88, 0,  0,  90000,  10},
        1:   25-block  0
branch  0 taken 1
branch  1 taken 0
        1:   25-block  1
branch  2 taken 1
branch  3 taken 0
        1:   25-block  2
        1:   25-block  3
    $$$$$:   25-block  4
    $$$$$:   25-block  5
    $$$$$:   25-block  6
    $$$$$:   25-block  7
    $$$$$:   25-block  8
    $$$$$:   25-block  9
    $$$$$:   25-block 10
    $$$$$:   25-block 11
    $$$$$:   25-block 12
    $$$$$:   25-block 13
        1:   26:                {20957, 2020,   2,  1,  3,  2,  82, 0,  0,  25000,  10},
        1:   26-block  0
branch  0 taken 1
branch  1 taken 0
        1:   27:                {20957, 2020,   3,  1,  3,  2,  82, 0,  0,  25000,  10},
        1:   27-block  0
branch  0 taken 1
branch  1 taken 0
        1:   28:                {20957, 2020,   4,  1,  3,  2,  82, 0,  0,  25000,  10},
        1:   28-block  0
branch  0 taken 1
branch  1 taken 0
        1:   29:                {22866, 2020,   1,  0,  3,  1,  31, 1,  3,  59000,  10},
        1:   29-block  0
branch  0 taken 1
branch  1 taken 0
        1:   30:                {22866, 2020,   2,  1,  3,  2,  28, 1,  3,  0,      6},
        1:   30-block  0
branch  0 taken 1
branch  1 taken 0
        1:   31:                {22866, 2020,   3,  1,  3,  2,  28, 1,  3,  0,      6},
        1:   31-block  0
branch  0 taken 1
branch  1 taken 0
        1:   32:                {22866, 2020,   4,  1,  3,  2,  28, 1,  3,  0,      6},
        1:   32-block  0
branch  0 taken 1
branch  1 taken 0
        1:   33:                {22110, 2020,   1,  0,  3,  1,  18, 0,  0,  20000,  10},
        1:   33-block  0
branch  0 taken 1
branch  1 taken 0
        1:   34:                {22110, 2020,   2,  0,  3,  1,  18, 0,  0,  20000,  10},
        1:   34-block  0
branch  0 taken 1
branch  1 taken 0
        1:   35:                {22110, 2020,   3,  0,  3,  1,  18, 0,  0,  20000,  10},
        1:   35-block  0
branch  0 taken 1
branch  1 taken 0
        1:   36:                {22110, 2020,   4,  0,  3,  1,  18, 0,  0,  20000,  10},
        1:   36-block  0
branch  0 taken 1
branch  1 taken 0
        1:   37:                {22114, 2020,   1,  0,  3,  1,  18, 0,  0,  20000,  10},
        1:   37-block  0
branch  0 taken 1
branch  1 taken 0
        1:   38:                {22114, 2020,   2,  0,  3,  1,  18, 0,  0,  20000,  10},
        1:   38-block  0
branch  0 taken 1
branch  1 taken 0
        1:   39:                {22114, 2020,   3,  0,  3,  1,  18, 0,  0,  20000,  10},
        1:   39-block  0
branch  0 taken 1
branch  1 taken 0
        1:   40:                {22114, 2020,   4,  0,  3,  1,  18, 0,  0,  20000,  10},
        1:   40-block  0
branch  0 taken 1
branch  1 taken 0
        1:   41:                {22111, 2020,   1,  0,  3,  1,  18, 0,  0,  20000,  10},
        1:   41-block  0
branch  0 taken 1
branch  1 taken 0
        1:   42:                {22111, 2020,   2,  0,  3,  1,  18, 0,  0,  20000,  10},
        1:   42-block  0
branch  0 taken 1
branch  1 taken 0
        1:   43:                {22111, 2020,   3,  0,  3,  1,  18, 0,  0,  20000,  10},
        1:   43-block  0
branch  0 taken 1
branch  1 taken 0
        1:   44:                {22111, 2020,   4,  0,  3,  1,  18, 0,  0,  20000,  10},
        1:   44-block  0
branch  0 taken 1
branch  1 taken 0
        1:   45:                {22112, 2020,   1,  0,  3,  1,  18, 0,  0,  20000,  10},
        1:   45-block  0
branch  0 taken 1
branch  1 taken 0
        1:   46:                {22112, 2020,   2,  0,  3,  1,  18, 0,  0,  20000,  10},
        1:   46-block  0
branch  0 taken 1
branch  1 taken 0
        1:   47:                {22112, 2020,   3,  0,  3,  1,  18, 0,  0,  20000,  10},
        1:   47-block  0
branch  0 taken 1
branch  1 taken 0
        1:   48:                {22112, 2020,   4,  0,  3,  1,  18, 0,  0,  20000,  10}
        1:   48-block  0
branch  0 taken 1
branch  1 taken 0
        -:   49:    };
        -:   50:
        1:   51:    EXPECT_TRUE(esEncuestaValida(th, ti));
        1:   51-block  0
branch  0 taken 1
branch  1 taken 0
        1:   51-block  1
branch  2 taken 1
branch  3 taken 0
        1:   51-block  2
branch  4 taken 1
branch  5 taken 0
        1:   51-block  3
branch  6 taken 1
branch  7 taken 0
        1:   51-block  4
branch  8 taken 1
branch  9 taken 0
        1:   51-block  5
branch 10 taken 0
branch 11 taken 1
        1:   51-block  6
    $$$$$:   51-block  7
    $$$$$:   51-block  8
    $$$$$:   51-block  9
branch 12 never executed
branch 13 never executed
    $$$$$:   51-block 10
branch 14 never executed
branch 15 never executed
    $$$$$:   51-block 11
branch 16 never executed
branch 17 never executed
    $$$$$:   51-block 12
branch 18 never executed
branch 19 never executed
    $$$$$:   51-block 13
    $$$$$:   51-block 14
    $$$$$:   51-block 15
    $$$$$:   51-block 16
    $$$$$:   51-block 17
        -:   52:
        1:   53:    vector<pair<int,float>> esperado = {make_pair(1,1.0),
        1:   53-block  0
branch  0 taken 1
branch  1 taken 0
        1:   53-block  1
branch  2 taken 1
branch  3 taken 0
        1:   54:                                        make_pair(40, 1.0),
        1:   54-block  0
branch  0 taken 1
branch  1 taken 0
        1:   55:                                        make_pair(41, 1.0),
        1:   55-block  0
branch  0 taken 1
branch  1 taken 0
        1:   56:                                        make_pair(42,1.0),
        1:   56-block  0
branch  0 taken 1
branch  1 taken 0
        1:   57:                                        make_pair(43,1.0),
        1:   57-block  0
branch  0 taken 1
branch  1 taken 0
        1:   58:                                        make_pair(44,1.0)};
        1:   58-block  0
branch  0 taken 1
branch  1 taken 0
        1:   59:    vector<pair<int,float>> resultado = laCasaEstaQuedandoChica(th, ti);
        1:   59-block  0
branch  0 taken 1
branch  1 taken 0
        1:   59-block  1
branch  2 taken 1
branch  3 taken 0
        1:   59-block  2
branch  4 taken 1
branch  5 taken 0
    $$$$$:   59-block  3
    $$$$$:   59-block  4
        -:   60:
        1:   61:    int i=0;
        7:   62:    while( i < 6 ) {
        1:   62-block  0
        7:   62-block  1
branch  0 taken 6
branch  1 taken 1
        6:   62-block  2
        6:   63:        EXPECT_EQ( esperado[i].first, resultado[i].first );
        6:   63-block  0
branch  0 taken 6
branch  1 taken 0
        6:   63-block  1
branch  2 taken 6
branch  3 taken 0
        6:   63-block  2
branch  4 taken 0
branch  5 taken 6
        6:   63-block  3
    $$$$$:   63-block  4
branch  6 never executed
branch  7 never executed
    $$$$$:   63-block  5
branch  8 never executed
branch  9 never executed
    $$$$$:   63-block  6
branch 10 never executed
branch 11 never executed
    $$$$$:   63-block  7
branch 12 never executed
branch 13 never executed
    $$$$$:   63-block  8
    $$$$$:   63-block  9
    $$$$$:   63-block 10
    $$$$$:   63-block 11
        6:   64:        EXPECT_TRUE(flotante_valido(esperado[i].second, resultado[i].second, UMBRAL) );
        6:   64-block  0
branch  0 taken 6
branch  1 taken 0
        6:   64-block  1
branch  2 taken 6
branch  3 taken 0
        6:   64-block  2
branch  4 taken 6
branch  5 taken 0
        6:   64-block  3
branch  6 taken 0
branch  7 taken 6
        6:   64-block  4
    $$$$$:   64-block  5
branch  8 never executed
branch  9 never executed
    $$$$$:   64-block  6
branch 10 never executed
branch 11 never executed
    $$$$$:   64-block  7
branch 12 never executed
branch 13 never executed
    $$$$$:   64-block  8
branch 14 never executed
branch 15 never executed
    $$$$$:   64-block  9
    $$$$$:   64-block 10
    $$$$$:   64-block 11
    $$$$$:   64-block 12
    $$$$$:   64-block 13
        6:   65:        i++;
        -:   66:    }
        1:   67:}
    $$$$$:   67-block  0
    $$$$$:   67-block  1
    $$$$$:   67-block  2
    $$$$$:   67-block  3
    $$$$$:   67-block  4
    $$$$$:   67-block  5
    $$$$$:   67-block  6
    $$$$$:   67-block  7
    $$$$$:   67-block  8
    $$$$$:   67-block  9
    $$$$$:   67-block 10
    $$$$$:   67-block 11
    $$$$$:   67-block 12
        1:   67-block 13
    $$$$$:   67-block 14
    $$$$$:   67-block 15
    $$$$$:   67-block 16
    $$$$$:   67-block 17
        -:   68:
