        -:    0:Source:/Users/martinacuna/Documents/Facultad/Algoritmos/TPI/algoI_tp2/test/ordenarRegionYCODUSUTEST.cpp
        -:    0:Graph:/Users/martinacuna/Documents/Facultad/Algoritmos/TPI/algoI_tp2/cmake-build-debug/CMakeFiles/tpi.dir/test/ordenarRegionYCODUSUTEST.gcno
        -:    0:Data:/Users/martinacuna/Documents/Facultad/Algoritmos/TPI/algoI_tp2/cmake-build-debug/CMakeFiles/tpi.dir/test/ordenarRegionYCODUSUTEST.gcda
        -:    0:Runs:1
        -:    0:Programs:1
        -:    1:#include "../definiciones.h"
        -:    2:#include "../Funciones_TPI.h"
        -:    3:#include "../ejercicios.h"
        -:    4:#include "gtest/gtest.h"
        -:    5:#include <iostream>
        -:    6:#include <string>
        -:    7:#include "../auxiliares.h"
        -:    8:
        -:    9:using namespace std;
        -:   10:
function _ZN47ordenarRegionYCODUSUTEST_regionesDistintas_Test8TestBodyEv called 1 returned 100% blocks executed 44%
function _ZN47ordenarRegionYCODUSUTEST_regionesDistintas_TestD1Ev called 1 returned 100% blocks executed 100%
function _ZN47ordenarRegionYCODUSUTEST_regionesDistintas_TestD0Ev called 1 returned 100% blocks executed 100%
function _ZN47ordenarRegionYCODUSUTEST_regionesDistintas_TestC1Ev called 1 returned 100% blocks executed 100%
function _ZN47ordenarRegionYCODUSUTEST_regionesDistintas_TestC2Ev called 1 returned 100% blocks executed 100%
function _ZN47ordenarRegionYCODUSUTEST_regionesDistintas_TestD2Ev called 1 returned 100% blocks executed 100%
        4:   11:TEST(ordenarRegionYCODUSUTEST, regionesDistintas) {
        1:   11-block  0
branch  0 taken 1
branch  1 taken 0
        1:   11-block  1
branch  2 taken 1
branch  3 taken 0
        1:   11-block  2
branch  4 taken 1
branch  5 taken 0
        1:   11-block  3
branch  6 taken 1
branch  7 taken 0
        1:   11-block  4
branch  8 taken 1
branch  9 taken 0
        1:   11-block  5
    $$$$$:   11-block  6
    $$$$$:   11-block  7
    $$$$$:   11-block  8
    $$$$$:   11-block  9
    $$$$$:   11-block 10
    $$$$$:   11-block 11
        1:   11-block 12
        1:   11-block 13
        -:   12:
        1:   13:    eph_h th = {{22114, 2020,   3,  319611, 629088, 3,  41, 0,  1,  3,  1,  2},
        1:   13-block  0
branch  0 taken 1
branch  1 taken 0
        1:   13-block  1
branch  2 taken 1
branch  3 taken 0
        1:   13-block  2
        1:   13-block  3
    $$$$$:   13-block  4
    $$$$$:   13-block  5
    $$$$$:   13-block  6
    $$$$$:   13-block  7
    $$$$$:   13-block  8
    $$$$$:   13-block  9
    $$$$$:   13-block 10
    $$$$$:   13-block 11
    $$$$$:   13-block 12
    $$$$$:   13-block 13
    $$$$$:   13-block 14
        1:   14:                {31117, 2020,   3,  332870, 642475, 3,  40, 0,  1,  6,  6,  2},
        1:   14-block  0
branch  0 taken 1
branch  1 taken 0
        1:   15:                {22866, 2020,   3,  317157, 627217, 2,  1, 1,  1,  2,  2,  2},
        1:   15-block  0
branch  0 taken 1
branch  1 taken 0
        1:   16:                {20957, 2020,   3,  313965, 623297, 1,  40, 0,  1,  3,  1,  2}};
        1:   16-block  0
branch  0 taken 1
branch  1 taken 0
        -:   17:
        1:   18:    eph_i ti = {{20957, 2020,   1,  1,  3,  1,  88, 0,  0,  90000,  10},
        1:   18-block  0
branch  0 taken 1
branch  1 taken 0
        1:   18-block  1
branch  2 taken 1
branch  3 taken 0
        1:   18-block  2
        1:   18-block  3
    $$$$$:   18-block  4
    $$$$$:   18-block  5
    $$$$$:   18-block  6
    $$$$$:   18-block  7
    $$$$$:   18-block  8
    $$$$$:   18-block  9
    $$$$$:   18-block 10
    $$$$$:   18-block 11
    $$$$$:   18-block 12
    $$$$$:   18-block 13
        1:   19:                {31117, 2020,   1,  0,  3,  1,  58, 1,  3,  22000,  1},
        1:   19-block  0
branch  0 taken 1
branch  1 taken 0
        1:   20:                {31117, 2020,   2,  0,  3,  2,  54, 1,  1,  -1,     1},
        1:   20-block  0
branch  0 taken 1
branch  1 taken 0
        1:   21:                {31117, 2020,   3,  0,  3,  2,  46, 1,  3,  17000,  1},
        1:   21-block  0
branch  0 taken 1
branch  1 taken 0
        1:   22:                {31117, 2020,   4,  0,  3,  1,  20, 1,  3,  5000,   1},
        1:   22-block  0
branch  0 taken 1
branch  1 taken 0
        1:   23:                {31117, 2020,   6,  0,  3,  1,  7,  0,  0,  0,      10},
        1:   23-block  0
branch  0 taken 1
branch  1 taken 0
        1:   24:                {31117, 2020,   5,  0,  3,  2,  15, 0,  0,  5000,   10},
        1:   24-block  0
branch  0 taken 1
branch  1 taken 0
        1:   25:                {31117, 2020,   8,  0,  3,  2,  11, 0,  0,  0,      10},
        1:   25-block  0
branch  0 taken 1
branch  1 taken 0
        1:   26:                {20957, 2020,   2,  1,  3,  2,  82, 0,  0,  25000,  10},
        1:   26-block  0
branch  0 taken 1
branch  1 taken 0
        1:   27:                {31117, 2020,   10, 0,  3,  1,  28, 1,  3,  5000,   1},
        1:   27-block  0
branch  0 taken 1
branch  1 taken 0
        1:   28:                {31117, 2020,   9,  0,  3,  1,  50, 0,  2,  0,      10},
        1:   28-block  0
branch  0 taken 1
branch  1 taken 0
        1:   29:                {22866, 2020,   1,  0,  3,  1,  31, 1,  3,  59000,  10},
        1:   29-block  0
branch  0 taken 1
branch  1 taken 0
        1:   30:                {22866, 2020,   2,  1,  3,  2,  28, 1,  3,  0,      6},
        1:   30-block  0
branch  0 taken 1
branch  1 taken 0
        1:   31:                {22114, 2020,   1,  0,  3,  1,  18, 0,  0,  20000,  10}};
        1:   31-block  0
branch  0 taken 1
branch  1 taken 0
        -:   32:
        1:   33:    eph_h th_esperado = {   {22866, 2020,   3,  317157, 627217, 2,  1, 1,  1,  2,  2,  2},
        1:   33-block  0
branch  0 taken 1
branch  1 taken 0
        1:   33-block  1
branch  2 taken 1
branch  3 taken 0
        1:   33-block  2
        1:   33-block  3
    $$$$$:   33-block  4
    $$$$$:   33-block  5
    $$$$$:   33-block  6
    $$$$$:   33-block  7
    $$$$$:   33-block  8
    $$$$$:   33-block  9
    $$$$$:   33-block 10
    $$$$$:   33-block 11
    $$$$$:   33-block 12
    $$$$$:   33-block 13
        1:   34:                            {20957, 2020,   3,  313965, 623297, 1,  40, 0,  1,  3,  1,  2},
        1:   34-block  0
branch  0 taken 1
branch  1 taken 0
        1:   35:                            {31117, 2020,   3,  332870, 642475, 3,  40, 0,  1,  6,  6,  2},
        1:   35-block  0
branch  0 taken 1
branch  1 taken 0
        1:   36:                            {22114, 2020,   3,  319611, 629088, 3,  41, 0,  1,  3,  1,  2}};
        1:   36-block  0
branch  0 taken 1
branch  1 taken 0
        -:   37:
        1:   38:    eph_i ti_esperado = { {22866, 2020,   1,  0,  3,  1,  31, 1,  3,  59000,  10},
        1:   38-block  0
branch  0 taken 1
branch  1 taken 0
        1:   38-block  1
branch  2 taken 1
branch  3 taken 0
        1:   38-block  2
        1:   38-block  3
    $$$$$:   38-block  4
    $$$$$:   38-block  5
    $$$$$:   38-block  6
    $$$$$:   38-block  7
    $$$$$:   38-block  8
    $$$$$:   38-block  9
    $$$$$:   38-block 10
    $$$$$:   38-block 11
    $$$$$:   38-block 12
    $$$$$:   38-block 13
        1:   39:                          {22866, 2020,   2,  1,  3,  2,  28, 1,  3,  0,      6},
        1:   39-block  0
branch  0 taken 1
branch  1 taken 0
        1:   40:                          {20957, 2020,   1,  1,  3,  1,  88, 0,  0,  90000,  10},
        1:   40-block  0
branch  0 taken 1
branch  1 taken 0
        1:   41:                          {20957, 2020,   2,  1,  3,  2,  82, 0,  0,  25000,  10},
        1:   41-block  0
branch  0 taken 1
branch  1 taken 0
        1:   42:                          {31117, 2020,   1,  0,  3,  1,  58, 1,  3,  22000,  1},
        1:   42-block  0
branch  0 taken 1
branch  1 taken 0
        1:   43:                          {31117, 2020,   2,  0,  3,  2,  54, 1,  1,  -1,     1},
        1:   43-block  0
branch  0 taken 1
branch  1 taken 0
        1:   44:                          {31117, 2020,   3,  0,  3,  2,  46, 1,  3,  17000,  1},
        1:   44-block  0
branch  0 taken 1
branch  1 taken 0
        1:   45:                          {31117, 2020,   4,  0,  3,  1,  20, 1,  3,  5000,   1},
        1:   45-block  0
branch  0 taken 1
branch  1 taken 0
        1:   46:                          {31117, 2020,   5,  0,  3,  2,  15, 0,  0,  5000,   10},
        1:   46-block  0
branch  0 taken 1
branch  1 taken 0
        1:   47:                          {31117, 2020,   6,  0,  3,  1,  7,  0,  0,  0,      10},
        1:   47-block  0
branch  0 taken 1
branch  1 taken 0
        1:   48:                          {31117, 2020,   8,  0,  3,  2,  11, 0,  0,  0,      10},
        1:   48-block  0
branch  0 taken 1
branch  1 taken 0
        1:   49:                          {31117, 2020,   9,  0,  3,  1,  50, 0,  2,  0,      10},
        1:   49-block  0
branch  0 taken 1
branch  1 taken 0
        1:   50:                          {31117, 2020,   10, 0,  3,  1,  28, 1,  3,  5000,   1},
        1:   50-block  0
branch  0 taken 1
branch  1 taken 0
        1:   51:                          {22114, 2020,   1,  0,  3,  1,  18, 0,  0,  20000,  10}};
        1:   51-block  0
branch  0 taken 1
branch  1 taken 0
        -:   52:
        -:   53:
        1:   54:    ASSERT_TRUE(esEncuestaValida(th,ti));
        1:   54-block  0
branch  0 taken 1
branch  1 taken 0
        1:   54-block  1
branch  2 taken 1
branch  3 taken 0
        1:   54-block  2
branch  4 taken 1
branch  5 taken 0
        1:   54-block  3
branch  6 taken 1
branch  7 taken 0
        1:   54-block  4
branch  8 taken 1
branch  9 taken 0
        1:   54-block  5
branch 10 taken 0
branch 11 taken 1
        1:   54-block  6
    $$$$$:   54-block  7
    $$$$$:   54-block  8
    $$$$$:   54-block  9
branch 12 never executed
branch 13 never executed
    $$$$$:   54-block 10
branch 14 never executed
branch 15 never executed
    $$$$$:   54-block 11
branch 16 never executed
branch 17 never executed
    $$$$$:   54-block 12
branch 18 never executed
branch 19 never executed
    $$$$$:   54-block 13
    $$$$$:   54-block 14
    $$$$$:   54-block 15
    $$$$$:   54-block 16
        1:   54-block 17
        1:   54-block 18
branch 20 taken 1
branch 21 taken 0
    $$$$$:   54-block 19
        1:   55:    ASSERT_TRUE(esEncuestaValida(th_esperado,ti_esperado));
        1:   55-block  0
branch  0 taken 1
branch  1 taken 0
        1:   55-block  1
branch  2 taken 1
branch  3 taken 0
        1:   55-block  2
branch  4 taken 1
branch  5 taken 0
        1:   55-block  3
branch  6 taken 1
branch  7 taken 0
        1:   55-block  4
branch  8 taken 1
branch  9 taken 0
        1:   55-block  5
branch 10 taken 0
branch 11 taken 1
        1:   55-block  6
    $$$$$:   55-block  7
    $$$$$:   55-block  8
    $$$$$:   55-block  9
branch 12 never executed
branch 13 never executed
    $$$$$:   55-block 10
branch 14 never executed
branch 15 never executed
    $$$$$:   55-block 11
branch 16 never executed
branch 17 never executed
    $$$$$:   55-block 12
branch 18 never executed
branch 19 never executed
    $$$$$:   55-block 13
    $$$$$:   55-block 14
    $$$$$:   55-block 15
    $$$$$:   55-block 16
        1:   55-block 17
        1:   55-block 18
branch 20 taken 1
branch 21 taken 0
    $$$$$:   55-block 19
        -:   56:
        1:   57:    ordenarRegionYCODUSU(th, ti);
        1:   57-block  0
branch  0 taken 1
branch  1 taken 0
        1:   58:    EXPECT_EQ(th_esperado, th);
        1:   58-block  0
branch  0 taken 1
branch  1 taken 0
        1:   58-block  1
branch  2 taken 1
branch  3 taken 0
        1:   58-block  2
branch  4 taken 0
branch  5 taken 1
        1:   58-block  3
    $$$$$:   58-block  4
branch  6 never executed
branch  7 never executed
    $$$$$:   58-block  5
branch  8 never executed
branch  9 never executed
    $$$$$:   58-block  6
branch 10 never executed
branch 11 never executed
    $$$$$:   58-block  7
branch 12 never executed
branch 13 never executed
    $$$$$:   58-block  8
    $$$$$:   58-block  9
    $$$$$:   58-block 10
    $$$$$:   58-block 11
        1:   59:    EXPECT_EQ(ti_esperado, ti);
        1:   59-block  0
branch  0 taken 1
branch  1 taken 0
        1:   59-block  1
branch  2 taken 1
branch  3 taken 0
        1:   59-block  2
branch  4 taken 0
branch  5 taken 1
        1:   59-block  3
    $$$$$:   59-block  4
branch  6 never executed
branch  7 never executed
    $$$$$:   59-block  5
branch  8 never executed
branch  9 never executed
    $$$$$:   59-block  6
branch 10 never executed
branch 11 never executed
    $$$$$:   59-block  7
branch 12 never executed
branch 13 never executed
    $$$$$:   59-block  8
    $$$$$:   59-block  9
    $$$$$:   59-block 10
    $$$$$:   59-block 11
        -:   60:
        1:   61:}
    $$$$$:   61-block  0
    $$$$$:   61-block  1
    $$$$$:   61-block  2
    $$$$$:   61-block  3
    $$$$$:   61-block  4
    $$$$$:   61-block  5
    $$$$$:   61-block  6
    $$$$$:   61-block  7
    $$$$$:   61-block  8
    $$$$$:   61-block  9
    $$$$$:   61-block 10
    $$$$$:   61-block 11
    $$$$$:   61-block 12
        1:   61-block 13
        1:   61-block 14
branch  0 taken 0
branch  1 taken 1
        1:   61-block 15
    $$$$$:   61-block 16
    $$$$$:   61-block 17
    $$$$$:   61-block 18
    $$$$$:   61-block 19
        -:   62:
        -:   63:// Nuevos casos de test
        -:   64:
function _ZN46ordenarRegionYCODUSUTEST_todasLasRegiones_Test8TestBodyEv called 1 returned 100% blocks executed 47%
function _ZN46ordenarRegionYCODUSUTEST_todasLasRegiones_TestD1Ev called 1 returned 100% blocks executed 100%
function _ZN46ordenarRegionYCODUSUTEST_todasLasRegiones_TestD0Ev called 1 returned 100% blocks executed 100%
function _ZN46ordenarRegionYCODUSUTEST_todasLasRegiones_TestC1Ev called 1 returned 100% blocks executed 100%
function _ZN46ordenarRegionYCODUSUTEST_todasLasRegiones_TestC2Ev called 1 returned 100% blocks executed 100%
function _ZN46ordenarRegionYCODUSUTEST_todasLasRegiones_TestD2Ev called 1 returned 100% blocks executed 100%
        4:   65:TEST(ordenarRegionYCODUSUTEST, todasLasRegiones) {
        1:   65-block  0
branch  0 taken 1
branch  1 taken 0
        1:   65-block  1
branch  2 taken 1
branch  3 taken 0
        1:   65-block  2
branch  4 taken 1
branch  5 taken 0
        1:   65-block  3
branch  6 taken 1
branch  7 taken 0
        1:   65-block  4
branch  8 taken 1
branch  9 taken 0
        1:   65-block  5
    $$$$$:   65-block  6
    $$$$$:   65-block  7
    $$$$$:   65-block  8
    $$$$$:   65-block  9
    $$$$$:   65-block 10
    $$$$$:   65-block 11
        1:   65-block 12
        1:   65-block 13
        -:   66:
        1:   67:    eph_h th = {{22114, 2020,   3,  319611, 629088, 3,  41, 0,  1,  3,  1,  2},
        1:   67-block  0
branch  0 taken 1
branch  1 taken 0
        1:   67-block  1
branch  2 taken 1
branch  3 taken 0
        1:   67-block  2
        1:   67-block  3
    $$$$$:   67-block  4
    $$$$$:   67-block  5
    $$$$$:   67-block  6
    $$$$$:   67-block  7
    $$$$$:   67-block  8
    $$$$$:   67-block  9
    $$$$$:   67-block 10
    $$$$$:   67-block 11
    $$$$$:   67-block 12
    $$$$$:   67-block 13
    $$$$$:   67-block 14
        1:   68:                {31117, 2020,   3,  332870, 642475, 3,  40, 0,  1,  6,  6,  2},
        1:   68-block  0
branch  0 taken 1
branch  1 taken 0
        1:   69:                {22866, 2020,   3,  317157, 627217, 2,  1, 1,  1,  2,  2,  2},
        1:   69-block  0
branch  0 taken 1
branch  1 taken 0
        1:   70:                {20957, 2020,   3,  313965, 623297, 1,  40, 0,  1,  3,  1,  2},
        1:   70-block  0
branch  0 taken 1
branch  1 taken 0
        1:   71:                {123, 2020,   3,  332870, 642475, 3,  42, 0,  1,  6,  6,  2},
        1:   71-block  0
branch  0 taken 1
branch  1 taken 0
        1:   72:                {456, 2020,   3,  332870, 642475, 3,  43, 0,  1,  6,  6,  2},
        1:   72-block  0
branch  0 taken 1
branch  1 taken 0
        1:   73:                {789, 2020,   3,  332870, 642475, 3,  44, 0,  1,  6,  6,  2}};
        1:   73-block  0
branch  0 taken 1
branch  1 taken 0
        -:   74:
        1:   75:    eph_i ti = {{20957, 2020,   1,  1,  3,  1,  88, 0,  0,  90000,  10},
        1:   75-block  0
branch  0 taken 1
branch  1 taken 0
        1:   75-block  1
branch  2 taken 1
branch  3 taken 0
        1:   75-block  2
        1:   75-block  3
    $$$$$:   75-block  4
    $$$$$:   75-block  5
    $$$$$:   75-block  6
    $$$$$:   75-block  7
    $$$$$:   75-block  8
    $$$$$:   75-block  9
    $$$$$:   75-block 10
    $$$$$:   75-block 11
    $$$$$:   75-block 12
    $$$$$:   75-block 13
        1:   76:                {31117, 2020,   1,  0,  3,  1,  58, 1,  3,  22000,  1},
        1:   76-block  0
branch  0 taken 1
branch  1 taken 0
        1:   77:                {31117, 2020,   2,  0,  3,  2,  54, 1,  1,  -1,     1},
        1:   77-block  0
branch  0 taken 1
branch  1 taken 0
        1:   78:                {31117, 2020,   3,  0,  3,  2,  46, 1,  3,  17000,  1},
        1:   78-block  0
branch  0 taken 1
branch  1 taken 0
        1:   79:                {31117, 2020,   4,  0,  3,  1,  20, 1,  3,  5000,   1},
        1:   79-block  0
branch  0 taken 1
branch  1 taken 0
        1:   80:                {31117, 2020,   6,  0,  3,  1,  7,  0,  0,  0,      10},
        1:   80-block  0
branch  0 taken 1
branch  1 taken 0
        1:   81:                {31117, 2020,   5,  0,  3,  2,  15, 0,  0,  5000,   10},
        1:   81-block  0
branch  0 taken 1
branch  1 taken 0
        1:   82:                {31117, 2020,   8,  0,  3,  2,  11, 0,  0,  0,      10},
        1:   82-block  0
branch  0 taken 1
branch  1 taken 0
        1:   83:                {20957, 2020,   2,  1,  3,  2,  82, 0,  0,  25000,  10},
        1:   83-block  0
branch  0 taken 1
branch  1 taken 0
        1:   84:                {31117, 2020,   10, 0,  3,  1,  28, 1,  3,  5000,   1},
        1:   84-block  0
branch  0 taken 1
branch  1 taken 0
        1:   85:                {31117, 2020,   9,  0,  3,  1,  50, 0,  2,  0,      10},
        1:   85-block  0
branch  0 taken 1
branch  1 taken 0
        1:   86:                {22866, 2020,   1,  0,  3,  1,  31, 1,  3,  59000,  10},
        1:   86-block  0
branch  0 taken 1
branch  1 taken 0
        1:   87:                {22866, 2020,   2,  1,  3,  2,  28, 1,  3,  0,      6},
        1:   87-block  0
branch  0 taken 1
branch  1 taken 0
        1:   88:                {22114, 2020,   1,  0,  3,  1,  18, 0,  0,  20000,  10},
        1:   88-block  0
branch  0 taken 1
branch  1 taken 0
        1:   89:                {123, 2020,   9,  0,  3,  1,  50, 0,  2,  0,      10},
        1:   89-block  0
branch  0 taken 1
branch  1 taken 0
        1:   90:                {456, 2020,   1,  0,  3,  1,  31, 1,  3,  59000,  10},
        1:   90-block  0
branch  0 taken 1
branch  1 taken 0
        1:   91:                {789, 2020,   2,  1,  3,  2,  28, 1,  3,  0,      6}};
        1:   91-block  0
branch  0 taken 1
branch  1 taken 0
        -:   92:
        1:   93:    eph_h th_esperado = {   {22866, 2020,   3,  317157, 627217, 2,  1, 1,  1,  2,  2,  2},
        1:   93-block  0
branch  0 taken 1
branch  1 taken 0
        1:   93-block  1
branch  2 taken 1
branch  3 taken 0
        1:   93-block  2
        1:   93-block  3
    $$$$$:   93-block  4
    $$$$$:   93-block  5
    $$$$$:   93-block  6
    $$$$$:   93-block  7
    $$$$$:   93-block  8
    $$$$$:   93-block  9
    $$$$$:   93-block 10
    $$$$$:   93-block 11
    $$$$$:   93-block 12
    $$$$$:   93-block 13
        1:   94:                            {20957, 2020,   3,  313965, 623297, 1,  40, 0,  1,  3,  1,  2},
        1:   94-block  0
branch  0 taken 1
branch  1 taken 0
        1:   95:                            {31117, 2020,   3,  332870, 642475, 3,  40, 0,  1,  6,  6,  2},
        1:   95-block  0
branch  0 taken 1
branch  1 taken 0
        1:   96:                            {22114, 2020,   3,  319611, 629088, 3,  41, 0,  1,  3,  1,  2},
        1:   96-block  0
branch  0 taken 1
branch  1 taken 0
        1:   97:                            {123, 2020,   3,  332870, 642475, 3,  42, 0,  1,  6,  6,  2},
        1:   97-block  0
branch  0 taken 1
branch  1 taken 0
        1:   98:                            {456, 2020,   3,  332870, 642475, 3,  43, 0,  1,  6,  6,  2},
        1:   98-block  0
branch  0 taken 1
branch  1 taken 0
        1:   99:                            {789, 2020,   3,  332870, 642475, 3,  44, 0,  1,  6,  6,  2}};
        1:   99-block  0
branch  0 taken 1
branch  1 taken 0
        -:  100:
        1:  101:    eph_i ti_esperado = { {22866, 2020,   1,  0,  3,  1,  31, 1,  3,  59000,  10},
        1:  101-block  0
branch  0 taken 1
branch  1 taken 0
        1:  101-block  1
branch  2 taken 1
branch  3 taken 0
        1:  101-block  2
        1:  101-block  3
    $$$$$:  101-block  4
    $$$$$:  101-block  5
    $$$$$:  101-block  6
    $$$$$:  101-block  7
    $$$$$:  101-block  8
    $$$$$:  101-block  9
    $$$$$:  101-block 10
    $$$$$:  101-block 11
    $$$$$:  101-block 12
    $$$$$:  101-block 13
        1:  102:                          {22866, 2020,   2,  1,  3,  2,  28, 1,  3,  0,      6},
        1:  102-block  0
branch  0 taken 1
branch  1 taken 0
        1:  103:                          {20957, 2020,   1,  1,  3,  1,  88, 0,  0,  90000,  10},
        1:  103-block  0
branch  0 taken 1
branch  1 taken 0
        1:  104:                          {20957, 2020,   2,  1,  3,  2,  82, 0,  0,  25000,  10},
        1:  104-block  0
branch  0 taken 1
branch  1 taken 0
        1:  105:                          {31117, 2020,   1,  0,  3,  1,  58, 1,  3,  22000,  1},
        1:  105-block  0
branch  0 taken 1
branch  1 taken 0
        1:  106:                          {31117, 2020,   2,  0,  3,  2,  54, 1,  1,  -1,     1},
        1:  106-block  0
branch  0 taken 1
branch  1 taken 0
        1:  107:                          {31117, 2020,   3,  0,  3,  2,  46, 1,  3,  17000,  1},
        1:  107-block  0
branch  0 taken 1
branch  1 taken 0
        1:  108:                          {31117, 2020,   4,  0,  3,  1,  20, 1,  3,  5000,   1},
        1:  108-block  0
branch  0 taken 1
branch  1 taken 0
        1:  109:                          {31117, 2020,   5,  0,  3,  2,  15, 0,  0,  5000,   10},
        1:  109-block  0
branch  0 taken 1
branch  1 taken 0
        1:  110:                          {31117, 2020,   6,  0,  3,  1,  7,  0,  0,  0,      10},
        1:  110-block  0
branch  0 taken 1
branch  1 taken 0
        1:  111:                          {31117, 2020,   8,  0,  3,  2,  11, 0,  0,  0,      10},
        1:  111-block  0
branch  0 taken 1
branch  1 taken 0
        1:  112:                          {31117, 2020,   9,  0,  3,  1,  50, 0,  2,  0,      10},
        1:  112-block  0
branch  0 taken 1
branch  1 taken 0
        1:  113:                          {31117, 2020,   10, 0,  3,  1,  28, 1,  3,  5000,   1},
        1:  113-block  0
branch  0 taken 1
branch  1 taken 0
        1:  114:                          {22114, 2020,   1,  0,  3,  1,  18, 0,  0,  20000,  10},
        1:  114-block  0
branch  0 taken 1
branch  1 taken 0
        1:  115:                          {123, 2020,   9,  0,  3,  1,  50, 0,  2,  0,      10},
        1:  115-block  0
branch  0 taken 1
branch  1 taken 0
        1:  116:                          {456, 2020,   1,  0,  3,  1,  31, 1,  3,  59000,  10},
        1:  116-block  0
branch  0 taken 1
branch  1 taken 0
        1:  117:                          {789, 2020,   2,  1,  3,  2,  28, 1,  3,  0,      6}};
        1:  117-block  0
branch  0 taken 1
branch  1 taken 0
        -:  118:
        -:  119:
        1:  120:    ASSERT_TRUE(esEncuestaValida(th,ti));
        1:  120-block  0
branch  0 taken 1
branch  1 taken 0
        1:  120-block  1
branch  2 taken 1
branch  3 taken 0
        1:  120-block  2
branch  4 taken 1
branch  5 taken 0
        1:  120-block  3
branch  6 taken 1
branch  7 taken 0
        1:  120-block  4
branch  8 taken 1
branch  9 taken 0
        1:  120-block  5
branch 10 taken 0
branch 11 taken 1
        1:  120-block  6
    $$$$$:  120-block  7
    $$$$$:  120-block  8
    $$$$$:  120-block  9
branch 12 never executed
branch 13 never executed
    $$$$$:  120-block 10
branch 14 never executed
branch 15 never executed
    $$$$$:  120-block 11
branch 16 never executed
branch 17 never executed
    $$$$$:  120-block 12
branch 18 never executed
branch 19 never executed
    $$$$$:  120-block 13
    $$$$$:  120-block 14
    $$$$$:  120-block 15
    $$$$$:  120-block 16
        1:  120-block 17
        1:  120-block 18
branch 20 taken 1
branch 21 taken 0
    $$$$$:  120-block 19
        1:  121:    ASSERT_TRUE(esEncuestaValida(th_esperado,ti_esperado));
        1:  121-block  0
branch  0 taken 1
branch  1 taken 0
        1:  121-block  1
branch  2 taken 1
branch  3 taken 0
        1:  121-block  2
branch  4 taken 1
branch  5 taken 0
        1:  121-block  3
branch  6 taken 1
branch  7 taken 0
        1:  121-block  4
branch  8 taken 1
branch  9 taken 0
        1:  121-block  5
branch 10 taken 0
branch 11 taken 1
        1:  121-block  6
    $$$$$:  121-block  7
    $$$$$:  121-block  8
    $$$$$:  121-block  9
branch 12 never executed
branch 13 never executed
    $$$$$:  121-block 10
branch 14 never executed
branch 15 never executed
    $$$$$:  121-block 11
branch 16 never executed
branch 17 never executed
    $$$$$:  121-block 12
branch 18 never executed
branch 19 never executed
    $$$$$:  121-block 13
    $$$$$:  121-block 14
    $$$$$:  121-block 15
    $$$$$:  121-block 16
        1:  121-block 17
        1:  121-block 18
branch 20 taken 1
branch 21 taken 0
    $$$$$:  121-block 19
        -:  122:
        1:  123:    ordenarRegionYCODUSU(th, ti);
        1:  123-block  0
branch  0 taken 1
branch  1 taken 0
        1:  124:    EXPECT_EQ(th_esperado, th);
        1:  124-block  0
branch  0 taken 1
branch  1 taken 0
        1:  124-block  1
branch  2 taken 1
branch  3 taken 0
        1:  124-block  2
branch  4 taken 0
branch  5 taken 1
        1:  124-block  3
    $$$$$:  124-block  4
branch  6 never executed
branch  7 never executed
    $$$$$:  124-block  5
branch  8 never executed
branch  9 never executed
    $$$$$:  124-block  6
branch 10 never executed
branch 11 never executed
    $$$$$:  124-block  7
branch 12 never executed
branch 13 never executed
    $$$$$:  124-block  8
    $$$$$:  124-block  9
    $$$$$:  124-block 10
    $$$$$:  124-block 11
        1:  125:    EXPECT_EQ(ti_esperado, ti);
        1:  125-block  0
branch  0 taken 1
branch  1 taken 0
        1:  125-block  1
branch  2 taken 1
branch  3 taken 0
        1:  125-block  2
branch  4 taken 0
branch  5 taken 1
        1:  125-block  3
    $$$$$:  125-block  4
branch  6 never executed
branch  7 never executed
    $$$$$:  125-block  5
branch  8 never executed
branch  9 never executed
    $$$$$:  125-block  6
branch 10 never executed
branch 11 never executed
    $$$$$:  125-block  7
branch 12 never executed
branch 13 never executed
    $$$$$:  125-block  8
    $$$$$:  125-block  9
    $$$$$:  125-block 10
    $$$$$:  125-block 11
        -:  126:
        1:  127:}
    $$$$$:  127-block  0
    $$$$$:  127-block  1
    $$$$$:  127-block  2
    $$$$$:  127-block  3
    $$$$$:  127-block  4
    $$$$$:  127-block  5
    $$$$$:  127-block  6
    $$$$$:  127-block  7
    $$$$$:  127-block  8
    $$$$$:  127-block  9
    $$$$$:  127-block 10
    $$$$$:  127-block 11
    $$$$$:  127-block 12
        1:  127-block 13
        1:  127-block 14
branch  0 taken 0
branch  1 taken 1
        1:  127-block 15
    $$$$$:  127-block 16
    $$$$$:  127-block 17
    $$$$$:  127-block 18
    $$$$$:  127-block 19
        -:  128:
function _ZN47ordenarRegionYCODUSUTEST_tablasYaOrdenadas_Test8TestBodyEv called 1 returned 100% blocks executed 44%
function _ZN47ordenarRegionYCODUSUTEST_tablasYaOrdenadas_TestD1Ev called 1 returned 100% blocks executed 100%
function _ZN47ordenarRegionYCODUSUTEST_tablasYaOrdenadas_TestD0Ev called 1 returned 100% blocks executed 100%
function _ZN47ordenarRegionYCODUSUTEST_tablasYaOrdenadas_TestC1Ev called 1 returned 100% blocks executed 100%
function _ZN47ordenarRegionYCODUSUTEST_tablasYaOrdenadas_TestC2Ev called 1 returned 100% blocks executed 100%
function _ZN47ordenarRegionYCODUSUTEST_tablasYaOrdenadas_TestD2Ev called 1 returned 100% blocks executed 100%
        4:  129:TEST(ordenarRegionYCODUSUTEST, tablasYaOrdenadas) {
        1:  129-block  0
branch  0 taken 1
branch  1 taken 0
        1:  129-block  1
branch  2 taken 1
branch  3 taken 0
        1:  129-block  2
branch  4 taken 1
branch  5 taken 0
        1:  129-block  3
branch  6 taken 1
branch  7 taken 0
        1:  129-block  4
branch  8 taken 1
branch  9 taken 0
        1:  129-block  5
    $$$$$:  129-block  6
    $$$$$:  129-block  7
    $$$$$:  129-block  8
    $$$$$:  129-block  9
    $$$$$:  129-block 10
    $$$$$:  129-block 11
        1:  129-block 12
        1:  129-block 13
        -:  130:
        1:  131:    eph_h th = {   {22866, 2020,   3,  317157, 627217, 2,  1, 1,  1,  2,  2,  2},
        1:  131-block  0
branch  0 taken 1
branch  1 taken 0
        1:  131-block  1
branch  2 taken 1
branch  3 taken 0
        1:  131-block  2
        1:  131-block  3
    $$$$$:  131-block  4
    $$$$$:  131-block  5
    $$$$$:  131-block  6
    $$$$$:  131-block  7
    $$$$$:  131-block  8
    $$$$$:  131-block  9
    $$$$$:  131-block 10
    $$$$$:  131-block 11
    $$$$$:  131-block 12
    $$$$$:  131-block 13
    $$$$$:  131-block 14
        1:  132:                   {20957, 2020,   3,  313965, 623297, 1,  40, 0,  1,  3,  1,  2},
        1:  132-block  0
branch  0 taken 1
branch  1 taken 0
        1:  133:                   {31117, 2020,   3,  332870, 642475, 3,  40, 0,  1,  6,  6,  2},
        1:  133-block  0
branch  0 taken 1
branch  1 taken 0
        1:  134:                   {22114, 2020,   3,  319611, 629088, 3,  41, 0,  1,  3,  1,  2}};
        1:  134-block  0
branch  0 taken 1
branch  1 taken 0
        -:  135:
        1:  136:    eph_i ti= { {22866, 2020,   1,  0,  3,  1,  31, 1,  3,  59000,  10},
        1:  136-block  0
branch  0 taken 1
branch  1 taken 0
        1:  136-block  1
branch  2 taken 1
branch  3 taken 0
        1:  136-block  2
        1:  136-block  3
    $$$$$:  136-block  4
    $$$$$:  136-block  5
    $$$$$:  136-block  6
    $$$$$:  136-block  7
    $$$$$:  136-block  8
    $$$$$:  136-block  9
    $$$$$:  136-block 10
    $$$$$:  136-block 11
    $$$$$:  136-block 12
    $$$$$:  136-block 13
        1:  137:                {22866, 2020,   2,  1,  3,  2,  28, 1,  3,  0,      6},
        1:  137-block  0
branch  0 taken 1
branch  1 taken 0
        1:  138:                {20957, 2020,   1,  1,  3,  1,  88, 0,  0,  90000,  10},
        1:  138-block  0
branch  0 taken 1
branch  1 taken 0
        1:  139:                {20957, 2020,   2,  1,  3,  2,  82, 0,  0,  25000,  10},
        1:  139-block  0
branch  0 taken 1
branch  1 taken 0
        1:  140:                {31117, 2020,   1,  0,  3,  1,  58, 1,  3,  22000,  1},
        1:  140-block  0
branch  0 taken 1
branch  1 taken 0
        1:  141:                {31117, 2020,   2,  0,  3,  2,  54, 1,  1,  -1,     1},
        1:  141-block  0
branch  0 taken 1
branch  1 taken 0
        1:  142:                {31117, 2020,   3,  0,  3,  2,  46, 1,  3,  17000,  1},
        1:  142-block  0
branch  0 taken 1
branch  1 taken 0
        1:  143:                {31117, 2020,   4,  0,  3,  1,  20, 1,  3,  5000,   1},
        1:  143-block  0
branch  0 taken 1
branch  1 taken 0
        1:  144:                {31117, 2020,   5,  0,  3,  2,  15, 0,  0,  5000,   10},
        1:  144-block  0
branch  0 taken 1
branch  1 taken 0
        1:  145:                {31117, 2020,   6,  0,  3,  1,  7,  0,  0,  0,      10},
        1:  145-block  0
branch  0 taken 1
branch  1 taken 0
        1:  146:                {31117, 2020,   8,  0,  3,  2,  11, 0,  0,  0,      10},
        1:  146-block  0
branch  0 taken 1
branch  1 taken 0
        1:  147:                {31117, 2020,   9,  0,  3,  1,  50, 0,  2,  0,      10},
        1:  147-block  0
branch  0 taken 1
branch  1 taken 0
        1:  148:                {31117, 2020,   10, 0,  3,  1,  28, 1,  3,  5000,   1},
        1:  148-block  0
branch  0 taken 1
branch  1 taken 0
        1:  149:                {22114, 2020,   1,  0,  3,  1,  18, 0,  0,  20000,  10}};
        1:  149-block  0
branch  0 taken 1
branch  1 taken 0
        -:  150:
        1:  151:    eph_h th_esperado = {   {22866, 2020,   3,  317157, 627217, 2,  1, 1,  1,  2,  2,  2},
        1:  151-block  0
branch  0 taken 1
branch  1 taken 0
        1:  151-block  1
branch  2 taken 1
branch  3 taken 0
        1:  151-block  2
        1:  151-block  3
    $$$$$:  151-block  4
    $$$$$:  151-block  5
    $$$$$:  151-block  6
    $$$$$:  151-block  7
    $$$$$:  151-block  8
    $$$$$:  151-block  9
    $$$$$:  151-block 10
    $$$$$:  151-block 11
    $$$$$:  151-block 12
    $$$$$:  151-block 13
        1:  152:                            {20957, 2020,   3,  313965, 623297, 1,  40, 0,  1,  3,  1,  2},
        1:  152-block  0
branch  0 taken 1
branch  1 taken 0
        1:  153:                            {31117, 2020,   3,  332870, 642475, 3,  40, 0,  1,  6,  6,  2},
        1:  153-block  0
branch  0 taken 1
branch  1 taken 0
        1:  154:                            {22114, 2020,   3,  319611, 629088, 3,  41, 0,  1,  3,  1,  2}};
        1:  154-block  0
branch  0 taken 1
branch  1 taken 0
        -:  155:
        1:  156:    eph_i ti_esperado = { {22866, 2020,   1,  0,  3,  1,  31, 1,  3,  59000,  10},
        1:  156-block  0
branch  0 taken 1
branch  1 taken 0
        1:  156-block  1
branch  2 taken 1
branch  3 taken 0
        1:  156-block  2
        1:  156-block  3
    $$$$$:  156-block  4
    $$$$$:  156-block  5
    $$$$$:  156-block  6
    $$$$$:  156-block  7
    $$$$$:  156-block  8
    $$$$$:  156-block  9
    $$$$$:  156-block 10
    $$$$$:  156-block 11
    $$$$$:  156-block 12
    $$$$$:  156-block 13
        1:  157:                          {22866, 2020,   2,  1,  3,  2,  28, 1,  3,  0,      6},
        1:  157-block  0
branch  0 taken 1
branch  1 taken 0
        1:  158:                          {20957, 2020,   1,  1,  3,  1,  88, 0,  0,  90000,  10},
        1:  158-block  0
branch  0 taken 1
branch  1 taken 0
        1:  159:                          {20957, 2020,   2,  1,  3,  2,  82, 0,  0,  25000,  10},
        1:  159-block  0
branch  0 taken 1
branch  1 taken 0
        1:  160:                          {31117, 2020,   1,  0,  3,  1,  58, 1,  3,  22000,  1},
        1:  160-block  0
branch  0 taken 1
branch  1 taken 0
        1:  161:                          {31117, 2020,   2,  0,  3,  2,  54, 1,  1,  -1,     1},
        1:  161-block  0
branch  0 taken 1
branch  1 taken 0
        1:  162:                          {31117, 2020,   3,  0,  3,  2,  46, 1,  3,  17000,  1},
        1:  162-block  0
branch  0 taken 1
branch  1 taken 0
        1:  163:                          {31117, 2020,   4,  0,  3,  1,  20, 1,  3,  5000,   1},
        1:  163-block  0
branch  0 taken 1
branch  1 taken 0
        1:  164:                          {31117, 2020,   5,  0,  3,  2,  15, 0,  0,  5000,   10},
        1:  164-block  0
branch  0 taken 1
branch  1 taken 0
        1:  165:                          {31117, 2020,   6,  0,  3,  1,  7,  0,  0,  0,      10},
        1:  165-block  0
branch  0 taken 1
branch  1 taken 0
        1:  166:                          {31117, 2020,   8,  0,  3,  2,  11, 0,  0,  0,      10},
        1:  166-block  0
branch  0 taken 1
branch  1 taken 0
        1:  167:                          {31117, 2020,   9,  0,  3,  1,  50, 0,  2,  0,      10},
        1:  167-block  0
branch  0 taken 1
branch  1 taken 0
        1:  168:                          {31117, 2020,   10, 0,  3,  1,  28, 1,  3,  5000,   1},
        1:  168-block  0
branch  0 taken 1
branch  1 taken 0
        1:  169:                          {22114, 2020,   1,  0,  3,  1,  18, 0,  0,  20000,  10}};
        1:  169-block  0
branch  0 taken 1
branch  1 taken 0
        -:  170:
        -:  171:
        1:  172:    ASSERT_TRUE(esEncuestaValida(th,ti));
        1:  172-block  0
branch  0 taken 1
branch  1 taken 0
        1:  172-block  1
branch  2 taken 1
branch  3 taken 0
        1:  172-block  2
branch  4 taken 1
branch  5 taken 0
        1:  172-block  3
branch  6 taken 1
branch  7 taken 0
        1:  172-block  4
branch  8 taken 1
branch  9 taken 0
        1:  172-block  5
branch 10 taken 0
branch 11 taken 1
        1:  172-block  6
    $$$$$:  172-block  7
    $$$$$:  172-block  8
    $$$$$:  172-block  9
branch 12 never executed
branch 13 never executed
    $$$$$:  172-block 10
branch 14 never executed
branch 15 never executed
    $$$$$:  172-block 11
branch 16 never executed
branch 17 never executed
    $$$$$:  172-block 12
branch 18 never executed
branch 19 never executed
    $$$$$:  172-block 13
    $$$$$:  172-block 14
    $$$$$:  172-block 15
    $$$$$:  172-block 16
        1:  172-block 17
        1:  172-block 18
branch 20 taken 1
branch 21 taken 0
    $$$$$:  172-block 19
        1:  173:    ASSERT_TRUE(esEncuestaValida(th_esperado,ti_esperado));
        1:  173-block  0
branch  0 taken 1
branch  1 taken 0
        1:  173-block  1
branch  2 taken 1
branch  3 taken 0
        1:  173-block  2
branch  4 taken 1
branch  5 taken 0
        1:  173-block  3
branch  6 taken 1
branch  7 taken 0
        1:  173-block  4
branch  8 taken 1
branch  9 taken 0
        1:  173-block  5
branch 10 taken 0
branch 11 taken 1
        1:  173-block  6
    $$$$$:  173-block  7
    $$$$$:  173-block  8
    $$$$$:  173-block  9
branch 12 never executed
branch 13 never executed
    $$$$$:  173-block 10
branch 14 never executed
branch 15 never executed
    $$$$$:  173-block 11
branch 16 never executed
branch 17 never executed
    $$$$$:  173-block 12
branch 18 never executed
branch 19 never executed
    $$$$$:  173-block 13
    $$$$$:  173-block 14
    $$$$$:  173-block 15
    $$$$$:  173-block 16
        1:  173-block 17
        1:  173-block 18
branch 20 taken 1
branch 21 taken 0
    $$$$$:  173-block 19
        -:  174:
        1:  175:    ordenarRegionYCODUSU(th, ti);
        1:  175-block  0
branch  0 taken 1
branch  1 taken 0
        1:  176:    EXPECT_EQ(th_esperado, th);
        1:  176-block  0
branch  0 taken 1
branch  1 taken 0
        1:  176-block  1
branch  2 taken 1
branch  3 taken 0
        1:  176-block  2
branch  4 taken 0
branch  5 taken 1
        1:  176-block  3
    $$$$$:  176-block  4
branch  6 never executed
branch  7 never executed
    $$$$$:  176-block  5
branch  8 never executed
branch  9 never executed
    $$$$$:  176-block  6
branch 10 never executed
branch 11 never executed
    $$$$$:  176-block  7
branch 12 never executed
branch 13 never executed
    $$$$$:  176-block  8
    $$$$$:  176-block  9
    $$$$$:  176-block 10
    $$$$$:  176-block 11
        1:  177:    EXPECT_EQ(ti_esperado, ti);
        1:  177-block  0
branch  0 taken 1
branch  1 taken 0
        1:  177-block  1
branch  2 taken 1
branch  3 taken 0
        1:  177-block  2
branch  4 taken 0
branch  5 taken 1
        1:  177-block  3
    $$$$$:  177-block  4
branch  6 never executed
branch  7 never executed
    $$$$$:  177-block  5
branch  8 never executed
branch  9 never executed
    $$$$$:  177-block  6
branch 10 never executed
branch 11 never executed
    $$$$$:  177-block  7
branch 12 never executed
branch 13 never executed
    $$$$$:  177-block  8
    $$$$$:  177-block  9
    $$$$$:  177-block 10
    $$$$$:  177-block 11
        -:  178:
        1:  179:}
    $$$$$:  179-block  0
    $$$$$:  179-block  1
    $$$$$:  179-block  2
    $$$$$:  179-block  3
    $$$$$:  179-block  4
    $$$$$:  179-block  5
    $$$$$:  179-block  6
    $$$$$:  179-block  7
    $$$$$:  179-block  8
    $$$$$:  179-block  9
    $$$$$:  179-block 10
    $$$$$:  179-block 11
    $$$$$:  179-block 12
        1:  179-block 13
        1:  179-block 14
branch  0 taken 0
branch  1 taken 1
        1:  179-block 15
    $$$$$:  179-block 16
    $$$$$:  179-block 17
    $$$$$:  179-block 18
    $$$$$:  179-block 19
        -:  180:
        -:  181:
        -:  182:
